Start testing: Sep 24 22:20 +08
----------------------------------------------------------
99/181 Testing: x86-64-v3.OrderMapTest.RandomOpsMatchModel<itch::simd::GroupSwar>
99/181 Test: x86-64-v3.OrderMapTest.RandomOpsMatchModel<itch::simd::GroupSwar>
Command: "/Users/zefiepie/Downloads/ITCH-feed-handler-main/build/itch_tests_avx2" "--gtest_filter=OrderMapTest/0.RandomOpsMatchModel" "--gtest_also_run_disabled_tests"
Directory: /Users/zefiepie/Downloads/ITCH-feed-handler-main/build
"x86-64-v3.OrderMapTest.RandomOpsMatchModel<itch::simd::GroupSwar>" start time: Sep 24 22:20 +08
Output:
----------------------------------------------------------
Running main() from /Users/zefiepie/Downloads/ITCH-feed-handler-main/build/_deps/googletest-src/googletest/src/gtest_main.cc
Note: Google Test filter = OrderMapTest/0.RandomOpsMatchModel
[==========] Running 1 test from 1 test suite.
[----------] Global test environment set-up.
[----------] 1 test from OrderMapTest/0, where TypeParam = itch::simd::GroupSwar
[ RUN      ] OrderMapTest/0.RandomOpsMatchModel
[       OK ] OrderMapTest/0.RandomOpsMatchModel (39 ms)
[----------] 1 test from OrderMapTest/0 (39 ms total)

[----------] Global test environment tear-down
[==========] 1 test from 1 test suite ran. (39 ms total)
[  PASSED  ] 1 test.
<end of output>
Test time =   0.07 sec
----------------------------------------------------------
Test Passed.
"x86-64-v3.OrderMapTest.RandomOpsMatchModel<itch::simd::GroupSwar>" end time: Sep 24 22:20 +08
"x86-64-v3.OrderMapTest.RandomOpsMatchModel<itch::simd::GroupSwar>" time elapsed: 00:00:00
----------------------------------------------------------

12/181 Testing: x86-64-v2.OrderMapTest.ChurnAtConstantSizeStaysBounded<itch::simd::GroupSwar>
12/181 Test: x86-64-v2.OrderMapTest.ChurnAtConstantSizeStaysBounded<itch::simd::GroupSwar>
Command: "/Users/zefiepie/Downloads/ITCH-feed-handler-main/build/itch_tests" "--gtest_filter=OrderMapTest/0.ChurnAtConstantSizeStaysBounded" "--gtest_also_run_disabled_tests"
Directory: /Users/zefiepie/Downloads/ITCH-feed-handler-main/build
"x86-64-v2.OrderMapTest.ChurnAtConstantSizeStaysBounded<itch::simd::GroupSwar>" start time: Sep 24 22:20 +08
Output:
----------------------------------------------------------
Running main() from /Users/zefiepie/Downloads/ITCH-feed-handler-main/build/_deps/googletest-src/googletest/src/gtest_main.cc
Note: Google Test filter = OrderMapTest/0.ChurnAtConstantSizeStaysBounded
[==========] Running 1 test from 1 test suite.
[----------] Global test environment set-up.
[----------] 1 test from OrderMapTest/0, where TypeParam = itch::simd::GroupSwar
[ RUN      ] OrderMapTest/0.ChurnAtConstantSizeStaysBounded
[       OK ] OrderMapTest/0.ChurnAtConstantSizeStaysBounded (51 ms)
[----------] 1 test from OrderMapTest/0 (51 ms total)

[----------] Global test environment tear-down
[==========] 1 test from 1 test suite ran. (52 ms total)
[  PASSED  ] 1 test.
<end of output>
Test time =   0.08 sec
----------------------------------------------------------
Test Passed.
"x86-64-v2.OrderMapTest.ChurnAtConstantSizeStaysBounded<itch::simd::GroupSwar>" end time: Sep 24 22:20 +08
"x86-64-v2.OrderMapTest.ChurnAtConstantSizeStaysBounded<itch::simd::GroupSwar>" time elapsed: 00:00:00
----------------------------------------------------------

105/181 Testing: x86-64-v3.OrderMapTest.ChurnAtConstantSizeStaysBounded<itch::simd::GroupSse2>
105/181 Test: x86-64-v3.OrderMapTest.ChurnAtConstantSizeStaysBounded<itch::simd::GroupSse2>
Command: "/Users/zefiepie/Downloads/ITCH-feed-handler-main/build/itch_tests_avx2" "--gtest_filter=OrderMapTest/1.ChurnAtConstantSizeStaysBounded" "--gtest_also_run_disabled_tests"
Directory: /Users/zefiepie/Downloads/ITCH-feed-handler-main/build
"x86-64-v3.OrderMapTest.ChurnAtConstantSizeStaysBounded<itch::simd::GroupSse2>" start time: Sep 24 22:20 +08
Output:
----------------------------------------------------------
Running main() from /Users/zefiepie/Downloads/ITCH-feed-handler-main/build/_deps/googletest-src/googletest/src/gtest_main.cc
Note: Google Test filter = OrderMapTest/1.ChurnAtConstantSizeStaysBounded
[==========] Running 1 test from 1 test suite.
[----------] Global test environment set-up.
[----------] 1 test from OrderMapTest/1, where TypeParam = itch::simd::GroupSse2
[ RUN      ] OrderMapTest/1.ChurnAtConstantSizeStaysBounded
[       OK ] OrderMapTest/1.ChurnAtConstantSizeStaysBounded (58 ms)
[----------] 1 test from OrderMapTest/1 (58 ms total)

[----------] Global test environment tear-down
[==========] 1 test from 1 test suite ran. (58 ms total)
[  PASSED  ] 1 test.
<end of output>
Test time =   0.09 sec
----------------------------------------------------------
Test Passed.
"x86-64-v3.OrderMapTest.ChurnAtConstantSizeStaysBounded<itch::simd::GroupSse2>" end time: Sep 24 22:20 +08
"x86-64-v3.OrderMapTest.ChurnAtConstantSizeStaysBounded<itch::simd::GroupSse2>" time elapsed: 00:00:00
----------------------------------------------------------

16/181 Testing: x86-64-v2.OrderMapTest.ChurnAtConstantSizeStaysBounded<itch::simd::GroupSse2>
16/181 Test: x86-64-v2.OrderMapTest.ChurnAtConstantSizeStaysBounded<itch::simd::GroupSse2>
Command: "/Users/zefiepie/Downloads/ITCH-feed-handler-main/build/itch_tests" "--gtest_filter=OrderMapTest/1.ChurnAtConstantSizeStaysBounded" "--gtest_also_run_disabled_tests"
Directory: /Users/zefiepie/Downloads/ITCH-feed-handler-main/build
"x86-64-v2.OrderMapTest.ChurnAtConstantSizeStaysBounded<itch::simd::GroupSse2>" start time: Sep 24 22:20 +08
Output:
----------------------------------------------------------
Running main() from /Users/zefiepie/Downloads/ITCH-feed-handler-main/build/_deps/googletest-src/googletest/src/gtest_main.cc
Note: Google Test filter = OrderMapTest/1.ChurnAtConstantSizeStaysBounded
[==========] Running 1 test from 1 test suite.
[----------] Global test environment set-up.
[----------] 1 test from OrderMapTest/1, where TypeParam = itch::simd::GroupSse2
[ RUN      ] OrderMapTest/1.ChurnAtConstantSizeStaysBounded
[       OK ] OrderMapTest/1.ChurnAtConstantSizeStaysBounded (58 ms)
[----------] 1 test from OrderMapTest/1 (58 ms total)

[----------] Global test environment tear-down
[==========] 1 test from 1 test suite ran. (58 ms total)
[  PASSED  ] 1 test.
<end of output>
Test time =   0.09 sec
----------------------------------------------------------
Test Passed.
"x86-64-v2.OrderMapTest.ChurnAtConstantSizeStaysBounded<itch::simd::GroupSse2>" end time: Sep 24 22:20 +08
"x86-64-v2.OrderMapTest.ChurnAtConstantSizeStaysBounded<itch::simd::GroupSse2>" time elapsed: 00:00:00
----------------------------------------------------------

101/181 Testing: x86-64-v3.OrderMapTest.ChurnAtConstantSizeStaysBounded<itch::simd::GroupSwar>
101/181 Test: x86-64-v3.OrderMapTest.ChurnAtConstantSizeStaysBounded<itch::simd::GroupSwar>
Command: "/Users/zefiepie/Downloads/ITCH-feed-handler-main/build/itch_tests_avx2" "--gtest_filter=OrderMapTest/0.ChurnAtConstantSizeStaysBounded" "--gtest_also_run_disabled_tests"
Directory: /Users/zefiepie/Downloads/ITCH-feed-handler-main/build
"x86-64-v3.OrderMapTest.ChurnAtConstantSizeStaysBounded<itch::simd::GroupSwar>" start time: Sep 24 22:20 +08
Output:
----------------------------------------------------------
Running main() from /Users/zefiepie/Downloads/ITCH-feed-handler-main/build/_deps/googletest-src/googletest/src/gtest_main.cc
Note: Google Test filter = OrderMapTest/0.ChurnAtConstantSizeStaysBounded
[==========] Running 1 test from 1 test suite.
[----------] Global test environment set-up.
[----------] 1 test from OrderMapTest/0, where TypeParam = itch::simd::GroupSwar
[ RUN      ] OrderMapTest/0.ChurnAtConstantSizeStaysBounded
[       OK ] OrderMapTest/0.ChurnAtConstantSizeStaysBounded (56 ms)
[----------] 1 test from OrderMapTest/0 (56 ms total)

[----------] Global test environment tear-down
[==========] 1 test from 1 test suite ran. (56 ms total)
[  PASSED  ] 1 test.
<end of output>
Test time =   0.09 sec
----------------------------------------------------------
Test Passed.
"x86-64-v3.OrderMapTest.ChurnAtConstantSizeStaysBounded<itch::simd::GroupSwar>" end time: Sep 24 22:20 +08
"x86-64-v3.OrderMapTest.ChurnAtConstantSizeStaysBounded<itch::simd::GroupSwar>" time elapsed: 00:00:00
----------------------------------------------------------

109/181 Testing: x86-64-v3.OrderMapTest.ChurnAtConstantSizeStaysBounded<itch::simd::GroupAvx2>
109/181 Test: x86-64-v3.OrderMapTest.ChurnAtConstantSizeStaysBounded<itch::simd::GroupAvx2>
Command: "/Users/zefiepie/Downloads/ITCH-feed-handler-main/build/itch_tests_avx2" "--gtest_filter=OrderMapTest/2.ChurnAtConstantSizeStaysBounded" "--gtest_also_run_disabled_tests"
Directory: /Users/zefiepie/Downloads/ITCH-feed-handler-main/build
"x86-64-v3.OrderMapTest.ChurnAtConstantSizeStaysBounded<itch::simd::GroupAvx2>" start time: Sep 24 22:20 +08
Output:
----------------------------------------------------------
Running main() from /Users/zefiepie/Downloads/ITCH-feed-handler-main/build/_deps/googletest-src/googletest/src/gtest_main.cc
Note: Google Test filter = OrderMapTest/2.ChurnAtConstantSizeStaysBounded
[==========] Running 1 test from 1 test suite.
[----------] Global test environment set-up.
[----------] 1 test from OrderMapTest/2, where TypeParam = itch::simd::GroupAvx2
[ RUN      ] OrderMapTest/2.ChurnAtConstantSizeStaysBounded
[       OK ] OrderMapTest/2.ChurnAtConstantSizeStaysBounded (61 ms)
[----------] 1 test from OrderMapTest/2 (61 ms total)

[----------] Global test environment tear-down
[==========] 1 test from 1 test suite ran. (61 ms total)
[  PASSED  ] 1 test.
<end of output>
Test time =   0.09 sec
----------------------------------------------------------
Test Passed.
"x86-64-v3.OrderMapTest.ChurnAtConstantSizeStaysBounded<itch::simd::GroupAvx2>" end time: Sep 24 22:20 +08
"x86-64-v3.OrderMapTest.ChurnAtConstantSizeStaysBounded<itch::simd::GroupAvx2>" time elapsed: 00:00:00
----------------------------------------------------------

26/181 Testing: x86-64-v2.BookPipeline.SyntheticSessionMatchesReferenceEngine
26/181 Test: x86-64-v2.BookPipeline.SyntheticSessionMatchesReferenceEngine
Command: "/Users/zefiepie/Downloads/ITCH-feed-handler-main/build/itch_tests" "--gtest_filter=BookPipeline.SyntheticSessionMatchesReferenceEngine" "--gtest_also_run_disabled_tests"
Directory: /Users/zefiepie/Downloads/ITCH-feed-handler-main/build
"x86-64-v2.BookPipeline.SyntheticSessionMatchesReferenceEngine" start time: Sep 24 22:20 +08
Output:
----------------------------------------------------------
Running main() from /Users/zefiepie/Downloads/ITCH-feed-handler-main/build/_deps/googletest-src/googletest/src/gtest_main.cc
Note: Google Test filter = BookPipeline.SyntheticSessionMatchesReferenceEngine
[==========] Running 1 test from 1 test suite.
[----------] Global test environment set-up.
[----------] 1 test from BookPipeline
[ RUN      ] BookPipeline.SyntheticSessionMatchesReferenceEngine
[       OK ] BookPipeline.SyntheticSessionMatchesReferenceEngine (69 ms)
[----------] 1 test from BookPipeline (69 ms total)

[----------] Global test environment tear-down
[==========] 1 test from 1 test suite ran. (69 ms total)
[  PASSED  ] 1 test.
<end of output>
Test time =   0.10 sec
----------------------------------------------------------
Test Passed.
"x86-64-v2.BookPipeline.SyntheticSessionMatchesReferenceEngine" end time: Sep 24 22:20 +08
"x86-64-v2.BookPipeline.SyntheticSessionMatchesReferenceEngine" time elapsed: 00:00:00
----------------------------------------------------------

119/181 Testing: x86-64-v3.BookPipeline.SyntheticSessionMatchesReferenceEngine
119/181 Test: x86-64-v3.BookPipeline.SyntheticSessionMatchesReferenceEngine
Command: "/Users/zefiepie/Downloads/ITCH-feed-handler-main/build/itch_tests_avx2" "--gtest_filter=BookPipeline.SyntheticSessionMatchesReferenceEngine" "--gtest_also_run_disabled_tests"
Directory: /Users/zefiepie/Downloads/ITCH-feed-handler-main/build
"x86-64-v3.BookPipeline.SyntheticSessionMatchesReferenceEngine" start time: Sep 24 22:20 +08
Output:
----------------------------------------------------------
Running main() from /Users/zefiepie/Downloads/ITCH-feed-handler-main/build/_deps/googletest-src/googletest/src/gtest_main.cc
Note: Google Test filter = BookPipeline.SyntheticSessionMatchesReferenceEngine
[==========] Running 1 test from 1 test suite.
[----------] Global test environment set-up.
[----------] 1 test from BookPipeline
[ RUN      ] BookPipeline.SyntheticSessionMatchesReferenceEngine
[       OK ] BookPipeline.SyntheticSessionMatchesReferenceEngine (72 ms)
[----------] 1 test from BookPipeline (73 ms total)

[----------] Global test environment tear-down
[==========] 1 test from 1 test suite ran. (73 ms total)
[  PASSED  ] 1 test.
<end of output>
Test time =   0.10 sec
----------------------------------------------------------
Test Passed.
"x86-64-v3.BookPipeline.SyntheticSessionMatchesReferenceEngine" end time: Sep 24 22:20 +08
"x86-64-v3.BookPipeline.SyntheticSessionMatchesReferenceEngine" time elapsed: 00:00:00
----------------------------------------------------------

100/181 Testing: x86-64-v3.OrderMapTest.GrowsFromTinyCapacity<itch::simd::GroupSwar>
100/181 Test: x86-64-v3.OrderMapTest.GrowsFromTinyCapacity<itch::simd::GroupSwar>
Command: "/Users/zefiepie/Downloads/ITCH-feed-handler-main/build/itch_tests_avx2" "--gtest_filter=OrderMapTest/0.GrowsFromTinyCapacity" "--gtest_also_run_disabled_tests"
Directory: /Users/zefiepie/Downloads/ITCH-feed-handler-main/build
"x86-64-v3.OrderMapTest.GrowsFromTinyCapacity<itch::simd::GroupSwar>" start time: Sep 24 22:20 +08
Output:
----------------------------------------------------------
Running main() from /Users/zefiepie/Downloads/ITCH-feed-handler-main/build/_deps/googletest-src/googletest/src/gtest_main.cc
Note: Google Test filter = OrderMapTest/0.GrowsFromTinyCapacity
[==========] Running 1 test from 1 test suite.
[----------] Global test environment set-up.
[----------] 1 test from OrderMapTest/0, where TypeParam = itch::simd::GroupSwar
[ RUN      ] OrderMapTest/0.GrowsFromTinyCapacity
[       OK ] OrderMapTest/0.GrowsFromTinyCapacity (40 ms)
[----------] 1 test from OrderMapTest/0 (40 ms total)

[----------] Global test environment tear-down
[==========] 1 test from 1 test suite ran. (40 ms total)
[  PASSED  ] 1 test.
<end of output>
Test time =   0.07 sec
----------------------------------------------------------
Test Passed.
"x86-64-v3.OrderMapTest.GrowsFromTinyCapacity<itch::simd::GroupSwar>" end time: Sep 24 22:20 +08
"x86-64-v3.OrderMapTest.GrowsFromTinyCapacity<itch::simd::GroupSwar>" time elapsed: 00:00:00
----------------------------------------------------------

14/181 Testing: x86-64-v2.OrderMapTest.RandomOpsMatchModel<itch::simd::GroupSse2>
14/181 Test: x86-64-v2.OrderMapTest.RandomOpsMatchModel<itch::simd::GroupSse2>
Command: "/Users/zefiepie/Downloads/ITCH-feed-handler-main/build/itch_tests" "--gtest_filter=OrderMapTest/1.RandomOpsMatchModel" "--gtest_also_run_disabled_tests"
Directory: /Users/zefiepie/Downloads/ITCH-feed-handler-main/build
"x86-64-v2.OrderMapTest.RandomOpsMatchModel<itch::simd::GroupSse2>" start time: Sep 24 22:20 +08
Output:
----------------------------------------------------------
Running main() from /Users/zefiepie/Downloads/ITCH-feed-handler-main/build/_deps/googletest-src/googletest/src/gtest_main.cc
Note: Google Test filter = OrderMapTest/1.RandomOpsMatchModel
[==========] Running 1 test from 1 test suite.
[----------] Global test environment set-up.
[----------] 1 test from OrderMapTest/1, where TypeParam = itch::simd::GroupSse2
[ RUN      ] OrderMapTest/1.RandomOpsMatchModel
[       OK ] OrderMapTest/1.RandomOpsMatchModel (40 ms)
[----------] 1 test from OrderMapTest/1 (40 ms total)

[----------] Global test environment tear-down
[==========] 1 test from 1 test suite ran. (40 ms total)
[  PASSED  ] 1 test.
<end of output>
Test time =   0.07 sec
----------------------------------------------------------
Test Passed.
"x86-64-v2.OrderMapTest.RandomOpsMatchModel<itch::simd::GroupSse2>" end time: Sep 24 22:20 +08
"x86-64-v2.OrderMapTest.RandomOpsMatchModel<itch::simd::GroupSse2>" time elapsed: 00:00:00
----------------------------------------------------------

11/181 Testing: x86-64-v2.OrderMapTest.GrowsFromTinyCapacity<itch::simd::GroupSwar>
11/181 Test: x86-64-v2.OrderMapTest.GrowsFromTinyCapacity<itch::simd::GroupSwar>
Command: "/Users/zefiepie/Downloads/ITCH-feed-handler-main/build/itch_tests" "--gtest_filter=OrderMapTest/0.GrowsFromTinyCapacity" "--gtest_also_run_disabled_tests"
Directory: /Users/zefiepie/Downloads/ITCH-feed-handler-main/build
"x86-64-v2.OrderMapTest.GrowsFromTinyCapacity<itch::simd::GroupSwar>" start time: Sep 24 22:20 +08
Output:
----------------------------------------------------------
Running main() from /Users/zefiepie/Downloads/ITCH-feed-handler-main/build/_deps/googletest-src/googletest/src/gtest_main.cc
Note: Google Test filter = OrderMapTest/0.GrowsFromTinyCapacity
[==========] Running 1 test from 1 test suite.
[----------] Global test environment set-up.
[----------] 1 test from OrderMapTest/0, where TypeParam = itch::simd::GroupSwar
[ RUN      ] OrderMapTest/0.GrowsFromTinyCapacity
[       OK ] OrderMapTest/0.GrowsFromTinyCapacity (45 ms)
[----------] 1 test from OrderMapTest/0 (45 ms total)

[----------] Global test environment tear-down
[==========] 1 test from 1 test suite ran. (45 ms total)
[  PASSED  ] 1 test.
<end of output>
Test time =   0.07 sec
----------------------------------------------------------
Test Passed.
"x86-64-v2.OrderMapTest.GrowsFromTinyCapacity<itch::simd::GroupSwar>" end time: Sep 24 22:20 +08
"x86-64-v2.OrderMapTest.GrowsFromTinyCapacity<itch::simd::GroupSwar>" time elapsed: 00:00:00
----------------------------------------------------------

108/181 Testing: x86-64-v3.OrderMapTest.GrowsFromTinyCapacity<itch::simd::GroupAvx2>
108/181 Test: x86-64-v3.OrderMapTest.GrowsFromTinyCapacity<itch::simd::GroupAvx2>
Command: "/Users/zefiepie/Downloads/ITCH-feed-handler-main/build/itch_tests_avx2" "--gtest_filter=OrderMapTest/2.GrowsFromTinyCapacity" "--gtest_also_run_disabled_tests"
Directory: /Users/zefiepie/Downloads/ITCH-feed-handler-main/build
"x86-64-v3.OrderMapTest.GrowsFromTinyCapacity<itch::simd::GroupAvx2>" start time: Sep 24 22:20 +08
Output:
----------------------------------------------------------
Running main() from /Users/zefiepie/Downloads/ITCH-feed-handler-main/build/_deps/googletest-src/googletest/src/gtest_main.cc
Note: Google Test filter = OrderMapTest/2.GrowsFromTinyCapacity
[==========] Running 1 test from 1 test suite.
[----------] Global test environment set-up.
[----------] 1 test from OrderMapTest/2, where TypeParam = itch::simd::GroupAvx2
[ RUN      ] OrderMapTest/2.GrowsFromTinyCapacity
[       OK ] OrderMapTest/2.GrowsFromTinyCapacity (50 ms)
[----------] 1 test from OrderMapTest/2 (50 ms total)

[----------] Global test environment tear-down
[==========] 1 test from 1 test suite ran. (50 ms total)
[  PASSED  ] 1 test.
<end of output>
Test time =   0.08 sec
----------------------------------------------------------
Test Passed.
"x86-64-v3.OrderMapTest.GrowsFromTinyCapacity<itch::simd::GroupAvx2>" end time: Sep 24 22:20 +08
"x86-64-v3.OrderMapTest.GrowsFromTinyCapacity<itch::simd::GroupAvx2>" time elapsed: 00:00:00
----------------------------------------------------------

104/181 Testing: x86-64-v3.OrderMapTest.GrowsFromTinyCapacity<itch::simd::GroupSse2>
104/181 Test: x86-64-v3.OrderMapTest.GrowsFromTinyCapacity<itch::simd::GroupSse2>
Command: "/Users/zefiepie/Downloads/ITCH-feed-handler-main/build/itch_tests_avx2" "--gtest_filter=OrderMapTest/1.GrowsFromTinyCapacity" "--gtest_also_run_disabled_tests"
Directory: /Users/zefiepie/Downloads/ITCH-feed-handler-main/build
"x86-64-v3.OrderMapTest.GrowsFromTinyCapacity<itch::simd::GroupSse2>" start time: Sep 24 22:20 +08
Output:
----------------------------------------------------------
Running main() from /Users/zefiepie/Downloads/ITCH-feed-handler-main/build/_deps/googletest-src/googletest/src/gtest_main.cc
Note: Google Test filter = OrderMapTest/1.GrowsFromTinyCapacity
[==========] Running 1 test from 1 test suite.
[----------] Global test environment set-up.
[----------] 1 test from OrderMapTest/1, where TypeParam = itch::simd::GroupSse2
[ RUN      ] OrderMapTest/1.GrowsFromTinyCapacity
[       OK ] OrderMapTest/1.GrowsFromTinyCapacity (49 ms)
[----------] 1 test from OrderMapTest/1 (49 ms total)

[----------] Global test environment tear-down
[==========] 1 test from 1 test suite ran. (49 ms total)
[  PASSED  ] 1 test.
<end of output>
Test time =   0.08 sec
----------------------------------------------------------
Test Passed.
"x86-64-v3.OrderMapTest.GrowsFromTinyCapacity<itch::simd::GroupSse2>" end time: Sep 24 22:20 +08
"x86-64-v3.OrderMapTest.GrowsFromTinyCapacity<itch::simd::GroupSse2>" time elapsed: 00:00:00
----------------------------------------------------------

10/181 Testing: x86-64-v2.OrderMapTest.RandomOpsMatchModel<itch::simd::GroupSwar>
10/181 Test: x86-64-v2.OrderMapTest.RandomOpsMatchModel<itch::simd::GroupSwar>
Command: "/Users/zefiepie/Downloads/ITCH-feed-handler-main/build/itch_tests" "--gtest_filter=OrderMapTest/0.RandomOpsMatchModel" "--gtest_also_run_disabled_tests"
Directory: /Users/zefiepie/Downloads/ITCH-feed-handler-main/build
"x86-64-v2.OrderMapTest.RandomOpsMatchModel<itch::simd::GroupSwar>" start time: Sep 24 22:20 +08
Output:
----------------------------------------------------------
Running main() from /Users/zefiepie/Downloads/ITCH-feed-handler-main/build/_deps/googletest-src/googletest/src/gtest_main.cc
Note: Google Test filter = OrderMapTest/0.RandomOpsMatchModel
[==========] Running 1 test from 1 test suite.
[----------] Global test environment set-up.
[----------] 1 test from OrderMapTest/0, where TypeParam = itch::simd::GroupSwar
[ RUN      ] OrderMapTest/0.RandomOpsMatchModel
[       OK ] OrderMapTest/0.RandomOpsMatchModel (54 ms)
[----------] 1 test from OrderMapTest/0 (54 ms total)

[----------] Global test environment tear-down
[==========] 1 test from 1 test suite ran. (54 ms total)
[  PASSED  ] 1 test.
<end of output>
Test time =   0.08 sec
----------------------------------------------------------
Test Passed.
"x86-64-v2.OrderMapTest.RandomOpsMatchModel<itch::simd::GroupSwar>" end time: Sep 24 22:20 +08
"x86-64-v2.OrderMapTest.RandomOpsMatchModel<itch::simd::GroupSwar>" time elapsed: 00:00:00
----------------------------------------------------------

103/181 Testing: x86-64-v3.OrderMapTest.RandomOpsMatchModel<itch::simd::GroupSse2>
103/181 Test: x86-64-v3.OrderMapTest.RandomOpsMatchModel<itch::simd::GroupSse2>
Command: "/Users/zefiepie/Downloads/ITCH-feed-handler-main/build/itch_tests_avx2" "--gtest_filter=OrderMapTest/1.RandomOpsMatchModel" "--gtest_also_run_disabled_tests"
Directory: /Users/zefiepie/Downloads/ITCH-feed-handler-main/build
"x86-64-v3.OrderMapTest.RandomOpsMatchModel<itch::simd::GroupSse2>" start time: Sep 24 22:20 +08
Output:
----------------------------------------------------------
Running main() from /Users/zefiepie/Downloads/ITCH-feed-handler-main/build/_deps/googletest-src/googletest/src/gtest_main.cc
Note: Google Test filter = OrderMapTest/1.RandomOpsMatchModel
[==========] Running 1 test from 1 test suite.
[----------] Global test environment set-up.
[----------] 1 test from OrderMapTest/1, where TypeParam = itch::simd::GroupSse2
[ RUN      ] OrderMapTest/1.RandomOpsMatchModel
[       OK ] OrderMapTest/1.RandomOpsMatchModel (47 ms)
[----------] 1 test from OrderMapTest/1 (47 ms total)

[----------] Global test environment tear-down
[==========] 1 test from 1 test suite ran. (47 ms total)
[  PASSED  ] 1 test.
<end of output>
Test time =   0.07 sec
----------------------------------------------------------
Test Passed.
"x86-64-v3.OrderMapTest.RandomOpsMatchModel<itch::simd::GroupSse2>" end time: Sep 24 22:20 +08
"x86-64-v3.OrderMapTest.RandomOpsMatchModel<itch::simd::GroupSse2>" time elapsed: 00:00:00
----------------------------------------------------------

107/181 Testing: x86-64-v3.OrderMapTest.RandomOpsMatchModel<itch::simd::GroupAvx2>
107/181 Test: x86-64-v3.OrderMapTest.RandomOpsMatchModel<itch::simd::GroupAvx2>
Command: "/Users/zefiepie/Downloads/ITCH-feed-handler-main/build/itch_tests_avx2" "--gtest_filter=OrderMapTest/2.RandomOpsMatchModel" "--gtest_also_run_disabled_tests"
Directory: /Users/zefiepie/Downloads/ITCH-feed-handler-main/build
"x86-64-v3.OrderMapTest.RandomOpsMatchModel<itch::simd::GroupAvx2>" start time: Sep 24 22:20 +08
Output:
----------------------------------------------------------
Running main() from /Users/zefiepie/Downloads/ITCH-feed-handler-main/build/_deps/googletest-src/googletest/src/gtest_main.cc
Note: Google Test filter = OrderMapTest/2.RandomOpsMatchModel
[==========] Running 1 test from 1 test suite.
[----------] Global test environment set-up.
[----------] 1 test from OrderMapTest/2, where TypeParam = itch::simd::GroupAvx2
[ RUN      ] OrderMapTest/2.RandomOpsMatchModel
[       OK ] OrderMapTest/2.RandomOpsMatchModel (51 ms)
[----------] 1 test from OrderMapTest/2 (51 ms total)

[----------] Global test environment tear-down
[==========] 1 test from 1 test suite ran. (51 ms total)
[  PASSED  ] 1 test.
<end of output>
Test time =   0.08 sec
----------------------------------------------------------
Test Passed.
"x86-64-v3.OrderMapTest.RandomOpsMatchModel<itch::simd::GroupAvx2>" end time: Sep 24 22:20 +08
"x86-64-v3.OrderMapTest.RandomOpsMatchModel<itch::simd::GroupAvx2>" time elapsed: 00:00:00
----------------------------------------------------------

112/181 Testing: x86-64-v3.LevelSide.RandomAddReduceMatchesMap
112/181 Test: x86-64-v3.LevelSide.RandomAddReduceMatchesMap
Command: "/Users/zefiepie/Downloads/ITCH-feed-handler-main/build/itch_tests_avx2" "--gtest_filter=LevelSide.RandomAddReduceMatchesMap" "--gtest_also_run_disabled_tests"
Directory: /Users/zefiepie/Downloads/ITCH-feed-handler-main/build
"x86-64-v3.LevelSide.RandomAddReduceMatchesMap" start time: Sep 24 22:20 +08
Output:
----------------------------------------------------------
Running main() from /Users/zefiepie/Downloads/ITCH-feed-handler-main/build/_deps/googletest-src/googletest/src/gtest_main.cc
Note: Google Test filter = LevelSide.RandomAddReduceMatchesMap
[==========] Running 1 test from 1 test suite.
[----------] Global test environment set-up.
[----------] 1 test from LevelSide
[ RUN      ] LevelSide.RandomAddReduceMatchesMap
[       OK ] LevelSide.RandomAddReduceMatchesMap (25 ms)
[----------] 1 test from LevelSide (25 ms total)

[----------] Global test environment tear-down
[==========] 1 test from 1 test suite ran. (25 ms total)
[  PASSED  ] 1 test.
<end of output>
Test time =   0.05 sec
----------------------------------------------------------
Test Passed.
"x86-64-v3.LevelSide.RandomAddReduceMatchesMap" end time: Sep 24 22:20 +08
"x86-64-v3.LevelSide.RandomAddReduceMatchesMap" time elapsed: 00:00:00
----------------------------------------------------------

163/181 Testing: x86-64-v3.SpscRing.BookEventsSurviveTransport
163/181 Test: x86-64-v3.SpscRing.BookEventsSurviveTransport
Command: "/Users/zefiepie/Downloads/ITCH-feed-handler-main/build/itch_tests_avx2" "--gtest_filter=SpscRing.BookEventsSurviveTransport" "--gtest_also_run_disabled_tests"
Directory: /Users/zefiepie/Downloads/ITCH-feed-handler-main/build
"x86-64-v3.SpscRing.BookEventsSurviveTransport" start time: Sep 24 22:20 +08
Output:
----------------------------------------------------------
Running main() from /Users/zefiepie/Downloads/ITCH-feed-handler-main/build/_deps/googletest-src/googletest/src/gtest_main.cc
Note: Google Test filter = SpscRing.BookEventsSurviveTransport
[==========] Running 1 test from 1 test suite.
[----------] Global test environment set-up.
[----------] 1 test from SpscRing
[ RUN      ] SpscRing.BookEventsSurviveTransport
[       OK ] SpscRing.BookEventsSurviveTransport (18 ms)
[----------] 1 test from SpscRing (18 ms total)

[----------] Global test environment tear-down
[==========] 1 test from 1 test suite ran. (18 ms total)
[  PASSED  ] 1 test.
<end of output>
Test time =   0.04 sec
----------------------------------------------------------
Test Passed.
"x86-64-v3.SpscRing.BookEventsSurviveTransport" end time: Sep 24 22:20 +08
"x86-64-v3.SpscRing.BookEventsSurviveTransport" time elapsed: 00:00:00
----------------------------------------------------------

15/181 Testing: x86-64-v2.OrderMapTest.GrowsFromTinyCapacity<itch::simd::GroupSse2>
15/181 Test: x86-64-v2.OrderMapTest.GrowsFromTinyCapacity<itch::simd::GroupSse2>
Command: "/Users/zefiepie/Downloads/ITCH-feed-handler-main/build/itch_tests" "--gtest_filter=OrderMapTest/1.GrowsFromTinyCapacity" "--gtest_also_run_disabled_tests"
Directory: /Users/zefiepie/Downloads/ITCH-feed-handler-main/build
"x86-64-v2.OrderMapTest.GrowsFromTinyCapacity<itch::simd::GroupSse2>" start time: Sep 24 22:20 +08
Output:
----------------------------------------------------------
Running main() from /Users/zefiepie/Downloads/ITCH-feed-handler-main/build/_deps/googletest-src/googletest/src/gtest_main.cc
Note: Google Test filter = OrderMapTest/1.GrowsFromTinyCapacity
[==========] Running 1 test from 1 test suite.
[----------] Global test environment set-up.
[----------] 1 test from OrderMapTest/1, where TypeParam = itch::simd::GroupSse2
[ RUN      ] OrderMapTest/1.GrowsFromTinyCapacity
[       OK ] OrderMapTest/1.GrowsFromTinyCapacity (44 ms)
[----------] 1 test from OrderMapTest/1 (44 ms total)

[----------] Global test environment tear-down
[==========] 1 test from 1 test suite ran. (44 ms total)
[  PASSED  ] 1 test.
<end of output>
Test time =   0.07 sec
----------------------------------------------------------
Test Passed.
"x86-64-v2.OrderMapTest.GrowsFromTinyCapacity<itch::simd::GroupSse2>" end time: Sep 24 22:20 +08
"x86-64-v2.OrderMapTest.GrowsFromTinyCapacity<itch::simd::GroupSse2>" time elapsed: 00:00:00
----------------------------------------------------------

153/181 Testing: x86-64-v3.PrefetchPipeline.IdenticalResultsForEveryDistance
153/181 Test: x86-64-v3.PrefetchPipeline.IdenticalResultsForEveryDistance
Command: "/Users/zefiepie/Downloads/ITCH-feed-handler-main/build/itch_tests_avx2" "--gtest_filter=PrefetchPipeline.IdenticalResultsForEveryDistance" "--gtest_also_run_disabled_tests"
Directory: /Users/zefiepie/Downloads/ITCH-feed-handler-main/build
"x86-64-v3.PrefetchPipeline.IdenticalResultsForEveryDistance" start time: Sep 24 22:20 +08
Output:
----------------------------------------------------------
Running main() from /Users/zefiepie/Downloads/ITCH-feed-handler-main/build/_deps/googletest-src/googletest/src/gtest_main.cc
Note: Google Test filter = PrefetchPipeline.IdenticalResultsForEveryDistance
[==========] Running 1 test from 1 test suite.
[----------] Global test environment set-up.
[----------] 1 test from PrefetchPipeline
[ RUN      ] PrefetchPipeline.IdenticalResultsForEveryDistance
[       OK ] PrefetchPipeline.IdenticalResultsForEveryDistance (21 ms)
[----------] 1 test from PrefetchPipeline (21 ms total)

[----------] Global test environment tear-down
[==========] 1 test from 1 test suite ran. (21 ms total)
[  PASSED  ] 1 test.
<end of output>
Test time =   0.05 sec
----------------------------------------------------------
Test Passed.
"x86-64-v3.PrefetchPipeline.IdenticalResultsForEveryDistance" end time: Sep 24 22:20 +08
"x86-64-v3.PrefetchPipeline.IdenticalResultsForEveryDistance" time elapsed: 00:00:00
----------------------------------------------------------

19/181 Testing: x86-64-v2.LevelSide.RandomAddReduceMatchesMap
19/181 Test: x86-64-v2.LevelSide.RandomAddReduceMatchesMap
Command: "/Users/zefiepie/Downloads/ITCH-feed-handler-main/build/itch_tests" "--gtest_filter=LevelSide.RandomAddReduceMatchesMap" "--gtest_also_run_disabled_tests"
Directory: /Users/zefiepie/Downloads/ITCH-feed-handler-main/build
"x86-64-v2.LevelSide.RandomAddReduceMatchesMap" start time: Sep 24 22:20 +08
Output:
----------------------------------------------------------
Running main() from /Users/zefiepie/Downloads/ITCH-feed-handler-main/build/_deps/googletest-src/googletest/src/gtest_main.cc
Note: Google Test filter = LevelSide.RandomAddReduceMatchesMap
[==========] Running 1 test from 1 test suite.
[----------] Global test environment set-up.
[----------] 1 test from LevelSide
[ RUN      ] LevelSide.RandomAddReduceMatchesMap
[       OK ] LevelSide.RandomAddReduceMatchesMap (23 ms)
[----------] 1 test from LevelSide (23 ms total)

[----------] Global test environment tear-down
[==========] 1 test from 1 test suite ran. (23 ms total)
[  PASSED  ] 1 test.
<end of output>
Test time =   0.05 sec
----------------------------------------------------------
Test Passed.
"x86-64-v2.LevelSide.RandomAddReduceMatchesMap" end time: Sep 24 22:20 +08
"x86-64-v2.LevelSide.RandomAddReduceMatchesMap" time elapsed: 00:00:00
----------------------------------------------------------

159/181 Testing: x86-64-v3.AddOrderDecode.AllVariantsAgreeWithGenericDecoder
159/181 Test: x86-64-v3.AddOrderDecode.AllVariantsAgreeWithGenericDecoder
Command: "/Users/zefiepie/Downloads/ITCH-feed-handler-main/build/itch_tests_avx2" "--gtest_filter=AddOrderDecode.AllVariantsAgreeWithGenericDecoder" "--gtest_also_run_disabled_tests"
Directory: /Users/zefiepie/Downloads/ITCH-feed-handler-main/build
"x86-64-v3.AddOrderDecode.AllVariantsAgreeWithGenericDecoder" start time: Sep 24 22:20 +08
Output:
----------------------------------------------------------
Running main() from /Users/zefiepie/Downloads/ITCH-feed-handler-main/build/_deps/googletest-src/googletest/src/gtest_main.cc
Note: Google Test filter = AddOrderDecode.AllVariantsAgreeWithGenericDecoder
[==========] Running 1 test from 1 test suite.
[----------] Global test environment set-up.
[----------] 1 test from AddOrderDecode
[ RUN      ] AddOrderDecode.AllVariantsAgreeWithGenericDecoder
[       OK ] AddOrderDecode.AllVariantsAgreeWithGenericDecoder (14 ms)
[----------] 1 test from AddOrderDecode (14 ms total)

[----------] Global test environment tear-down
[==========] 1 test from 1 test suite ran. (14 ms total)
[  PASSED  ] 1 test.
<end of output>
Test time =   0.04 sec
----------------------------------------------------------
Test Passed.
"x86-64-v3.AddOrderDecode.AllVariantsAgreeWithGenericDecoder" end time: Sep 24 22:20 +08
"x86-64-v3.AddOrderDecode.AllVariantsAgreeWithGenericDecoder" time elapsed: 00:00:00
----------------------------------------------------------

60/181 Testing: x86-64-v2.PrefetchPipeline.IdenticalResultsForEveryDistance
60/181 Test: x86-64-v2.PrefetchPipeline.IdenticalResultsForEveryDistance
Command: "/Users/zefiepie/Downloads/ITCH-feed-handler-main/build/itch_tests" "--gtest_filter=PrefetchPipeline.IdenticalResultsForEveryDistance" "--gtest_also_run_disabled_tests"
Directory: /Users/zefiepie/Downloads/ITCH-feed-handler-main/build
"x86-64-v2.PrefetchPipeline.IdenticalResultsForEveryDistance" start time: Sep 24 22:20 +08
Output:
----------------------------------------------------------
Running main() from /Users/zefiepie/Downloads/ITCH-feed-handler-main/build/_deps/googletest-src/googletest/src/gtest_main.cc
Note: Google Test filter = PrefetchPipeline.IdenticalResultsForEveryDistance
[==========] Running 1 test from 1 test suite.
[----------] Global test environment set-up.
[----------] 1 test from PrefetchPipeline
[ RUN      ] PrefetchPipeline.IdenticalResultsForEveryDistance
[       OK ] PrefetchPipeline.IdenticalResultsForEveryDistance (20 ms)
[----------] 1 test from PrefetchPipeline (20 ms total)

[----------] Global test environment tear-down
[==========] 1 test from 1 test suite ran. (20 ms total)
[  PASSED  ] 1 test.
<end of output>
Test time =   0.05 sec
----------------------------------------------------------
Test Passed.
"x86-64-v2.PrefetchPipeline.IdenticalResultsForEveryDistance" end time: Sep 24 22:20 +08
"x86-64-v2.PrefetchPipeline.IdenticalResultsForEveryDistance" time elapsed: 00:00:00
----------------------------------------------------------

70/181 Testing: x86-64-v2.SpscRing.BookEventsSurviveTransport
70/181 Test: x86-64-v2.SpscRing.BookEventsSurviveTransport
Command: "/Users/zefiepie/Downloads/ITCH-feed-handler-main/build/itch_tests" "--gtest_filter=SpscRing.BookEventsSurviveTransport" "--gtest_also_run_disabled_tests"
Directory: /Users/zefiepie/Downloads/ITCH-feed-handler-main/build
"x86-64-v2.SpscRing.BookEventsSurviveTransport" start time: Sep 24 22:20 +08
Output:
----------------------------------------------------------
Running main() from /Users/zefiepie/Downloads/ITCH-feed-handler-main/build/_deps/googletest-src/googletest/src/gtest_main.cc
Note: Google Test filter = SpscRing.BookEventsSurviveTransport
[==========] Running 1 test from 1 test suite.
[----------] Global test environment set-up.
[----------] 1 test from SpscRing
[ RUN      ] SpscRing.BookEventsSurviveTransport
[       OK ] SpscRing.BookEventsSurviveTransport (16 ms)
[----------] 1 test from SpscRing (16 ms total)

[----------] Global test environment tear-down
[==========] 1 test from 1 test suite ran. (16 ms total)
[  PASSED  ] 1 test.
<end of output>
Test time =   0.04 sec
----------------------------------------------------------
Test Passed.
"x86-64-v2.SpscRing.BookEventsSurviveTransport" end time: Sep 24 22:20 +08
"x86-64-v2.SpscRing.BookEventsSurviveTransport" time elapsed: 00:00:00
----------------------------------------------------------

162/181 Testing: x86-64-v3.SpscRing.TwoThreadsPreserveOrder
162/181 Test: x86-64-v3.SpscRing.TwoThreadsPreserveOrder
Command: "/Users/zefiepie/Downloads/ITCH-feed-handler-main/build/itch_tests_avx2" "--gtest_filter=SpscRing.TwoThreadsPreserveOrder" "--gtest_also_run_disabled_tests"
Directory: /Users/zefiepie/Downloads/ITCH-feed-handler-main/build
"x86-64-v3.SpscRing.TwoThreadsPreserveOrder" start time: Sep 24 22:20 +08
Output:
----------------------------------------------------------
Running main() from /Users/zefiepie/Downloads/ITCH-feed-handler-main/build/_deps/googletest-src/googletest/src/gtest_main.cc
Note: Google Test filter = SpscRing.TwoThreadsPreserveOrder
[==========] Running 1 test from 1 test suite.
[----------] Global test environment set-up.
[----------] 1 test from SpscRing
[ RUN      ] SpscRing.TwoThreadsPreserveOrder
[       OK ] SpscRing.TwoThreadsPreserveOrder (11 ms)
[----------] 1 test from SpscRing (11 ms total)

[----------] Global test environment tear-down
[==========] 1 test from 1 test suite ran. (11 ms total)
[  PASSED  ] 1 test.
<end of output>
Test time =   0.04 sec
----------------------------------------------------------
Test Passed.
"x86-64-v3.SpscRing.TwoThreadsPreserveOrder" end time: Sep 24 22:20 +08
"x86-64-v3.SpscRing.TwoThreadsPreserveOrder" time elapsed: 00:00:00
----------------------------------------------------------

69/181 Testing: x86-64-v2.SpscRing.TwoThreadsPreserveOrder
69/181 Test: x86-64-v2.SpscRing.TwoThreadsPreserveOrder
Command: "/Users/zefiepie/Downloads/ITCH-feed-handler-main/build/itch_tests" "--gtest_filter=SpscRing.TwoThreadsPreserveOrder" "--gtest_also_run_disabled_tests"
Directory: /Users/zefiepie/Downloads/ITCH-feed-handler-main/build
"x86-64-v2.SpscRing.TwoThreadsPreserveOrder" start time: Sep 24 22:20 +08
Output:
----------------------------------------------------------
Running main() from /Users/zefiepie/Downloads/ITCH-feed-handler-main/build/_deps/googletest-src/googletest/src/gtest_main.cc
Note: Google Test filter = SpscRing.TwoThreadsPreserveOrder
[==========] Running 1 test from 1 test suite.
[----------] Global test environment set-up.
[----------] 1 test from SpscRing
[ RUN      ] SpscRing.TwoThreadsPreserveOrder
[       OK ] SpscRing.TwoThreadsPreserveOrder (12 ms)
[----------] 1 test from SpscRing (12 ms total)

[----------] Global test environment tear-down
[==========] 1 test from 1 test suite ran. (12 ms total)
[  PASSED  ] 1 test.
<end of output>
Test time =   0.04 sec
----------------------------------------------------------
Test Passed.
"x86-64-v2.SpscRing.TwoThreadsPreserveOrder" end time: Sep 24 22:20 +08
"x86-64-v2.SpscRing.TwoThreadsPreserveOrder" time elapsed: 00:00:00
----------------------------------------------------------

1/181 Testing: x86-64-v2.LevelSearch.MatchesStdLowerBoundForAllSizes
1/181 Test: x86-64-v2.LevelSearch.MatchesStdLowerBoundForAllSizes
Command: "/Users/zefiepie/Downloads/ITCH-feed-handler-main/build/itch_tests" "--gtest_filter=LevelSearch.MatchesStdLowerBoundForAllSizes" "--gtest_also_run_disabled_tests"
Directory: /Users/zefiepie/Downloads/ITCH-feed-handler-main/build
"x86-64-v2.LevelSearch.MatchesStdLowerBoundForAllSizes" start time: Sep 24 22:20 +08
Output:
----------------------------------------------------------
Running main() from /Users/zefiepie/Downloads/ITCH-feed-handler-main/build/_deps/googletest-src/googletest/src/gtest_main.cc
Note: Google Test filter = LevelSearch.MatchesStdLowerBoundForAllSizes
[==========] Running 1 test from 1 test suite.
[----------] Global test environment set-up.
[----------] 1 test from LevelSearch
[ RUN      ] LevelSearch.MatchesStdLowerBoundForAllSizes
[       OK ] LevelSearch.MatchesStdLowerBoundForAllSizes (9 ms)
[----------] 1 test from LevelSearch (9 ms total)

[----------] Global test environment tear-down
[==========] 1 test from 1 test suite ran. (9 ms total)
[  PASSED  ] 1 test.
<end of output>
Test time =   0.04 sec
----------------------------------------------------------
Test Passed.
"x86-64-v2.LevelSearch.MatchesStdLowerBoundForAllSizes" end time: Sep 24 22:20 +08
"x86-64-v2.LevelSearch.MatchesStdLowerBoundForAllSizes" time elapsed: 00:00:00
----------------------------------------------------------

111/181 Testing: x86-64-v3.OrderMap.CapacityHonoursSevenEighthsLoad
111/181 Test: x86-64-v3.OrderMap.CapacityHonoursSevenEighthsLoad
Command: "/Users/zefiepie/Downloads/ITCH-feed-handler-main/build/itch_tests_avx2" "--gtest_filter=OrderMap.CapacityHonoursSevenEighthsLoad" "--gtest_also_run_disabled_tests"
Directory: /Users/zefiepie/Downloads/ITCH-feed-handler-main/build
"x86-64-v3.OrderMap.CapacityHonoursSevenEighthsLoad" start time: Sep 24 22:20 +08
Output:
----------------------------------------------------------
Running main() from /Users/zefiepie/Downloads/ITCH-feed-handler-main/build/_deps/googletest-src/googletest/src/gtest_main.cc
Note: Google Test filter = OrderMap.CapacityHonoursSevenEighthsLoad
[==========] Running 1 test from 1 test suite.
[----------] Global test environment set-up.
[----------] 1 test from OrderMap
[ RUN      ] OrderMap.CapacityHonoursSevenEighthsLoad
[       OK ] OrderMap.CapacityHonoursSevenEighthsLoad (11 ms)
[----------] 1 test from OrderMap (11 ms total)

[----------] Global test environment tear-down
[==========] 1 test from 1 test suite ran. (11 ms total)
[  PASSED  ] 1 test.
<end of output>
Test time =   0.04 sec
----------------------------------------------------------
Test Passed.
"x86-64-v3.OrderMap.CapacityHonoursSevenEighthsLoad" end time: Sep 24 22:20 +08
"x86-64-v3.OrderMap.CapacityHonoursSevenEighthsLoad" time elapsed: 00:00:00
----------------------------------------------------------

66/181 Testing: x86-64-v2.AddOrderDecode.AllVariantsAgreeWithGenericDecoder
66/181 Test: x86-64-v2.AddOrderDecode.AllVariantsAgreeWithGenericDecoder
Command: "/Users/zefiepie/Downloads/ITCH-feed-handler-main/build/itch_tests" "--gtest_filter=AddOrderDecode.AllVariantsAgreeWithGenericDecoder" "--gtest_also_run_disabled_tests"
Directory: /Users/zefiepie/Downloads/ITCH-feed-handler-main/build
"x86-64-v2.AddOrderDecode.AllVariantsAgreeWithGenericDecoder" start time: Sep 24 22:20 +08
Output:
----------------------------------------------------------
Running main() from /Users/zefiepie/Downloads/ITCH-feed-handler-main/build/_deps/googletest-src/googletest/src/gtest_main.cc
Note: Google Test filter = AddOrderDecode.AllVariantsAgreeWithGenericDecoder
[==========] Running 1 test from 1 test suite.
[----------] Global test environment set-up.
[----------] 1 test from AddOrderDecode
[ RUN      ] AddOrderDecode.AllVariantsAgreeWithGenericDecoder
[       OK ] AddOrderDecode.AllVariantsAgreeWithGenericDecoder (13 ms)
[----------] 1 test from AddOrderDecode (13 ms total)

[----------] Global test environment tear-down
[==========] 1 test from 1 test suite ran. (14 ms total)
[  PASSED  ] 1 test.
<end of output>
Test time =   0.04 sec
----------------------------------------------------------
Test Passed.
"x86-64-v2.AddOrderDecode.AllVariantsAgreeWithGenericDecoder" end time: Sep 24 22:20 +08
"x86-64-v2.AddOrderDecode.AllVariantsAgreeWithGenericDecoder" time elapsed: 00:00:00
----------------------------------------------------------

18/181 Testing: x86-64-v2.OrderMap.CapacityHonoursSevenEighthsLoad
18/181 Test: x86-64-v2.OrderMap.CapacityHonoursSevenEighthsLoad
Command: "/Users/zefiepie/Downloads/ITCH-feed-handler-main/build/itch_tests" "--gtest_filter=OrderMap.CapacityHonoursSevenEighthsLoad" "--gtest_also_run_disabled_tests"
Directory: /Users/zefiepie/Downloads/ITCH-feed-handler-main/build
"x86-64-v2.OrderMap.CapacityHonoursSevenEighthsLoad" start time: Sep 24 22:20 +08
Output:
----------------------------------------------------------
Running main() from /Users/zefiepie/Downloads/ITCH-feed-handler-main/build/_deps/googletest-src/googletest/src/gtest_main.cc
Note: Google Test filter = OrderMap.CapacityHonoursSevenEighthsLoad
[==========] Running 1 test from 1 test suite.
[----------] Global test environment set-up.
[----------] 1 test from OrderMap
[ RUN      ] OrderMap.CapacityHonoursSevenEighthsLoad
[       OK ] OrderMap.CapacityHonoursSevenEighthsLoad (12 ms)
[----------] 1 test from OrderMap (12 ms total)

[----------] Global test environment tear-down
[==========] 1 test from 1 test suite ran. (12 ms total)
[  PASSED  ] 1 test.
<end of output>
Test time =   0.04 sec
----------------------------------------------------------
Test Passed.
"x86-64-v2.OrderMap.CapacityHonoursSevenEighthsLoad" end time: Sep 24 22:20 +08
"x86-64-v2.OrderMap.CapacityHonoursSevenEighthsLoad" time elapsed: 00:00:00
----------------------------------------------------------

89/181 Testing: x86-64-v3.LevelSearch.MatchesStdLowerBoundForAllSizes
89/181 Test: x86-64-v3.LevelSearch.MatchesStdLowerBoundForAllSizes
Command: "/Users/zefiepie/Downloads/ITCH-feed-handler-main/build/itch_tests_avx2" "--gtest_filter=LevelSearch.MatchesStdLowerBoundForAllSizes" "--gtest_also_run_disabled_tests"
Directory: /Users/zefiepie/Downloads/ITCH-feed-handler-main/build
"x86-64-v3.LevelSearch.MatchesStdLowerBoundForAllSizes" start time: Sep 24 22:20 +08
Output:
----------------------------------------------------------
Running main() from /Users/zefiepie/Downloads/ITCH-feed-handler-main/build/_deps/googletest-src/googletest/src/gtest_main.cc
Note: Google Test filter = LevelSearch.MatchesStdLowerBoundForAllSizes
[==========] Running 1 test from 1 test suite.
[----------] Global test environment set-up.
[----------] 1 test from LevelSearch
[ RUN      ] LevelSearch.MatchesStdLowerBoundForAllSizes
[       OK ] LevelSearch.MatchesStdLowerBoundForAllSizes (11 ms)
[----------] 1 test from LevelSearch (11 ms total)

[----------] Global test environment tear-down
[==========] 1 test from 1 test suite ran. (11 ms total)
[  PASSED  ] 1 test.
<end of output>
Test time =   0.04 sec
----------------------------------------------------------
Test Passed.
"x86-64-v3.LevelSearch.MatchesStdLowerBoundForAllSizes" end time: Sep 24 22:20 +08
"x86-64-v3.LevelSearch.MatchesStdLowerBoundForAllSizes" time elapsed: 00:00:00
----------------------------------------------------------

97/181 Testing: x86-64-v3.GroupTest.MatchesAgreeWithBytewiseReference<itch::simd::GroupAvx2>
97/181 Test: x86-64-v3.GroupTest.MatchesAgreeWithBytewiseReference<itch::simd::GroupAvx2>
Command: "/Users/zefiepie/Downloads/ITCH-feed-handler-main/build/itch_tests_avx2" "--gtest_filter=GroupTest/2.MatchesAgreeWithBytewiseReference" "--gtest_also_run_disabled_tests"
Directory: /Users/zefiepie/Downloads/ITCH-feed-handler-main/build
"x86-64-v3.GroupTest.MatchesAgreeWithBytewiseReference<itch::simd::GroupAvx2>" start time: Sep 24 22:20 +08
Output:
----------------------------------------------------------
Running main() from /Users/zefiepie/Downloads/ITCH-feed-handler-main/build/_deps/googletest-src/googletest/src/gtest_main.cc
Note: Google Test filter = GroupTest/2.MatchesAgreeWithBytewiseReference
[==========] Running 1 test from 1 test suite.
[----------] Global test environment set-up.
[----------] 1 test from GroupTest/2, where TypeParam = itch::simd::GroupAvx2
[ RUN      ] GroupTest/2.MatchesAgreeWithBytewiseReference
[       OK ] GroupTest/2.MatchesAgreeWithBytewiseReference (9 ms)
[----------] 1 test from GroupTest/2 (9 ms total)

[----------] Global test environment tear-down
[==========] 1 test from 1 test suite ran. (9 ms total)
[  PASSED  ] 1 test.
<end of output>
Test time =   0.03 sec
----------------------------------------------------------
Test Passed.
"x86-64-v3.GroupTest.MatchesAgreeWithBytewiseReference<itch::simd::GroupAvx2>" end time: Sep 24 22:20 +08
"x86-64-v3.GroupTest.MatchesAgreeWithBytewiseReference<itch::simd::GroupAvx2>" time elapsed: 00:00:00
----------------------------------------------------------

8/181 Testing: x86-64-v2.GroupTest.MatchesAgreeWithBytewiseReference<itch::simd::GroupSse2>
8/181 Test: x86-64-v2.GroupTest.MatchesAgreeWithBytewiseReference<itch::simd::GroupSse2>
Command: "/Users/zefiepie/Downloads/ITCH-feed-handler-main/build/itch_tests" "--gtest_filter=GroupTest/1.MatchesAgreeWithBytewiseReference" "--gtest_also_run_disabled_tests"
Directory: /Users/zefiepie/Downloads/ITCH-feed-handler-main/build
"x86-64-v2.GroupTest.MatchesAgreeWithBytewiseReference<itch::simd::GroupSse2>" start time: Sep 24 22:20 +08
Output:
----------------------------------------------------------
Running main() from /Users/zefiepie/Downloads/ITCH-feed-handler-main/build/_deps/googletest-src/googletest/src/gtest_main.cc
Note: Google Test filter = GroupTest/1.MatchesAgreeWithBytewiseReference
[==========] Running 1 test from 1 test suite.
[----------] Global test environment set-up.
[----------] 1 test from GroupTest/1, where TypeParam = itch::simd::GroupSse2
[ RUN      ] GroupTest/1.MatchesAgreeWithBytewiseReference
[       OK ] GroupTest/1.MatchesAgreeWithBytewiseReference (5 ms)
[----------] 1 test from GroupTest/1 (5 ms total)

[----------] Global test environment tear-down
[==========] 1 test from 1 test suite ran. (5 ms total)
[  PASSED  ] 1 test.
<end of output>
Test time =   0.03 sec
----------------------------------------------------------
Test Passed.
"x86-64-v2.GroupTest.MatchesAgreeWithBytewiseReference<itch::simd::GroupSse2>" end time: Sep 24 22:20 +08
"x86-64-v2.GroupTest.MatchesAgreeWithBytewiseReference<itch::simd::GroupSse2>" time elapsed: 00:00:00
----------------------------------------------------------

96/181 Testing: x86-64-v3.GroupTest.MatchesAgreeWithBytewiseReference<itch::simd::GroupSse2>
96/181 Test: x86-64-v3.GroupTest.MatchesAgreeWithBytewiseReference<itch::simd::GroupSse2>
Command: "/Users/zefiepie/Downloads/ITCH-feed-handler-main/build/itch_tests_avx2" "--gtest_filter=GroupTest/1.MatchesAgreeWithBytewiseReference" "--gtest_also_run_disabled_tests"
Directory: /Users/zefiepie/Downloads/ITCH-feed-handler-main/build
"x86-64-v3.GroupTest.MatchesAgreeWithBytewiseReference<itch::simd::GroupSse2>" start time: Sep 24 22:20 +08
Output:
----------------------------------------------------------
Running main() from /Users/zefiepie/Downloads/ITCH-feed-handler-main/build/_deps/googletest-src/googletest/src/gtest_main.cc
Note: Google Test filter = GroupTest/1.MatchesAgreeWithBytewiseReference
[==========] Running 1 test from 1 test suite.
[----------] Global test environment set-up.
[----------] 1 test from GroupTest/1, where TypeParam = itch::simd::GroupSse2
[ RUN      ] GroupTest/1.MatchesAgreeWithBytewiseReference
[       OK ] GroupTest/1.MatchesAgreeWithBytewiseReference (4 ms)
[----------] 1 test from GroupTest/1 (4 ms total)

[----------] Global test environment tear-down
[==========] 1 test from 1 test suite ran. (4 ms total)
[  PASSED  ] 1 test.
<end of output>
Test time =   0.03 sec
----------------------------------------------------------
Test Passed.
"x86-64-v3.GroupTest.MatchesAgreeWithBytewiseReference<itch::simd::GroupSse2>" end time: Sep 24 22:20 +08
"x86-64-v3.GroupTest.MatchesAgreeWithBytewiseReference<itch::simd::GroupSse2>" time elapsed: 00:00:00
----------------------------------------------------------

164/181 Testing: x86-64-v3.BboCache.ReadersNeverObserveTornSnapshots
164/181 Test: x86-64-v3.BboCache.ReadersNeverObserveTornSnapshots
Command: "/Users/zefiepie/Downloads/ITCH-feed-handler-main/build/itch_tests_avx2" "--gtest_filter=BboCache.ReadersNeverObserveTornSnapshots" "--gtest_also_run_disabled_tests"
Directory: /Users/zefiepie/Downloads/ITCH-feed-handler-main/build
"x86-64-v3.BboCache.ReadersNeverObserveTornSnapshots" start time: Sep 24 22:20 +08
Output:
----------------------------------------------------------
Running main() from /Users/zefiepie/Downloads/ITCH-feed-handler-main/build/_deps/googletest-src/googletest/src/gtest_main.cc
Note: Google Test filter = BboCache.ReadersNeverObserveTornSnapshots
[==========] Running 1 test from 1 test suite.
[----------] Global test environment set-up.
[----------] 1 test from BboCache
[ RUN      ] BboCache.ReadersNeverObserveTornSnapshots
[       OK ] BboCache.ReadersNeverObserveTornSnapshots (6 ms)
[----------] 1 test from BboCache (6 ms total)

[----------] Global test environment tear-down
[==========] 1 test from 1 test suite ran. (6 ms total)
[  PASSED  ] 1 test.
<end of output>
Test time =   0.03 sec
----------------------------------------------------------
Test Passed.
"x86-64-v3.BboCache.ReadersNeverObserveTornSnapshots" end time: Sep 24 22:20 +08
"x86-64-v3.BboCache.ReadersNeverObserveTornSnapshots" time elapsed: 00:00:00
----------------------------------------------------------

177/181 Testing: x86-64-v3.Histogram.BucketBoundsContainValueWithinRelativeError
177/181 Test: x86-64-v3.Histogram.BucketBoundsContainValueWithinRelativeError
Command: "/Users/zefiepie/Downloads/ITCH-feed-handler-main/build/itch_tests_avx2" "--gtest_filter=Histogram.BucketBoundsContainValueWithinRelativeError" "--gtest_also_run_disabled_tests"
Directory: /Users/zefiepie/Downloads/ITCH-feed-handler-main/build
"x86-64-v3.Histogram.BucketBoundsContainValueWithinRelativeError" start time: Sep 24 22:20 +08
Output:
----------------------------------------------------------
Running main() from /Users/zefiepie/Downloads/ITCH-feed-handler-main/build/_deps/googletest-src/googletest/src/gtest_main.cc
Note: Google Test filter = Histogram.BucketBoundsContainValueWithinRelativeError
[==========] Running 1 test from 1 test suite.
[----------] Global test environment set-up.
[----------] 1 test from Histogram
[ RUN      ] Histogram.BucketBoundsContainValueWithinRelativeError
[       OK ] Histogram.BucketBoundsContainValueWithinRelativeError (3 ms)
[----------] 1 test from Histogram (3 ms total)

[----------] Global test environment tear-down
[==========] 1 test from 1 test suite ran. (3 ms total)
[  PASSED  ] 1 test.
<end of output>
Test time =   0.03 sec
----------------------------------------------------------
Test Passed.
"x86-64-v3.Histogram.BucketBoundsContainValueWithinRelativeError" end time: Sep 24 22:20 +08
"x86-64-v3.Histogram.BucketBoundsContainValueWithinRelativeError" time elapsed: 00:00:00
----------------------------------------------------------

154/181 Testing: x86-64-v3.PrefetchPipeline.TinyAndMalformedInputs
154/181 Test: x86-64-v3.PrefetchPipeline.TinyAndMalformedInputs
Command: "/Users/zefiepie/Downloads/ITCH-feed-handler-main/build/itch_tests_avx2" "--gtest_filter=PrefetchPipeline.TinyAndMalformedInputs" "--gtest_also_run_disabled_tests"
Directory: /Users/zefiepie/Downloads/ITCH-feed-handler-main/build
"x86-64-v3.PrefetchPipeline.TinyAndMalformedInputs" start time: Sep 24 22:20 +08
Output:
----------------------------------------------------------
Running main() from /Users/zefiepie/Downloads/ITCH-feed-handler-main/build/_deps/googletest-src/googletest/src/gtest_main.cc
Note: Google Test filter = PrefetchPipeline.TinyAndMalformedInputs
[==========] Running 1 test from 1 test suite.
[----------] Global test environment set-up.
[----------] 1 test from PrefetchPipeline
[ RUN      ] PrefetchPipeline.TinyAndMalformedInputs
[       OK ] PrefetchPipeline.TinyAndMalformedInputs (5 ms)
[----------] 1 test from PrefetchPipeline (5 ms total)

[----------] Global test environment tear-down
[==========] 1 test from 1 test suite ran. (5 ms total)
[  PASSED  ] 1 test.
<end of output>
Test time =   0.03 sec
----------------------------------------------------------
Test Passed.
"x86-64-v3.PrefetchPipeline.TinyAndMalformedInputs" end time: Sep 24 22:20 +08
"x86-64-v3.PrefetchPipeline.TinyAndMalformedInputs" time elapsed: 00:00:00
----------------------------------------------------------

95/181 Testing: x86-64-v3.GroupTest.MatchesAgreeWithBytewiseReference<itch::simd::GroupSwar>
95/181 Test: x86-64-v3.GroupTest.MatchesAgreeWithBytewiseReference<itch::simd::GroupSwar>
Command: "/Users/zefiepie/Downloads/ITCH-feed-handler-main/build/itch_tests_avx2" "--gtest_filter=GroupTest/0.MatchesAgreeWithBytewiseReference" "--gtest_also_run_disabled_tests"
Directory: /Users/zefiepie/Downloads/ITCH-feed-handler-main/build
"x86-64-v3.GroupTest.MatchesAgreeWithBytewiseReference<itch::simd::GroupSwar>" start time: Sep 24 22:20 +08
Output:
----------------------------------------------------------
Running main() from /Users/zefiepie/Downloads/ITCH-feed-handler-main/build/_deps/googletest-src/googletest/src/gtest_main.cc
Note: Google Test filter = GroupTest/0.MatchesAgreeWithBytewiseReference
[==========] Running 1 test from 1 test suite.
[----------] Global test environment set-up.
[----------] 1 test from GroupTest/0, where TypeParam = itch::simd::GroupSwar
[ RUN      ] GroupTest/0.MatchesAgreeWithBytewiseReference
[       OK ] GroupTest/0.MatchesAgreeWithBytewiseReference (2 ms)
[----------] 1 test from GroupTest/0 (2 ms total)

[----------] Global test environment tear-down
[==========] 1 test from 1 test suite ran. (2 ms total)
[  PASSED  ] 1 test.
<end of output>
Test time =   0.03 sec
----------------------------------------------------------
Test Passed.
"x86-64-v3.GroupTest.MatchesAgreeWithBytewiseReference<itch::simd::GroupSwar>" end time: Sep 24 22:20 +08
"x86-64-v3.GroupTest.MatchesAgreeWithBytewiseReference<itch::simd::GroupSwar>" time elapsed: 00:00:00
----------------------------------------------------------

178/181 Testing: x86-64-v3.Histogram.IndexIsMonotonic
178/181 Test: x86-64-v3.Histogram.IndexIsMonotonic
Command: "/Users/zefiepie/Downloads/ITCH-feed-handler-main/build/itch_tests_avx2" "--gtest_filter=Histogram.IndexIsMonotonic" "--gtest_also_run_disabled_tests"
Directory: /Users/zefiepie/Downloads/ITCH-feed-handler-main/build
"x86-64-v3.Histogram.IndexIsMonotonic" start time: Sep 24 22:20 +08
Output:
----------------------------------------------------------
Running main() from /Users/zefiepie/Downloads/ITCH-feed-handler-main/build/_deps/googletest-src/googletest/src/gtest_main.cc
Note: Google Test filter = Histogram.IndexIsMonotonic
[==========] Running 1 test from 1 test suite.
[----------] Global test environment set-up.
[----------] 1 test from Histogram
[ RUN      ] Histogram.IndexIsMonotonic
[       OK ] Histogram.IndexIsMonotonic (1 ms)
[----------] 1 test from Histogram (1 ms total)

[----------] Global test environment tear-down
[==========] 1 test from 1 test suite ran. (1 ms total)
[  PASSED  ] 1 test.
<end of output>
Test time =   0.03 sec
----------------------------------------------------------
Test Passed.
"x86-64-v3.Histogram.IndexIsMonotonic" end time: Sep 24 22:20 +08
"x86-64-v3.Histogram.IndexIsMonotonic" time elapsed: 00:00:00
----------------------------------------------------------

61/181 Testing: x86-64-v2.PrefetchPipeline.TinyAndMalformedInputs
61/181 Test: x86-64-v2.PrefetchPipeline.TinyAndMalformedInputs
Command: "/Users/zefiepie/Downloads/ITCH-feed-handler-main/build/itch_tests" "--gtest_filter=PrefetchPipeline.TinyAndMalformedInputs" "--gtest_also_run_disabled_tests"
Directory: /Users/zefiepie/Downloads/ITCH-feed-handler-main/build
"x86-64-v2.PrefetchPipeline.TinyAndMalformedInputs" start time: Sep 24 22:20 +08
Output:
----------------------------------------------------------
Running main() from /Users/zefiepie/Downloads/ITCH-feed-handler-main/build/_deps/googletest-src/googletest/src/gtest_main.cc
Note: Google Test filter = PrefetchPipeline.TinyAndMalformedInputs
[==========] Running 1 test from 1 test suite.
[----------] Global test environment set-up.
[----------] 1 test from PrefetchPipeline
[ RUN      ] PrefetchPipeline.TinyAndMalformedInputs
[       OK ] PrefetchPipeline.TinyAndMalformedInputs (3 ms)
[----------] 1 test from PrefetchPipeline (3 ms total)

[----------] Global test environment tear-down
[==========] 1 test from 1 test suite ran. (3 ms total)
[  PASSED  ] 1 test.
<end of output>
Test time =   0.03 sec
----------------------------------------------------------
Test Passed.
"x86-64-v2.PrefetchPipeline.TinyAndMalformedInputs" end time: Sep 24 22:20 +08
"x86-64-v2.PrefetchPipeline.TinyAndMalformedInputs" time elapsed: 00:00:00
----------------------------------------------------------

24/181 Testing: x86-64-v2.BookEngine.ZeroShareReduceIsANoOp
24/181 Test: x86-64-v2.BookEngine.ZeroShareReduceIsANoOp
Command: "/Users/zefiepie/Downloads/ITCH-feed-handler-main/build/itch_tests" "--gtest_filter=BookEngine.ZeroShareReduceIsANoOp" "--gtest_also_run_disabled_tests"
Directory: /Users/zefiepie/Downloads/ITCH-feed-handler-main/build
"x86-64-v2.BookEngine.ZeroShareReduceIsANoOp" start time: Sep 24 22:20 +08
Output:
----------------------------------------------------------
Running main() from /Users/zefiepie/Downloads/ITCH-feed-handler-main/build/_deps/googletest-src/googletest/src/gtest_main.cc
Note: Google Test filter = BookEngine.ZeroShareReduceIsANoOp
[==========] Running 1 test from 1 test suite.
[----------] Global test environment set-up.
[----------] 1 test from BookEngine
[ RUN      ] BookEngine.ZeroShareReduceIsANoOp
[       OK ] BookEngine.ZeroShareReduceIsANoOp (1 ms)
[----------] 1 test from BookEngine (1 ms total)

[----------] Global test environment tear-down
[==========] 1 test from 1 test suite ran. (1 ms total)
[  PASSED  ] 1 test.
<end of output>
Test time =   0.03 sec
----------------------------------------------------------
Test Passed.
"x86-64-v2.BookEngine.ZeroShareReduceIsANoOp" end time: Sep 24 22:20 +08
"x86-64-v2.BookEngine.ZeroShareReduceIsANoOp" time elapsed: 00:00:00
----------------------------------------------------------

58/181 Testing: x86-64-v2.Parser.TrailingPartialRecordIsNotConsumed
58/181 Test: x86-64-v2.Parser.TrailingPartialRecordIsNotConsumed
Command: "/Users/zefiepie/Downloads/ITCH-feed-handler-main/build/itch_tests" "--gtest_filter=Parser.TrailingPartialRecordIsNotConsumed" "--gtest_also_run_disabled_tests"
Directory: /Users/zefiepie/Downloads/ITCH-feed-handler-main/build
"x86-64-v2.Parser.TrailingPartialRecordIsNotConsumed" start time: Sep 24 22:20 +08
Output:
----------------------------------------------------------
Running main() from /Users/zefiepie/Downloads/ITCH-feed-handler-main/build/_deps/googletest-src/googletest/src/gtest_main.cc
Note: Google Test filter = Parser.TrailingPartialRecordIsNotConsumed
[==========] Running 1 test from 1 test suite.
[----------] Global test environment set-up.
[----------] 1 test from Parser
[ RUN      ] Parser.TrailingPartialRecordIsNotConsumed
[       OK ] Parser.TrailingPartialRecordIsNotConsumed (0 ms)
[----------] 1 test from Parser (0 ms total)

[----------] Global test environment tear-down
[==========] 1 test from 1 test suite ran. (0 ms total)
[  PASSED  ] 1 test.
<end of output>
Test time =   0.03 sec
----------------------------------------------------------
Test Passed.
"x86-64-v2.Parser.TrailingPartialRecordIsNotConsumed" end time: Sep 24 22:20 +08
"x86-64-v2.Parser.TrailingPartialRecordIsNotConsumed" time elapsed: 00:00:00
----------------------------------------------------------

75/181 Testing: x86-64-v2.MoldUdp64.PartialOverlapDeliversOnlyNewMessages
75/181 Test: x86-64-v2.MoldUdp64.PartialOverlapDeliversOnlyNewMessages
Command: "/Users/zefiepie/Downloads/ITCH-feed-handler-main/build/itch_tests" "--gtest_filter=MoldUdp64.PartialOverlapDeliversOnlyNewMessages" "--gtest_also_run_disabled_tests"
Directory: /Users/zefiepie/Downloads/ITCH-feed-handler-main/build
"x86-64-v2.MoldUdp64.PartialOverlapDeliversOnlyNewMessages" start time: Sep 24 22:20 +08
Output:
----------------------------------------------------------
Running main() from /Users/zefiepie/Downloads/ITCH-feed-handler-main/build/_deps/googletest-src/googletest/src/gtest_main.cc
Note: Google Test filter = MoldUdp64.PartialOverlapDeliversOnlyNewMessages
[==========] Running 1 test from 1 test suite.
[----------] Global test environment set-up.
[----------] 1 test from MoldUdp64
[ RUN      ] MoldUdp64.PartialOverlapDeliversOnlyNewMessages
[       OK ] MoldUdp64.PartialOverlapDeliversOnlyNewMessages (0 ms)
[----------] 1 test from MoldUdp64 (0 ms total)

[----------] Global test environment tear-down
[==========] 1 test from 1 test suite ran. (0 ms total)
[  PASSED  ] 1 test.
<end of output>
Test time =   0.03 sec
----------------------------------------------------------
Test Passed.
"x86-64-v2.MoldUdp64.PartialOverlapDeliversOnlyNewMessages" end time: Sep 24 22:20 +08
"x86-64-v2.MoldUdp64.PartialOverlapDeliversOnlyNewMessages" time elapsed: 00:00:00
----------------------------------------------------------

98/181 Testing: x86-64-v3.GroupSwar.FalsePositivesOnlyFromBorrowAboveARealMatch
98/181 Test: x86-64-v3.GroupSwar.FalsePositivesOnlyFromBorrowAboveARealMatch
Command: "/Users/zefiepie/Downloads/ITCH-feed-handler-main/build/itch_tests_avx2" "--gtest_filter=GroupSwar.FalsePositivesOnlyFromBorrowAboveARealMatch" "--gtest_also_run_disabled_tests"
Directory: /Users/zefiepie/Downloads/ITCH-feed-handler-main/build
"x86-64-v3.GroupSwar.FalsePositivesOnlyFromBorrowAboveARealMatch" start time: Sep 24 22:20 +08
Output:
----------------------------------------------------------
Running main() from /Users/zefiepie/Downloads/ITCH-feed-handler-main/build/_deps/googletest-src/googletest/src/gtest_main.cc
Note: Google Test filter = GroupSwar.FalsePositivesOnlyFromBorrowAboveARealMatch
[==========] Running 1 test from 1 test suite.
[----------] Global test environment set-up.
[----------] 1 test from GroupSwar
[ RUN      ] GroupSwar.FalsePositivesOnlyFromBorrowAboveARealMatch
[       OK ] GroupSwar.FalsePositivesOnlyFromBorrowAboveARealMatch (0 ms)
[----------] 1 test from GroupSwar (0 ms total)

[----------] Global test environment tear-down
[==========] 1 test from 1 test suite ran. (0 ms total)
[  PASSED  ] 1 test.
<end of output>
Test time =   0.03 sec
----------------------------------------------------------
Test Passed.
"x86-64-v3.GroupSwar.FalsePositivesOnlyFromBorrowAboveARealMatch" end time: Sep 24 22:20 +08
"x86-64-v3.GroupSwar.FalsePositivesOnlyFromBorrowAboveARealMatch" time elapsed: 00:00:00
----------------------------------------------------------

67/181 Testing: x86-64-v2.AddOrderDecode.MasksPartitionTheSources
67/181 Test: x86-64-v2.AddOrderDecode.MasksPartitionTheSources
Command: "/Users/zefiepie/Downloads/ITCH-feed-handler-main/build/itch_tests" "--gtest_filter=AddOrderDecode.MasksPartitionTheSources" "--gtest_also_run_disabled_tests"
Directory: /Users/zefiepie/Downloads/ITCH-feed-handler-main/build
"x86-64-v2.AddOrderDecode.MasksPartitionTheSources" start time: Sep 24 22:20 +08
Output:
----------------------------------------------------------
Running main() from /Users/zefiepie/Downloads/ITCH-feed-handler-main/build/_deps/googletest-src/googletest/src/gtest_main.cc
Note: Google Test filter = AddOrderDecode.MasksPartitionTheSources
[==========] Running 1 test from 1 test suite.
[----------] Global test environment set-up.
[----------] 1 test from AddOrderDecode
[ RUN      ] AddOrderDecode.MasksPartitionTheSources
[       OK ] AddOrderDecode.MasksPartitionTheSources (0 ms)
[----------] 1 test from AddOrderDecode (0 ms total)

[----------] Global test environment tear-down
[==========] 1 test from 1 test suite ran. (0 ms total)
[  PASSED  ] 1 test.
<end of output>
Test time =   0.03 sec
----------------------------------------------------------
Test Passed.
"x86-64-v2.AddOrderDecode.MasksPartitionTheSources" end time: Sep 24 22:20 +08
"x86-64-v2.AddOrderDecode.MasksPartitionTheSources" time elapsed: 00:00:00
----------------------------------------------------------

22/181 Testing: x86-64-v2.BookEngine.ReplaceKeepsSideAndLocate
22/181 Test: x86-64-v2.BookEngine.ReplaceKeepsSideAndLocate
Command: "/Users/zefiepie/Downloads/ITCH-feed-handler-main/build/itch_tests" "--gtest_filter=BookEngine.ReplaceKeepsSideAndLocate" "--gtest_also_run_disabled_tests"
Directory: /Users/zefiepie/Downloads/ITCH-feed-handler-main/build
"x86-64-v2.BookEngine.ReplaceKeepsSideAndLocate" start time: Sep 24 22:20 +08
Output:
----------------------------------------------------------
Running main() from /Users/zefiepie/Downloads/ITCH-feed-handler-main/build/_deps/googletest-src/googletest/src/gtest_main.cc
Note: Google Test filter = BookEngine.ReplaceKeepsSideAndLocate
[==========] Running 1 test from 1 test suite.
[----------] Global test environment set-up.
[----------] 1 test from BookEngine
[ RUN      ] BookEngine.ReplaceKeepsSideAndLocate
[       OK ] BookEngine.ReplaceKeepsSideAndLocate (1 ms)
[----------] 1 test from BookEngine (1 ms total)

[----------] Global test environment tear-down
[==========] 1 test from 1 test suite ran. (1 ms total)
[  PASSED  ] 1 test.
<end of output>
Test time =   0.03 sec
----------------------------------------------------------
Test Passed.
"x86-64-v2.BookEngine.ReplaceKeepsSideAndLocate" end time: Sep 24 22:20 +08
"x86-64-v2.BookEngine.ReplaceKeepsSideAndLocate" time elapsed: 00:00:00
----------------------------------------------------------

170/181 Testing: x86-64-v3.MoldUdp64.HeartbeatAdvancesExpectationAndRevealsGaps
170/181 Test: x86-64-v3.MoldUdp64.HeartbeatAdvancesExpectationAndRevealsGaps
Command: "/Users/zefiepie/Downloads/ITCH-feed-handler-main/build/itch_tests_avx2" "--gtest_filter=MoldUdp64.HeartbeatAdvancesExpectationAndRevealsGaps" "--gtest_also_run_disabled_tests"
Directory: /Users/zefiepie/Downloads/ITCH-feed-handler-main/build
"x86-64-v3.MoldUdp64.HeartbeatAdvancesExpectationAndRevealsGaps" start time: Sep 24 22:20 +08
Output:
----------------------------------------------------------
Running main() from /Users/zefiepie/Downloads/ITCH-feed-handler-main/build/_deps/googletest-src/googletest/src/gtest_main.cc
Note: Google Test filter = MoldUdp64.HeartbeatAdvancesExpectationAndRevealsGaps
[==========] Running 1 test from 1 test suite.
[----------] Global test environment set-up.
[----------] 1 test from MoldUdp64
[ RUN      ] MoldUdp64.HeartbeatAdvancesExpectationAndRevealsGaps
[       OK ] MoldUdp64.HeartbeatAdvancesExpectationAndRevealsGaps (0 ms)
[----------] 1 test from MoldUdp64 (0 ms total)

[----------] Global test environment tear-down
[==========] 1 test from 1 test suite ran. (0 ms total)
[  PASSED  ] 1 test.
<end of output>
Test time =   0.03 sec
----------------------------------------------------------
Test Passed.
"x86-64-v3.MoldUdp64.HeartbeatAdvancesExpectationAndRevealsGaps" end time: Sep 24 22:20 +08
"x86-64-v3.MoldUdp64.HeartbeatAdvancesExpectationAndRevealsGaps" time elapsed: 00:00:00
----------------------------------------------------------

71/181 Testing: x86-64-v2.BboCache.ReadersNeverObserveTornSnapshots
71/181 Test: x86-64-v2.BboCache.ReadersNeverObserveTornSnapshots
Command: "/Users/zefiepie/Downloads/ITCH-feed-handler-main/build/itch_tests" "--gtest_filter=BboCache.ReadersNeverObserveTornSnapshots" "--gtest_also_run_disabled_tests"
Directory: /Users/zefiepie/Downloads/ITCH-feed-handler-main/build
"x86-64-v2.BboCache.ReadersNeverObserveTornSnapshots" start time: Sep 24 22:20 +08
Output:
----------------------------------------------------------
Running main() from /Users/zefiepie/Downloads/ITCH-feed-handler-main/build/_deps/googletest-src/googletest/src/gtest_main.cc
Note: Google Test filter = BboCache.ReadersNeverObserveTornSnapshots
[==========] Running 1 test from 1 test suite.
[----------] Global test environment set-up.
[----------] 1 test from BboCache
[ RUN      ] BboCache.ReadersNeverObserveTornSnapshots
[       OK ] BboCache.ReadersNeverObserveTornSnapshots (7 ms)
[----------] 1 test from BboCache (7 ms total)

[----------] Global test environment tear-down
[==========] 1 test from 1 test suite ran. (7 ms total)
[  PASSED  ] 1 test.
<end of output>
Test time =   0.04 sec
----------------------------------------------------------
Test Passed.
"x86-64-v2.BboCache.ReadersNeverObserveTornSnapshots" end time: Sep 24 22:20 +08
"x86-64-v2.BboCache.ReadersNeverObserveTornSnapshots" time elapsed: 00:00:00
----------------------------------------------------------

166/181 Testing: x86-64-v3.MoldUdp64.InOrderDelivery
166/181 Test: x86-64-v3.MoldUdp64.InOrderDelivery
Command: "/Users/zefiepie/Downloads/ITCH-feed-handler-main/build/itch_tests_avx2" "--gtest_filter=MoldUdp64.InOrderDelivery" "--gtest_also_run_disabled_tests"
Directory: /Users/zefiepie/Downloads/ITCH-feed-handler-main/build
"x86-64-v3.MoldUdp64.InOrderDelivery" start time: Sep 24 22:20 +08
Output:
----------------------------------------------------------
Running main() from /Users/zefiepie/Downloads/ITCH-feed-handler-main/build/_deps/googletest-src/googletest/src/gtest_main.cc
Note: Google Test filter = MoldUdp64.InOrderDelivery
[==========] Running 1 test from 1 test suite.
[----------] Global test environment set-up.
[----------] 1 test from MoldUdp64
[ RUN      ] MoldUdp64.InOrderDelivery
[       OK ] MoldUdp64.InOrderDelivery (0 ms)
[----------] 1 test from MoldUdp64 (0 ms total)

[----------] Global test environment tear-down
[==========] 1 test from 1 test suite ran. (0 ms total)
[  PASSED  ] 1 test.
<end of output>
Test time =   0.03 sec
----------------------------------------------------------
Test Passed.
"x86-64-v3.MoldUdp64.InOrderDelivery" end time: Sep 24 22:20 +08
"x86-64-v3.MoldUdp64.InOrderDelivery" time elapsed: 00:00:00
----------------------------------------------------------

7/181 Testing: x86-64-v2.GroupTest.MatchesAgreeWithBytewiseReference<itch::simd::GroupSwar>
7/181 Test: x86-64-v2.GroupTest.MatchesAgreeWithBytewiseReference<itch::simd::GroupSwar>
Command: "/Users/zefiepie/Downloads/ITCH-feed-handler-main/build/itch_tests" "--gtest_filter=GroupTest/0.MatchesAgreeWithBytewiseReference" "--gtest_also_run_disabled_tests"
Directory: /Users/zefiepie/Downloads/ITCH-feed-handler-main/build
"x86-64-v2.GroupTest.MatchesAgreeWithBytewiseReference<itch::simd::GroupSwar>" start time: Sep 24 22:20 +08
Output:
----------------------------------------------------------
Running main() from /Users/zefiepie/Downloads/ITCH-feed-handler-main/build/_deps/googletest-src/googletest/src/gtest_main.cc
Note: Google Test filter = GroupTest/0.MatchesAgreeWithBytewiseReference
[==========] Running 1 test from 1 test suite.
[----------] Global test environment set-up.
[----------] 1 test from GroupTest/0, where TypeParam = itch::simd::GroupSwar
[ RUN      ] GroupTest/0.MatchesAgreeWithBytewiseReference
[       OK ] GroupTest/0.MatchesAgreeWithBytewiseReference (2 ms)
[----------] 1 test from GroupTest/0 (2 ms total)

[----------] Global test environment tear-down
[==========] 1 test from 1 test suite ran. (2 ms total)
[  PASSED  ] 1 test.
<end of output>
Test time =   0.03 sec
----------------------------------------------------------
Test Passed.
"x86-64-v2.GroupTest.MatchesAgreeWithBytewiseReference<itch::simd::GroupSwar>" end time: Sep 24 22:20 +08
"x86-64-v2.GroupTest.MatchesAgreeWithBytewiseReference<itch::simd::GroupSwar>" time elapsed: 00:00:00
----------------------------------------------------------

53/181 Testing: x86-64-v2.MessageRoundTrip.EncodeDecodeIsIdentity<itch::MsgDirectListing>
53/181 Test: x86-64-v2.MessageRoundTrip.EncodeDecodeIsIdentity<itch::MsgDirectListing>
Command: "/Users/zefiepie/Downloads/ITCH-feed-handler-main/build/itch_tests" "--gtest_filter=MessageRoundTrip/22.EncodeDecodeIsIdentity" "--gtest_also_run_disabled_tests"
Directory: /Users/zefiepie/Downloads/ITCH-feed-handler-main/build
"x86-64-v2.MessageRoundTrip.EncodeDecodeIsIdentity<itch::MsgDirectListing>" start time: Sep 24 22:20 +08
Output:
----------------------------------------------------------
Running main() from /Users/zefiepie/Downloads/ITCH-feed-handler-main/build/_deps/googletest-src/googletest/src/gtest_main.cc
Note: Google Test filter = MessageRoundTrip/22.EncodeDecodeIsIdentity
[==========] Running 1 test from 1 test suite.
[----------] Global test environment set-up.
[----------] 1 test from MessageRoundTrip/22, where TypeParam = itch::MsgDirectListing
[ RUN      ] MessageRoundTrip/22.EncodeDecodeIsIdentity
[       OK ] MessageRoundTrip/22.EncodeDecodeIsIdentity (0 ms)
[----------] 1 test from MessageRoundTrip/22 (0 ms total)

[----------] Global test environment tear-down
[==========] 1 test from 1 test suite ran. (0 ms total)
[  PASSED  ] 1 test.
<end of output>
Test time =   0.03 sec
----------------------------------------------------------
Test Passed.
"x86-64-v2.MessageRoundTrip.EncodeDecodeIsIdentity<itch::MsgDirectListing>" end time: Sep 24 22:20 +08
"x86-64-v2.MessageRoundTrip.EncodeDecodeIsIdentity<itch::MsgDirectListing>" time elapsed: 00:00:00
----------------------------------------------------------

23/181 Testing: x86-64-v2.BookEngine.PartialThenFullExecution
23/181 Test: x86-64-v2.BookEngine.PartialThenFullExecution
Command: "/Users/zefiepie/Downloads/ITCH-feed-handler-main/build/itch_tests" "--gtest_filter=BookEngine.PartialThenFullExecution" "--gtest_also_run_disabled_tests"
Directory: /Users/zefiepie/Downloads/ITCH-feed-handler-main/build
"x86-64-v2.BookEngine.PartialThenFullExecution" start time: Sep 24 22:20 +08
Output:
----------------------------------------------------------
Running main() from /Users/zefiepie/Downloads/ITCH-feed-handler-main/build/_deps/googletest-src/googletest/src/gtest_main.cc
Note: Google Test filter = BookEngine.PartialThenFullExecution
[==========] Running 1 test from 1 test suite.
[----------] Global test environment set-up.
[----------] 1 test from BookEngine
[ RUN      ] BookEngine.PartialThenFullExecution
[       OK ] BookEngine.PartialThenFullExecution (1 ms)
[----------] 1 test from BookEngine (1 ms total)

[----------] Global test environment tear-down
[==========] 1 test from 1 test suite ran. (1 ms total)
[  PASSED  ] 1 test.
<end of output>
Test time =   0.03 sec
----------------------------------------------------------
Test Passed.
"x86-64-v2.BookEngine.PartialThenFullExecution" end time: Sep 24 22:20 +08
"x86-64-v2.BookEngine.PartialThenFullExecution" time elapsed: 00:00:00
----------------------------------------------------------

84/181 Testing: x86-64-v2.Histogram.BucketBoundsContainValueWithinRelativeError
84/181 Test: x86-64-v2.Histogram.BucketBoundsContainValueWithinRelativeError
Command: "/Users/zefiepie/Downloads/ITCH-feed-handler-main/build/itch_tests" "--gtest_filter=Histogram.BucketBoundsContainValueWithinRelativeError" "--gtest_also_run_disabled_tests"
Directory: /Users/zefiepie/Downloads/ITCH-feed-handler-main/build
"x86-64-v2.Histogram.BucketBoundsContainValueWithinRelativeError" start time: Sep 24 22:20 +08
Output:
----------------------------------------------------------
[...]
Directory: /Users/zefiepie/Downloads/ITCH-feed-handler-main/build
"x86-64-v3.MessageRoundTrip.EncodeDecodeIsIdentity<itch::MsgLuldAuctionCollar>" start time: Sep 24 22:20 +08
Output:
----------------------------------------------------------
Running main() from /Users/zefiepie/Downloads/ITCH-feed-handler-main/build/_deps/googletest-src/googletest/src/gtest_main.cc
Note: Google Test filter = MessageRoundTrip/8.EncodeDecodeIsIdentity
[==========] Running 1 test from 1 test suite.
[----------] Global test environment set-up.
[----------] 1 test from MessageRoundTrip/8, where TypeParam = itch::MsgLuldAuctionCollar
[ RUN      ] MessageRoundTrip/8.EncodeDecodeIsIdentity
[       OK ] MessageRoundTrip/8.EncodeDecodeIsIdentity (0 ms)
[----------] 1 test from MessageRoundTrip/8 (0 ms total)

[----------] Global test environment tear-down
[==========] 1 test from 1 test suite ran. (0 ms total)
[  PASSED  ] 1 test.
<end of output>
Test time =   0.03 sec
----------------------------------------------------------
Test Passed.
"x86-64-v3.MessageRoundTrip.EncodeDecodeIsIdentity<itch::MsgLuldAuctionCollar>" end time: Sep 24 22:20 +08
"x86-64-v3.MessageRoundTrip.EncodeDecodeIsIdentity<itch::MsgLuldAuctionCollar>" time elapsed: 00:00:00
----------------------------------------------------------

181/181 Testing: x86-64-v3.Histogram.TailIsNotLost
181/181 Test: x86-64-v3.Histogram.TailIsNotLost
Command: "/Users/zefiepie/Downloads/ITCH-feed-handler-main/build/itch_tests_avx2" "--gtest_filter=Histogram.TailIsNotLost" "--gtest_also_run_disabled_tests"
Directory: /Users/zefiepie/Downloads/ITCH-feed-handler-main/build
"x86-64-v3.Histogram.TailIsNotLost" start time: Sep 24 22:20 +08
Output:
----------------------------------------------------------
Running main() from /Users/zefiepie/Downloads/ITCH-feed-handler-main/build/_deps/googletest-src/googletest/src/gtest_main.cc
Note: Google Test filter = Histogram.TailIsNotLost
[==========] Running 1 test from 1 test suite.
[----------] Global test environment set-up.
[----------] 1 test from Histogram
[ RUN      ] Histogram.TailIsNotLost
[       OK ] Histogram.TailIsNotLost (0 ms)
[----------] 1 test from Histogram (0 ms total)

[----------] Global test environment tear-down
[==========] 1 test from 1 test suite ran. (0 ms total)
[  PASSED  ] 1 test.
<end of output>
Test time =   0.03 sec
----------------------------------------------------------
Test Passed.
"x86-64-v3.Histogram.TailIsNotLost" end time: Sep 24 22:20 +08
"x86-64-v3.Histogram.TailIsNotLost" time elapsed: 00:00:00
----------------------------------------------------------

180/181 Testing: x86-64-v3.Histogram.OutOfRangePercentilesAreClamped
180/181 Test: x86-64-v3.Histogram.OutOfRangePercentilesAreClamped
Command: "/Users/zefiepie/Downloads/ITCH-feed-handler-main/build/itch_tests_avx2" "--gtest_filter=Histogram.OutOfRangePercentilesAreClamped" "--gtest_also_run_disabled_tests"
Directory: /Users/zefiepie/Downloads/ITCH-feed-handler-main/build
"x86-64-v3.Histogram.OutOfRangePercentilesAreClamped" start time: Sep 24 22:20 +08
Output:
----------------------------------------------------------
Running main() from /Users/zefiepie/Downloads/ITCH-feed-handler-main/build/_deps/googletest-src/googletest/src/gtest_main.cc
Note: Google Test filter = Histogram.OutOfRangePercentilesAreClamped
[==========] Running 1 test from 1 test suite.
[----------] Global test environment set-up.
[----------] 1 test from Histogram
[ RUN      ] Histogram.OutOfRangePercentilesAreClamped
[       OK ] Histogram.OutOfRangePercentilesAreClamped (0 ms)
[----------] 1 test from Histogram (0 ms total)

[----------] Global test environment tear-down
[==========] 1 test from 1 test suite ran. (0 ms total)
[  PASSED  ] 1 test.
<end of output>
Test time =   0.03 sec
----------------------------------------------------------
Test Passed.
"x86-64-v3.Histogram.OutOfRangePercentilesAreClamped" end time: Sep 24 22:20 +08
"x86-64-v3.Histogram.OutOfRangePercentilesAreClamped" time elapsed: 00:00:00
----------------------------------------------------------

62/181 Testing: x86-64-v2.DepthProfiler.ChunkFormulaMatchesTheKernelScan
62/181 Test: x86-64-v2.DepthProfiler.ChunkFormulaMatchesTheKernelScan
Command: "/Users/zefiepie/Downloads/ITCH-feed-handler-main/build/itch_tests" "--gtest_filter=DepthProfiler.ChunkFormulaMatchesTheKernelScan" "--gtest_also_run_disabled_tests"
Directory: /Users/zefiepie/Downloads/ITCH-feed-handler-main/build
"x86-64-v2.DepthProfiler.ChunkFormulaMatchesTheKernelScan" start time: Sep 24 22:20 +08
Output:
----------------------------------------------------------
Running main() from /Users/zefiepie/Downloads/ITCH-feed-handler-main/build/_deps/googletest-src/googletest/src/gtest_main.cc
Note: Google Test filter = DepthProfiler.ChunkFormulaMatchesTheKernelScan
[==========] Running 1 test from 1 test suite.
[----------] Global test environment set-up.
[----------] 1 test from DepthProfiler
[ RUN      ] DepthProfiler.ChunkFormulaMatchesTheKernelScan
[       OK ] DepthProfiler.ChunkFormulaMatchesTheKernelScan (0 ms)
[----------] 1 test from DepthProfiler (0 ms total)

[----------] Global test environment tear-down
[==========] 1 test from 1 test suite ran. (0 ms total)
[  PASSED  ] 1 test.
<end of output>
Test time =   0.03 sec
----------------------------------------------------------
Test Passed.
"x86-64-v2.DepthProfiler.ChunkFormulaMatchesTheKernelScan" end time: Sep 24 22:20 +08
"x86-64-v2.DepthProfiler.ChunkFormulaMatchesTheKernelScan" time elapsed: 00:00:00
----------------------------------------------------------

77/181 Testing: x86-64-v2.MoldUdp64.HeartbeatAdvancesExpectationAndRevealsGaps
77/181 Test: x86-64-v2.MoldUdp64.HeartbeatAdvancesExpectationAndRevealsGaps
Command: "/Users/zefiepie/Downloads/ITCH-feed-handler-main/build/itch_tests" "--gtest_filter=MoldUdp64.HeartbeatAdvancesExpectationAndRevealsGaps" "--gtest_also_run_disabled_tests"
Directory: /Users/zefiepie/Downloads/ITCH-feed-handler-main/build
"x86-64-v2.MoldUdp64.HeartbeatAdvancesExpectationAndRevealsGaps" start time: Sep 24 22:20 +08
Output:
----------------------------------------------------------
Running main() from /Users/zefiepie/Downloads/ITCH-feed-handler-main/build/_deps/googletest-src/googletest/src/gtest_main.cc
Note: Google Test filter = MoldUdp64.HeartbeatAdvancesExpectationAndRevealsGaps
[==========] Running 1 test from 1 test suite.
[----------] Global test environment set-up.
[----------] 1 test from MoldUdp64
[ RUN      ] MoldUdp64.HeartbeatAdvancesExpectationAndRevealsGaps
[       OK ] MoldUdp64.HeartbeatAdvancesExpectationAndRevealsGaps (0 ms)
[----------] 1 test from MoldUdp64 (0 ms total)

[----------] Global test environment tear-down
[==========] 1 test from 1 test suite ran. (0 ms total)
[  PASSED  ] 1 test.
<end of output>
Test time =   0.03 sec
----------------------------------------------------------
Test Passed.
"x86-64-v2.MoldUdp64.HeartbeatAdvancesExpectationAndRevealsGaps" end time: Sep 24 22:20 +08
"x86-64-v2.MoldUdp64.HeartbeatAdvancesExpectationAndRevealsGaps" time elapsed: 00:00:00
----------------------------------------------------------

155/181 Testing: x86-64-v3.DepthProfiler.ChunkFormulaMatchesTheKernelScan
155/181 Test: x86-64-v3.DepthProfiler.ChunkFormulaMatchesTheKernelScan
Command: "/Users/zefiepie/Downloads/ITCH-feed-handler-main/build/itch_tests_avx2" "--gtest_filter=DepthProfiler.ChunkFormulaMatchesTheKernelScan" "--gtest_also_run_disabled_tests"
Directory: /Users/zefiepie/Downloads/ITCH-feed-handler-main/build
"x86-64-v3.DepthProfiler.ChunkFormulaMatchesTheKernelScan" start time: Sep 24 22:20 +08
Output:
----------------------------------------------------------
Running main() from /Users/zefiepie/Downloads/ITCH-feed-handler-main/build/_deps/googletest-src/googletest/src/gtest_main.cc
Note: Google Test filter = DepthProfiler.ChunkFormulaMatchesTheKernelScan
[==========] Running 1 test from 1 test suite.
[----------] Global test environment set-up.
[----------] 1 test from DepthProfiler
[ RUN      ] DepthProfiler.ChunkFormulaMatchesTheKernelScan
[       OK ] DepthProfiler.ChunkFormulaMatchesTheKernelScan (0 ms)
[----------] 1 test from DepthProfiler (0 ms total)

[----------] Global test environment tear-down
[==========] 1 test from 1 test suite ran. (0 ms total)
[  PASSED  ] 1 test.
<end of output>
Test time =   0.03 sec
----------------------------------------------------------
Test Passed.
"x86-64-v3.DepthProfiler.ChunkFormulaMatchesTheKernelScan" end time: Sep 24 22:20 +08
"x86-64-v3.DepthProfiler.ChunkFormulaMatchesTheKernelScan" time elapsed: 00:00:00
----------------------------------------------------------

157/181 Testing: x86-64-v3.DepthProfiler.NewLevelInsertionCountsOnlyBetterLevels
157/181 Test: x86-64-v3.DepthProfiler.NewLevelInsertionCountsOnlyBetterLevels
Command: "/Users/zefiepie/Downloads/ITCH-feed-handler-main/build/itch_tests_avx2" "--gtest_filter=DepthProfiler.NewLevelInsertionCountsOnlyBetterLevels" "--gtest_also_run_disabled_tests"
Directory: /Users/zefiepie/Downloads/ITCH-feed-handler-main/build
"x86-64-v3.DepthProfiler.NewLevelInsertionCountsOnlyBetterLevels" start time: Sep 24 22:20 +08
Output:
----------------------------------------------------------
Running main() from /Users/zefiepie/Downloads/ITCH-feed-handler-main/build/_deps/googletest-src/googletest/src/gtest_main.cc
Note: Google Test filter = DepthProfiler.NewLevelInsertionCountsOnlyBetterLevels
[==========] Running 1 test from 1 test suite.
[----------] Global test environment set-up.
[----------] 1 test from DepthProfiler
[ RUN      ] DepthProfiler.NewLevelInsertionCountsOnlyBetterLevels
[       OK ] DepthProfiler.NewLevelInsertionCountsOnlyBetterLevels (0 ms)
[----------] 1 test from DepthProfiler (0 ms total)

[----------] Global test environment tear-down
[==========] 1 test from 1 test suite ran. (0 ms total)
[  PASSED  ] 1 test.
<end of output>
Test time =   0.03 sec
----------------------------------------------------------
Test Passed.
"x86-64-v3.DepthProfiler.NewLevelInsertionCountsOnlyBetterLevels" end time: Sep 24 22:20 +08
"x86-64-v3.DepthProfiler.NewLevelInsertionCountsOnlyBetterLevels" time elapsed: 00:00:00
----------------------------------------------------------

156/181 Testing: x86-64-v3.DepthProfiler.ExistingLevelCountsItself
156/181 Test: x86-64-v3.DepthProfiler.ExistingLevelCountsItself
Command: "/Users/zefiepie/Downloads/ITCH-feed-handler-main/build/itch_tests_avx2" "--gtest_filter=DepthProfiler.ExistingLevelCountsItself" "--gtest_also_run_disabled_tests"
Directory: /Users/zefiepie/Downloads/ITCH-feed-handler-main/build
"x86-64-v3.DepthProfiler.ExistingLevelCountsItself" start time: Sep 24 22:20 +08
Output:
----------------------------------------------------------
Running main() from /Users/zefiepie/Downloads/ITCH-feed-handler-main/build/_deps/googletest-src/googletest/src/gtest_main.cc
Note: Google Test filter = DepthProfiler.ExistingLevelCountsItself
[==========] Running 1 test from 1 test suite.
[----------] Global test environment set-up.
[----------] 1 test from DepthProfiler
[ RUN      ] DepthProfiler.ExistingLevelCountsItself
[       OK ] DepthProfiler.ExistingLevelCountsItself (1 ms)
[----------] 1 test from DepthProfiler (1 ms total)

[----------] Global test environment tear-down
[==========] 1 test from 1 test suite ran. (1 ms total)
[  PASSED  ] 1 test.
<end of output>
Test time =   0.03 sec
----------------------------------------------------------
Test Passed.
"x86-64-v3.DepthProfiler.ExistingLevelCountsItself" end time: Sep 24 22:20 +08
"x86-64-v3.DepthProfiler.ExistingLevelCountsItself" time elapsed: 00:00:00
----------------------------------------------------------

158/181 Testing: x86-64-v3.DepthProfiler.ReplaceIsTwoSearchesAndSeesTheRemoval
158/181 Test: x86-64-v3.DepthProfiler.ReplaceIsTwoSearchesAndSeesTheRemoval
Command: "/Users/zefiepie/Downloads/ITCH-feed-handler-main/build/itch_tests_avx2" "--gtest_filter=DepthProfiler.ReplaceIsTwoSearchesAndSeesTheRemoval" "--gtest_also_run_disabled_tests"
Directory: /Users/zefiepie/Downloads/ITCH-feed-handler-main/build
"x86-64-v3.DepthProfiler.ReplaceIsTwoSearchesAndSeesTheRemoval" start time: Sep 24 22:20 +08
Output:
----------------------------------------------------------
Running main() from /Users/zefiepie/Downloads/ITCH-feed-handler-main/build/_deps/googletest-src/googletest/src/gtest_main.cc
Note: Google Test filter = DepthProfiler.ReplaceIsTwoSearchesAndSeesTheRemoval
[==========] Running 1 test from 1 test suite.
[----------] Global test environment set-up.
[----------] 1 test from DepthProfiler
[ RUN      ] DepthProfiler.ReplaceIsTwoSearchesAndSeesTheRemoval
[       OK ] DepthProfiler.ReplaceIsTwoSearchesAndSeesTheRemoval (0 ms)
[----------] 1 test from DepthProfiler (0 ms total)

[----------] Global test environment tear-down
[==========] 1 test from 1 test suite ran. (0 ms total)
[  PASSED  ] 1 test.
<end of output>
Test time =   0.03 sec
----------------------------------------------------------
Test Passed.
"x86-64-v3.DepthProfiler.ReplaceIsTwoSearchesAndSeesTheRemoval" end time: Sep 24 22:20 +08
"x86-64-v3.DepthProfiler.ReplaceIsTwoSearchesAndSeesTheRemoval" time elapsed: 00:00:00
----------------------------------------------------------

4/181 Testing: x86-64-v2.BlockMoveTest.ShiftsMatchMemmoveIncludingOverlap<unsigned int>
4/181 Test: x86-64-v2.BlockMoveTest.ShiftsMatchMemmoveIncludingOverlap<unsigned int>
Command: "/Users/zefiepie/Downloads/ITCH-feed-handler-main/build/itch_tests" "--gtest_filter=BlockMoveTest/0.ShiftsMatchMemmoveIncludingOverlap" "--gtest_also_run_disabled_tests"
Directory: /Users/zefiepie/Downloads/ITCH-feed-handler-main/build
"x86-64-v2.BlockMoveTest.ShiftsMatchMemmoveIncludingOverlap<unsigned int>" start time: Sep 24 22:20 +08
Output:
----------------------------------------------------------
Running main() from /Users/zefiepie/Downloads/ITCH-feed-handler-main/build/_deps/googletest-src/googletest/src/gtest_main.cc
Note: Google Test filter = BlockMoveTest/0.ShiftsMatchMemmoveIncludingOverlap
[==========] Running 1 test from 1 test suite.
[----------] Global test environment set-up.
[----------] 1 test from BlockMoveTest/0, where TypeParam = unsigned int
[ RUN      ] BlockMoveTest/0.ShiftsMatchMemmoveIncludingOverlap
[       OK ] BlockMoveTest/0.ShiftsMatchMemmoveIncludingOverlap (1 ms)
[----------] 1 test from BlockMoveTest/0 (1 ms total)

[----------] Global test environment tear-down
[==========] 1 test from 1 test suite ran. (1 ms total)
[  PASSED  ] 1 test.
<end of output>
Test time =   0.03 sec
----------------------------------------------------------
Test Passed.
"x86-64-v2.BlockMoveTest.ShiftsMatchMemmoveIncludingOverlap<unsigned int>" end time: Sep 24 22:20 +08
"x86-64-v2.BlockMoveTest.ShiftsMatchMemmoveIncludingOverlap<unsigned int>" time elapsed: 00:00:00
----------------------------------------------------------

5/181 Testing: x86-64-v2.BlockMoveTest.ShiftsMatchMemmoveIncludingOverlap<unsigned long long>
5/181 Test: x86-64-v2.BlockMoveTest.ShiftsMatchMemmoveIncludingOverlap<unsigned long long>
Command: "/Users/zefiepie/Downloads/ITCH-feed-handler-main/build/itch_tests" "--gtest_filter=BlockMoveTest/1.ShiftsMatchMemmoveIncludingOverlap" "--gtest_also_run_disabled_tests"
Directory: /Users/zefiepie/Downloads/ITCH-feed-handler-main/build
"x86-64-v2.BlockMoveTest.ShiftsMatchMemmoveIncludingOverlap<unsigned long long>" start time: Sep 24 22:20 +08
Output:
----------------------------------------------------------
Running main() from /Users/zefiepie/Downloads/ITCH-feed-handler-main/build/_deps/googletest-src/googletest/src/gtest_main.cc
Note: Google Test filter = BlockMoveTest/1.ShiftsMatchMemmoveIncludingOverlap
[==========] Running 1 test from 1 test suite.
[----------] Global test environment set-up.
[----------] 1 test from BlockMoveTest/1, where TypeParam = unsigned long long
[ RUN      ] BlockMoveTest/1.ShiftsMatchMemmoveIncludingOverlap
[       OK ] BlockMoveTest/1.ShiftsMatchMemmoveIncludingOverlap (1 ms)
[----------] 1 test from BlockMoveTest/1 (1 ms total)

[----------] Global test environment tear-down
[==========] 1 test from 1 test suite ran. (1 ms total)
[  PASSED  ] 1 test.
<end of output>
Test time =   0.02 sec
----------------------------------------------------------
Test Passed.
"x86-64-v2.BlockMoveTest.ShiftsMatchMemmoveIncludingOverlap<unsigned long long>" end time: Sep 24 22:20 +08
"x86-64-v2.BlockMoveTest.ShiftsMatchMemmoveIncludingOverlap<unsigned long long>" time elapsed: 00:00:00
----------------------------------------------------------

92/181 Testing: x86-64-v3.BlockMoveTest.ShiftsMatchMemmoveIncludingOverlap<unsigned int>
92/181 Test: x86-64-v3.BlockMoveTest.ShiftsMatchMemmoveIncludingOverlap<unsigned int>
Command: "/Users/zefiepie/Downloads/ITCH-feed-handler-main/build/itch_tests_avx2" "--gtest_filter=BlockMoveTest/0.ShiftsMatchMemmoveIncludingOverlap" "--gtest_also_run_disabled_tests"
Directory: /Users/zefiepie/Downloads/ITCH-feed-handler-main/build
"x86-64-v3.BlockMoveTest.ShiftsMatchMemmoveIncludingOverlap<unsigned int>" start time: Sep 24 22:20 +08
Output:
----------------------------------------------------------
Running main() from /Users/zefiepie/Downloads/ITCH-feed-handler-main/build/_deps/googletest-src/googletest/src/gtest_main.cc
Note: Google Test filter = BlockMoveTest/0.ShiftsMatchMemmoveIncludingOverlap
[==========] Running 1 test from 1 test suite.
[----------] Global test environment set-up.
[----------] 1 test from BlockMoveTest/0, where TypeParam = unsigned int
[ RUN      ] BlockMoveTest/0.ShiftsMatchMemmoveIncludingOverlap
[       OK ] BlockMoveTest/0.ShiftsMatchMemmoveIncludingOverlap (0 ms)
[----------] 1 test from BlockMoveTest/0 (0 ms total)

[----------] Global test environment tear-down
[==========] 1 test from 1 test suite ran. (0 ms total)
[  PASSED  ] 1 test.
<end of output>
Test time =   0.03 sec
----------------------------------------------------------
Test Passed.
"x86-64-v3.BlockMoveTest.ShiftsMatchMemmoveIncludingOverlap<unsigned int>" end time: Sep 24 22:20 +08
"x86-64-v3.BlockMoveTest.ShiftsMatchMemmoveIncludingOverlap<unsigned int>" time elapsed: 00:00:00
----------------------------------------------------------

93/181 Testing: x86-64-v3.BlockMoveTest.ShiftsMatchMemmoveIncludingOverlap<unsigned long long>
93/181 Test: x86-64-v3.BlockMoveTest.ShiftsMatchMemmoveIncludingOverlap<unsigned long long>
Command: "/Users/zefiepie/Downloads/ITCH-feed-handler-main/build/itch_tests_avx2" "--gtest_filter=BlockMoveTest/1.ShiftsMatchMemmoveIncludingOverlap" "--gtest_also_run_disabled_tests"
Directory: /Users/zefiepie/Downloads/ITCH-feed-handler-main/build
"x86-64-v3.BlockMoveTest.ShiftsMatchMemmoveIncludingOverlap<unsigned long long>" start time: Sep 24 22:20 +08
Output:
----------------------------------------------------------
Running main() from /Users/zefiepie/Downloads/ITCH-feed-handler-main/build/_deps/googletest-src/googletest/src/gtest_main.cc
Note: Google Test filter = BlockMoveTest/1.ShiftsMatchMemmoveIncludingOverlap
[==========] Running 1 test from 1 test suite.
[----------] Global test environment set-up.
[----------] 1 test from BlockMoveTest/1, where TypeParam = unsigned long long
[ RUN      ] BlockMoveTest/1.ShiftsMatchMemmoveIncludingOverlap
[       OK ] BlockMoveTest/1.ShiftsMatchMemmoveIncludingOverlap (1 ms)
[----------] 1 test from BlockMoveTest/1 (1 ms total)

[----------] Global test environment tear-down
[==========] 1 test from 1 test suite ran. (1 ms total)
[  PASSED  ] 1 test.
<end of output>
Test time =   0.02 sec
----------------------------------------------------------
Test Passed.
"x86-64-v3.BlockMoveTest.ShiftsMatchMemmoveIncludingOverlap<unsigned long long>" end time: Sep 24 22:20 +08
"x86-64-v3.BlockMoveTest.ShiftsMatchMemmoveIncludingOverlap<unsigned long long>" time elapsed: 00:00:00
----------------------------------------------------------

End testing: Sep 24 22:20 +08
