Start testing: Sep 25 18:30 +08
----------------------------------------------------------
1/189 Testing: x86-64-v2.LevelSearch.MatchesStdLowerBoundForAllSizes
1/189 Test: x86-64-v2.LevelSearch.MatchesStdLowerBoundForAllSizes
Command: "/Users/zefiepie/Documents/GitHub/parseritch/build-dev/itch_tests" "--gtest_filter=LevelSearch.MatchesStdLowerBoundForAllSizes" "--gtest_also_run_disabled_tests"
Directory: /Users/zefiepie/Documents/GitHub/parseritch/build-dev
"x86-64-v2.LevelSearch.MatchesStdLowerBoundForAllSizes" start time: Sep 25 18:30 +08
Output:
----------------------------------------------------------
Running main() from /Users/zefiepie/Documents/GitHub/parseritch/build-dev/_deps/googletest-src/googletest/src/gtest_main.cc
Note: Google Test filter = LevelSearch.MatchesStdLowerBoundForAllSizes
[==========] Running 1 test from 1 test suite.
[----------] Global test environment set-up.
[----------] 1 test from LevelSearch
[ RUN      ] LevelSearch.MatchesStdLowerBoundForAllSizes
[       OK ] LevelSearch.MatchesStdLowerBoundForAllSizes (13 ms)
[----------] 1 test from LevelSearch (13 ms total)

[----------] Global test environment tear-down
[==========] 1 test from 1 test suite ran. (13 ms total)
[  PASSED  ] 1 test.
<end of output>
Test time =   0.05 sec
----------------------------------------------------------
Test Passed.
"x86-64-v2.LevelSearch.MatchesStdLowerBoundForAllSizes" end time: Sep 25 18:30 +08
"x86-64-v2.LevelSearch.MatchesStdLowerBoundForAllSizes" time elapsed: 00:00:00
----------------------------------------------------------

2/189 Testing: x86-64-v2.LevelSearch.DuplicatesAndDenseTicks
2/189 Test: x86-64-v2.LevelSearch.DuplicatesAndDenseTicks
Command: "/Users/zefiepie/Documents/GitHub/parseritch/build-dev/itch_tests" "--gtest_filter=LevelSearch.DuplicatesAndDenseTicks" "--gtest_also_run_disabled_tests"
Directory: /Users/zefiepie/Documents/GitHub/parseritch/build-dev
"x86-64-v2.LevelSearch.DuplicatesAndDenseTicks" start time: Sep 25 18:30 +08
Output:
----------------------------------------------------------
Running main() from /Users/zefiepie/Documents/GitHub/parseritch/build-dev/_deps/googletest-src/googletest/src/gtest_main.cc
Note: Google Test filter = LevelSearch.DuplicatesAndDenseTicks
[==========] Running 1 test from 1 test suite.
[----------] Global test environment set-up.
[----------] 1 test from LevelSearch
[ RUN      ] LevelSearch.DuplicatesAndDenseTicks
[       OK ] LevelSearch.DuplicatesAndDenseTicks (0 ms)
[----------] 1 test from LevelSearch (0 ms total)

[----------] Global test environment tear-down
[==========] 1 test from 1 test suite ran. (0 ms total)
[  PASSED  ] 1 test.
<end of output>
Test time =   0.04 sec
----------------------------------------------------------
Test Passed.
"x86-64-v2.LevelSearch.DuplicatesAndDenseTicks" end time: Sep 25 18:30 +08
"x86-64-v2.LevelSearch.DuplicatesAndDenseTicks" time elapsed: 00:00:00
----------------------------------------------------------

3/189 Testing: x86-64-v2.LevelSearch.UnsignedOrderingAcrossSignBit
3/189 Test: x86-64-v2.LevelSearch.UnsignedOrderingAcrossSignBit
Command: "/Users/zefiepie/Documents/GitHub/parseritch/build-dev/itch_tests" "--gtest_filter=LevelSearch.UnsignedOrderingAcrossSignBit" "--gtest_also_run_disabled_tests"
Directory: /Users/zefiepie/Documents/GitHub/parseritch/build-dev
"x86-64-v2.LevelSearch.UnsignedOrderingAcrossSignBit" start time: Sep 25 18:30 +08
Output:
----------------------------------------------------------
Running main() from /Users/zefiepie/Documents/GitHub/parseritch/build-dev/_deps/googletest-src/googletest/src/gtest_main.cc
Note: Google Test filter = LevelSearch.UnsignedOrderingAcrossSignBit
[==========] Running 1 test from 1 test suite.
[----------] Global test environment set-up.
[----------] 1 test from LevelSearch
[ RUN      ] LevelSearch.UnsignedOrderingAcrossSignBit
[       OK ] LevelSearch.UnsignedOrderingAcrossSignBit (0 ms)
[----------] 1 test from LevelSearch (0 ms total)

[----------] Global test environment tear-down
[==========] 1 test from 1 test suite ran. (0 ms total)
[  PASSED  ] 1 test.
<end of output>
Test time =   0.04 sec
----------------------------------------------------------
Test Passed.
"x86-64-v2.LevelSearch.UnsignedOrderingAcrossSignBit" end time: Sep 25 18:30 +08
"x86-64-v2.LevelSearch.UnsignedOrderingAcrossSignBit" time elapsed: 00:00:00
----------------------------------------------------------

4/189 Testing: x86-64-v2.BlockMoveTest.ShiftsMatchMemmoveIncludingOverlap<unsigned int>
4/189 Test: x86-64-v2.BlockMoveTest.ShiftsMatchMemmoveIncludingOverlap<unsigned int>
Command: "/Users/zefiepie/Documents/GitHub/parseritch/build-dev/itch_tests" "--gtest_filter=BlockMoveTest/0.ShiftsMatchMemmoveIncludingOverlap" "--gtest_also_run_disabled_tests"
Directory: /Users/zefiepie/Documents/GitHub/parseritch/build-dev
"x86-64-v2.BlockMoveTest.ShiftsMatchMemmoveIncludingOverlap<unsigned int>" start time: Sep 25 18:30 +08
Output:
----------------------------------------------------------
Running main() from /Users/zefiepie/Documents/GitHub/parseritch/build-dev/_deps/googletest-src/googletest/src/gtest_main.cc
Note: Google Test filter = BlockMoveTest/0.ShiftsMatchMemmoveIncludingOverlap
[==========] Running 1 test from 1 test suite.
[----------] Global test environment set-up.
[----------] 1 test from BlockMoveTest/0, where TypeParam = unsigned int
[ RUN      ] BlockMoveTest/0.ShiftsMatchMemmoveIncludingOverlap
[       OK ] BlockMoveTest/0.ShiftsMatchMemmoveIncludingOverlap (1 ms)
[----------] 1 test from BlockMoveTest/0 (1 ms total)

[----------] Global test environment tear-down
[==========] 1 test from 1 test suite ran. (1 ms total)
[  PASSED  ] 1 test.
<end of output>
Test time =   0.04 sec
----------------------------------------------------------
Test Passed.
"x86-64-v2.BlockMoveTest.ShiftsMatchMemmoveIncludingOverlap<unsigned int>" end time: Sep 25 18:30 +08
"x86-64-v2.BlockMoveTest.ShiftsMatchMemmoveIncludingOverlap<unsigned int>" time elapsed: 00:00:00
----------------------------------------------------------

5/189 Testing: x86-64-v2.BlockMoveTest.ShiftsMatchMemmoveIncludingOverlap<unsigned long long>
5/189 Test: x86-64-v2.BlockMoveTest.ShiftsMatchMemmoveIncludingOverlap<unsigned long long>
Command: "/Users/zefiepie/Documents/GitHub/parseritch/build-dev/itch_tests" "--gtest_filter=BlockMoveTest/1.ShiftsMatchMemmoveIncludingOverlap" "--gtest_also_run_disabled_tests"
Directory: /Users/zefiepie/Documents/GitHub/parseritch/build-dev
"x86-64-v2.BlockMoveTest.ShiftsMatchMemmoveIncludingOverlap<unsigned long long>" start time: Sep 25 18:30 +08
Output:
----------------------------------------------------------
Running main() from /Users/zefiepie/Documents/GitHub/parseritch/build-dev/_deps/googletest-src/googletest/src/gtest_main.cc
Note: Google Test filter = BlockMoveTest/1.ShiftsMatchMemmoveIncludingOverlap
[==========] Running 1 test from 1 test suite.
[----------] Global test environment set-up.
[----------] 1 test from BlockMoveTest/1, where TypeParam = unsigned long long
[ RUN      ] BlockMoveTest/1.ShiftsMatchMemmoveIncludingOverlap
[       OK ] BlockMoveTest/1.ShiftsMatchMemmoveIncludingOverlap (1 ms)
[----------] 1 test from BlockMoveTest/1 (1 ms total)

[----------] Global test environment tear-down
[==========] 1 test from 1 test suite ran. (1 ms total)
[  PASSED  ] 1 test.
<end of output>
Test time =   0.04 sec
----------------------------------------------------------
Test Passed.
"x86-64-v2.BlockMoveTest.ShiftsMatchMemmoveIncludingOverlap<unsigned long long>" end time: Sep 25 18:30 +08
"x86-64-v2.BlockMoveTest.ShiftsMatchMemmoveIncludingOverlap<unsigned long long>" time elapsed: 00:00:00
----------------------------------------------------------

6/189 Testing: x86-64-v2.BlockMove.ZeroCountIsANoOp
6/189 Test: x86-64-v2.BlockMove.ZeroCountIsANoOp
Command: "/Users/zefiepie/Documents/GitHub/parseritch/build-dev/itch_tests" "--gtest_filter=BlockMove.ZeroCountIsANoOp" "--gtest_also_run_disabled_tests"
Directory: /Users/zefiepie/Documents/GitHub/parseritch/build-dev
"x86-64-v2.BlockMove.ZeroCountIsANoOp" start time: Sep 25 18:30 +08
Output:
----------------------------------------------------------
Running main() from /Users/zefiepie/Documents/GitHub/parseritch/build-dev/_deps/googletest-src/googletest/src/gtest_main.cc
Note: Google Test filter = BlockMove.ZeroCountIsANoOp
[==========] Running 1 test from 1 test suite.
[----------] Global test environment set-up.
[----------] 1 test from BlockMove
[ RUN      ] BlockMove.ZeroCountIsANoOp
[       OK ] BlockMove.ZeroCountIsANoOp (0 ms)
[----------] 1 test from BlockMove (0 ms total)

[----------] Global test environment tear-down
[==========] 1 test from 1 test suite ran. (0 ms total)
[  PASSED  ] 1 test.
<end of output>
Test time =   0.04 sec
----------------------------------------------------------
Test Passed.
"x86-64-v2.BlockMove.ZeroCountIsANoOp" end time: Sep 25 18:30 +08
"x86-64-v2.BlockMove.ZeroCountIsANoOp" time elapsed: 00:00:00
----------------------------------------------------------

7/189 Testing: x86-64-v2.GroupTest.MatchesAgreeWithBytewiseReference<itch::simd::GroupSwar>
7/189 Test: x86-64-v2.GroupTest.MatchesAgreeWithBytewiseReference<itch::simd::GroupSwar>
Command: "/Users/zefiepie/Documents/GitHub/parseritch/build-dev/itch_tests" "--gtest_filter=GroupTest/0.MatchesAgreeWithBytewiseReference" "--gtest_also_run_disabled_tests"
Directory: /Users/zefiepie/Documents/GitHub/parseritch/build-dev
"x86-64-v2.GroupTest.MatchesAgreeWithBytewiseReference<itch::simd::GroupSwar>" start time: Sep 25 18:30 +08
Output:
----------------------------------------------------------
Running main() from /Users/zefiepie/Documents/GitHub/parseritch/build-dev/_deps/googletest-src/googletest/src/gtest_main.cc
Note: Google Test filter = GroupTest/0.MatchesAgreeWithBytewiseReference
[==========] Running 1 test from 1 test suite.
[----------] Global test environment set-up.
[----------] 1 test from GroupTest/0, where TypeParam = itch::simd::GroupSwar
[ RUN      ] GroupTest/0.MatchesAgreeWithBytewiseReference
[       OK ] GroupTest/0.MatchesAgreeWithBytewiseReference (3 ms)
[----------] 1 test from GroupTest/0 (3 ms total)

[----------] Global test environment tear-down
[==========] 1 test from 1 test suite ran. (3 ms total)
[  PASSED  ] 1 test.
<end of output>
Test time =   0.04 sec
----------------------------------------------------------
Test Passed.
"x86-64-v2.GroupTest.MatchesAgreeWithBytewiseReference<itch::simd::GroupSwar>" end time: Sep 25 18:30 +08
"x86-64-v2.GroupTest.MatchesAgreeWithBytewiseReference<itch::simd::GroupSwar>" time elapsed: 00:00:00
----------------------------------------------------------

8/189 Testing: x86-64-v2.GroupTest.MatchesAgreeWithBytewiseReference<itch::simd::GroupSse2>
8/189 Test: x86-64-v2.GroupTest.MatchesAgreeWithBytewiseReference<itch::simd::GroupSse2>
Command: "/Users/zefiepie/Documents/GitHub/parseritch/build-dev/itch_tests" "--gtest_filter=GroupTest/1.MatchesAgreeWithBytewiseReference" "--gtest_also_run_disabled_tests"
Directory: /Users/zefiepie/Documents/GitHub/parseritch/build-dev
"x86-64-v2.GroupTest.MatchesAgreeWithBytewiseReference<itch::simd::GroupSse2>" start time: Sep 25 18:30 +08
Output:
----------------------------------------------------------
Running main() from /Users/zefiepie/Documents/GitHub/parseritch/build-dev/_deps/googletest-src/googletest/src/gtest_main.cc
Note: Google Test filter = GroupTest/1.MatchesAgreeWithBytewiseReference
[==========] Running 1 test from 1 test suite.
[----------] Global test environment set-up.
[----------] 1 test from GroupTest/1, where TypeParam = itch::simd::GroupSse2
[ RUN      ] GroupTest/1.MatchesAgreeWithBytewiseReference
[       OK ] GroupTest/1.MatchesAgreeWithBytewiseReference (7 ms)
[----------] 1 test from GroupTest/1 (7 ms total)

[----------] Global test environment tear-down
[==========] 1 test from 1 test suite ran. (7 ms total)
[  PASSED  ] 1 test.
<end of output>
Test time =   0.04 sec
----------------------------------------------------------
Test Passed.
"x86-64-v2.GroupTest.MatchesAgreeWithBytewiseReference<itch::simd::GroupSse2>" end time: Sep 25 18:30 +08
"x86-64-v2.GroupTest.MatchesAgreeWithBytewiseReference<itch::simd::GroupSse2>" time elapsed: 00:00:00
----------------------------------------------------------

9/189 Testing: x86-64-v2.GroupSwar.FalsePositivesOnlyFromBorrowAboveARealMatch
9/189 Test: x86-64-v2.GroupSwar.FalsePositivesOnlyFromBorrowAboveARealMatch
Command: "/Users/zefiepie/Documents/GitHub/parseritch/build-dev/itch_tests" "--gtest_filter=GroupSwar.FalsePositivesOnlyFromBorrowAboveARealMatch" "--gtest_also_run_disabled_tests"
Directory: /Users/zefiepie/Documents/GitHub/parseritch/build-dev
"x86-64-v2.GroupSwar.FalsePositivesOnlyFromBorrowAboveARealMatch" start time: Sep 25 18:30 +08
Output:
----------------------------------------------------------
Running main() from /Users/zefiepie/Documents/GitHub/parseritch/build-dev/_deps/googletest-src/googletest/src/gtest_main.cc
Note: Google Test filter = GroupSwar.FalsePositivesOnlyFromBorrowAboveARealMatch
[==========] Running 1 test from 1 test suite.
[----------] Global test environment set-up.
[----------] 1 test from GroupSwar
[ RUN      ] GroupSwar.FalsePositivesOnlyFromBorrowAboveARealMatch
[       OK ] GroupSwar.FalsePositivesOnlyFromBorrowAboveARealMatch (0 ms)
[----------] 1 test from GroupSwar (0 ms total)

[----------] Global test environment tear-down
[==========] 1 test from 1 test suite ran. (0 ms total)
[  PASSED  ] 1 test.
<end of output>
Test time =   0.03 sec
----------------------------------------------------------
Test Passed.
"x86-64-v2.GroupSwar.FalsePositivesOnlyFromBorrowAboveARealMatch" end time: Sep 25 18:30 +08
"x86-64-v2.GroupSwar.FalsePositivesOnlyFromBorrowAboveARealMatch" time elapsed: 00:00:00
----------------------------------------------------------

10/189 Testing: x86-64-v2.OrderMapTest.RandomOpsMatchModel<itch::simd::GroupSwar>
10/189 Test: x86-64-v2.OrderMapTest.RandomOpsMatchModel<itch::simd::GroupSwar>
Command: "/Users/zefiepie/Documents/GitHub/parseritch/build-dev/itch_tests" "--gtest_filter=OrderMapTest/0.RandomOpsMatchModel" "--gtest_also_run_disabled_tests"
Directory: /Users/zefiepie/Documents/GitHub/parseritch/build-dev
"x86-64-v2.OrderMapTest.RandomOpsMatchModel<itch::simd::GroupSwar>" start time: Sep 25 18:30 +08
Output:
----------------------------------------------------------
Running main() from /Users/zefiepie/Documents/GitHub/parseritch/build-dev/_deps/googletest-src/googletest/src/gtest_main.cc
Note: Google Test filter = OrderMapTest/0.RandomOpsMatchModel
[==========] Running 1 test from 1 test suite.
[----------] Global test environment set-up.
[----------] 1 test from OrderMapTest/0, where TypeParam = itch::simd::GroupSwar
[ RUN      ] OrderMapTest/0.RandomOpsMatchModel
[       OK ] OrderMapTest/0.RandomOpsMatchModel (41 ms)
[----------] 1 test from OrderMapTest/0 (41 ms total)

[----------] Global test environment tear-down
[==========] 1 test from 1 test suite ran. (41 ms total)
[  PASSED  ] 1 test.
<end of output>
Test time =   0.08 sec
----------------------------------------------------------
Test Passed.
"x86-64-v2.OrderMapTest.RandomOpsMatchModel<itch::simd::GroupSwar>" end time: Sep 25 18:30 +08
"x86-64-v2.OrderMapTest.RandomOpsMatchModel<itch::simd::GroupSwar>" time elapsed: 00:00:00
----------------------------------------------------------

11/189 Testing: x86-64-v2.OrderMapTest.GrowsFromTinyCapacity<itch::simd::GroupSwar>
11/189 Test: x86-64-v2.OrderMapTest.GrowsFromTinyCapacity<itch::simd::GroupSwar>
Command: "/Users/zefiepie/Documents/GitHub/parseritch/build-dev/itch_tests" "--gtest_filter=OrderMapTest/0.GrowsFromTinyCapacity" "--gtest_also_run_disabled_tests"
Directory: /Users/zefiepie/Documents/GitHub/parseritch/build-dev
"x86-64-v2.OrderMapTest.GrowsFromTinyCapacity<itch::simd::GroupSwar>" start time: Sep 25 18:30 +08
Output:
----------------------------------------------------------
Running main() from /Users/zefiepie/Documents/GitHub/parseritch/build-dev/_deps/googletest-src/googletest/src/gtest_main.cc
Note: Google Test filter = OrderMapTest/0.GrowsFromTinyCapacity
[==========] Running 1 test from 1 test suite.
[----------] Global test environment set-up.
[----------] 1 test from OrderMapTest/0, where TypeParam = itch::simd::GroupSwar
[ RUN      ] OrderMapTest/0.GrowsFromTinyCapacity
[       OK ] OrderMapTest/0.GrowsFromTinyCapacity (36 ms)
[----------] 1 test from OrderMapTest/0 (36 ms total)

[----------] Global test environment tear-down
[==========] 1 test from 1 test suite ran. (36 ms total)
[  PASSED  ] 1 test.
<end of output>
Test time =   0.07 sec
----------------------------------------------------------
Test Passed.
"x86-64-v2.OrderMapTest.GrowsFromTinyCapacity<itch::simd::GroupSwar>" end time: Sep 25 18:30 +08
"x86-64-v2.OrderMapTest.GrowsFromTinyCapacity<itch::simd::GroupSwar>" time elapsed: 00:00:00
----------------------------------------------------------

12/189 Testing: x86-64-v2.OrderMapTest.ChurnAtConstantSizeStaysBounded<itch::simd::GroupSwar>
12/189 Test: x86-64-v2.OrderMapTest.ChurnAtConstantSizeStaysBounded<itch::simd::GroupSwar>
Command: "/Users/zefiepie/Documents/GitHub/parseritch/build-dev/itch_tests" "--gtest_filter=OrderMapTest/0.ChurnAtConstantSizeStaysBounded" "--gtest_also_run_disabled_tests"
Directory: /Users/zefiepie/Documents/GitHub/parseritch/build-dev
"x86-64-v2.OrderMapTest.ChurnAtConstantSizeStaysBounded<itch::simd::GroupSwar>" start time: Sep 25 18:30 +08
Output:
----------------------------------------------------------
Running main() from /Users/zefiepie/Documents/GitHub/parseritch/build-dev/_deps/googletest-src/googletest/src/gtest_main.cc
Note: Google Test filter = OrderMapTest/0.ChurnAtConstantSizeStaysBounded
[==========] Running 1 test from 1 test suite.
[----------] Global test environment set-up.
[----------] 1 test from OrderMapTest/0, where TypeParam = itch::simd::GroupSwar
[ RUN      ] OrderMapTest/0.ChurnAtConstantSizeStaysBounded
[       OK ] OrderMapTest/0.ChurnAtConstantSizeStaysBounded (65 ms)
[----------] 1 test from OrderMapTest/0 (65 ms total)

[----------] Global test environment tear-down
[==========] 1 test from 1 test suite ran. (65 ms total)
[  PASSED  ] 1 test.
<end of output>
Test time =   0.10 sec
----------------------------------------------------------
Test Passed.
"x86-64-v2.OrderMapTest.ChurnAtConstantSizeStaysBounded<itch::simd::GroupSwar>" end time: Sep 25 18:30 +08
"x86-64-v2.OrderMapTest.ChurnAtConstantSizeStaysBounded<itch::simd::GroupSwar>" time elapsed: 00:00:00
----------------------------------------------------------

13/189 Testing: x86-64-v2.OrderMapTest.ClearKeepsCapacity<itch::simd::GroupSwar>
13/189 Test: x86-64-v2.OrderMapTest.ClearKeepsCapacity<itch::simd::GroupSwar>
Command: "/Users/zefiepie/Documents/GitHub/parseritch/build-dev/itch_tests" "--gtest_filter=OrderMapTest/0.ClearKeepsCapacity" "--gtest_also_run_disabled_tests"
Directory: /Users/zefiepie/Documents/GitHub/parseritch/build-dev
"x86-64-v2.OrderMapTest.ClearKeepsCapacity<itch::simd::GroupSwar>" start time: Sep 25 18:30 +08
Output:
----------------------------------------------------------
Running main() from /Users/zefiepie/Documents/GitHub/parseritch/build-dev/_deps/googletest-src/googletest/src/gtest_main.cc
Note: Google Test filter = OrderMapTest/0.ClearKeepsCapacity
[==========] Running 1 test from 1 test suite.
[----------] Global test environment set-up.
[----------] 1 test from OrderMapTest/0, where TypeParam = itch::simd::GroupSwar
[ RUN      ] OrderMapTest/0.ClearKeepsCapacity
[       OK ] OrderMapTest/0.ClearKeepsCapacity (0 ms)
[----------] 1 test from OrderMapTest/0 (0 ms total)

[----------] Global test environment tear-down
[==========] 1 test from 1 test suite ran. (0 ms total)
[  PASSED  ] 1 test.
<end of output>
Test time =   0.03 sec
----------------------------------------------------------
Test Passed.
"x86-64-v2.OrderMapTest.ClearKeepsCapacity<itch::simd::GroupSwar>" end time: Sep 25 18:30 +08
"x86-64-v2.OrderMapTest.ClearKeepsCapacity<itch::simd::GroupSwar>" time elapsed: 00:00:00
----------------------------------------------------------

14/189 Testing: x86-64-v2.OrderMapTest.RandomOpsMatchModel<itch::simd::GroupSse2>
14/189 Test: x86-64-v2.OrderMapTest.RandomOpsMatchModel<itch::simd::GroupSse2>
Command: "/Users/zefiepie/Documents/GitHub/parseritch/build-dev/itch_tests" "--gtest_filter=OrderMapTest/1.RandomOpsMatchModel" "--gtest_also_run_disabled_tests"
Directory: /Users/zefiepie/Documents/GitHub/parseritch/build-dev
"x86-64-v2.OrderMapTest.RandomOpsMatchModel<itch::simd::GroupSse2>" start time: Sep 25 18:30 +08
Output:
----------------------------------------------------------
Running main() from /Users/zefiepie/Documents/GitHub/parseritch/build-dev/_deps/googletest-src/googletest/src/gtest_main.cc
Note: Google Test filter = OrderMapTest/1.RandomOpsMatchModel
[==========] Running 1 test from 1 test suite.
[----------] Global test environment set-up.
[----------] 1 test from OrderMapTest/1, where TypeParam = itch::simd::GroupSse2
[ RUN      ] OrderMapTest/1.RandomOpsMatchModel
[       OK ] OrderMapTest/1.RandomOpsMatchModel (41 ms)
[----------] 1 test from OrderMapTest/1 (41 ms total)

[----------] Global test environment tear-down
[==========] 1 test from 1 test suite ran. (41 ms total)
[  PASSED  ] 1 test.
<end of output>
Test time =   0.08 sec
----------------------------------------------------------
Test Passed.
"x86-64-v2.OrderMapTest.RandomOpsMatchModel<itch::simd::GroupSse2>" end time: Sep 25 18:30 +08
"x86-64-v2.OrderMapTest.RandomOpsMatchModel<itch::simd::GroupSse2>" time elapsed: 00:00:00
----------------------------------------------------------

15/189 Testing: x86-64-v2.OrderMapTest.GrowsFromTinyCapacity<itch::simd::GroupSse2>
15/189 Test: x86-64-v2.OrderMapTest.GrowsFromTinyCapacity<itch::simd::GroupSse2>
Command: "/Users/zefiepie/Documents/GitHub/parseritch/build-dev/itch_tests" "--gtest_filter=OrderMapTest/1.GrowsFromTinyCapacity" "--gtest_also_run_disabled_tests"
Directory: /Users/zefiepie/Documents/GitHub/parseritch/build-dev
"x86-64-v2.OrderMapTest.GrowsFromTinyCapacity<itch::simd::GroupSse2>" start time: Sep 25 18:30 +08
Output:
----------------------------------------------------------
Running main() from /Users/zefiepie/Documents/GitHub/parseritch/build-dev/_deps/googletest-src/googletest/src/gtest_main.cc
Note: Google Test filter = OrderMapTest/1.GrowsFromTinyCapacity
[==========] Running 1 test from 1 test suite.
[----------] Global test environment set-up.
[----------] 1 test from OrderMapTest/1, where TypeParam = itch::simd::GroupSse2
[ RUN      ] OrderMapTest/1.GrowsFromTinyCapacity
[       OK ] OrderMapTest/1.GrowsFromTinyCapacity (34 ms)
[----------] 1 test from OrderMapTest/1 (34 ms total)

[----------] Global test environment tear-down
[==========] 1 test from 1 test suite ran. (34 ms total)
[  PASSED  ] 1 test.
<end of output>
Test time =   0.07 sec
----------------------------------------------------------
Test Passed.
"x86-64-v2.OrderMapTest.GrowsFromTinyCapacity<itch::simd::GroupSse2>" end time: Sep 25 18:30 +08
"x86-64-v2.OrderMapTest.GrowsFromTinyCapacity<itch::simd::GroupSse2>" time elapsed: 00:00:00
----------------------------------------------------------

16/189 Testing: x86-64-v2.OrderMapTest.ChurnAtConstantSizeStaysBounded<itch::simd::GroupSse2>
16/189 Test: x86-64-v2.OrderMapTest.ChurnAtConstantSizeStaysBounded<itch::simd::GroupSse2>
Command: "/Users/zefiepie/Documents/GitHub/parseritch/build-dev/itch_tests" "--gtest_filter=OrderMapTest/1.ChurnAtConstantSizeStaysBounded" "--gtest_also_run_disabled_tests"
Directory: /Users/zefiepie/Documents/GitHub/parseritch/build-dev
"x86-64-v2.OrderMapTest.ChurnAtConstantSizeStaysBounded<itch::simd::GroupSse2>" start time: Sep 25 18:30 +08
Output:
----------------------------------------------------------
Running main() from /Users/zefiepie/Documents/GitHub/parseritch/build-dev/_deps/googletest-src/googletest/src/gtest_main.cc
Note: Google Test filter = OrderMapTest/1.ChurnAtConstantSizeStaysBounded
[==========] Running 1 test from 1 test suite.
[----------] Global test environment set-up.
[----------] 1 test from OrderMapTest/1, where TypeParam = itch::simd::GroupSse2
[ RUN      ] OrderMapTest/1.ChurnAtConstantSizeStaysBounded
[       OK ] OrderMapTest/1.ChurnAtConstantSizeStaysBounded (67 ms)
[----------] 1 test from OrderMapTest/1 (67 ms total)

[----------] Global test environment tear-down
[==========] 1 test from 1 test suite ran. (67 ms total)
[  PASSED  ] 1 test.
<end of output>
Test time =   0.10 sec
----------------------------------------------------------
Test Passed.
"x86-64-v2.OrderMapTest.ChurnAtConstantSizeStaysBounded<itch::simd::GroupSse2>" end time: Sep 25 18:30 +08
"x86-64-v2.OrderMapTest.ChurnAtConstantSizeStaysBounded<itch::simd::GroupSse2>" time elapsed: 00:00:00
----------------------------------------------------------

17/189 Testing: x86-64-v2.OrderMapTest.ClearKeepsCapacity<itch::simd::GroupSse2>
17/189 Test: x86-64-v2.OrderMapTest.ClearKeepsCapacity<itch::simd::GroupSse2>
Command: "/Users/zefiepie/Documents/GitHub/parseritch/build-dev/itch_tests" "--gtest_filter=OrderMapTest/1.ClearKeepsCapacity" "--gtest_also_run_disabled_tests"
Directory: /Users/zefiepie/Documents/GitHub/parseritch/build-dev
"x86-64-v2.OrderMapTest.ClearKeepsCapacity<itch::simd::GroupSse2>" start time: Sep 25 18:30 +08
Output:
----------------------------------------------------------
Running main() from /Users/zefiepie/Documents/GitHub/parseritch/build-dev/_deps/googletest-src/googletest/src/gtest_main.cc
Note: Google Test filter = OrderMapTest/1.ClearKeepsCapacity
[==========] Running 1 test from 1 test suite.
[----------] Global test environment set-up.
[----------] 1 test from OrderMapTest/1, where TypeParam = itch::simd::GroupSse2
[ RUN      ] OrderMapTest/1.ClearKeepsCapacity
[       OK ] OrderMapTest/1.ClearKeepsCapacity (0 ms)
[----------] 1 test from OrderMapTest/1 (0 ms total)

[----------] Global test environment tear-down
[==========] 1 test from 1 test suite ran. (0 ms total)
[  PASSED  ] 1 test.
<end of output>
Test time =   0.03 sec
----------------------------------------------------------
Test Passed.
"x86-64-v2.OrderMapTest.ClearKeepsCapacity<itch::simd::GroupSse2>" end time: Sep 25 18:30 +08
"x86-64-v2.OrderMapTest.ClearKeepsCapacity<itch::simd::GroupSse2>" time elapsed: 00:00:00
----------------------------------------------------------

18/189 Testing: x86-64-v2.OrderMap.CapacityHonoursSevenEighthsLoad
18/189 Test: x86-64-v2.OrderMap.CapacityHonoursSevenEighthsLoad
Command: "/Users/zefiepie/Documents/GitHub/parseritch/build-dev/itch_tests" "--gtest_filter=OrderMap.CapacityHonoursSevenEighthsLoad" "--gtest_also_run_disabled_tests"
Directory: /Users/zefiepie/Documents/GitHub/parseritch/build-dev
"x86-64-v2.OrderMap.CapacityHonoursSevenEighthsLoad" start time: Sep 25 18:30 +08
Output:
----------------------------------------------------------
Running main() from /Users/zefiepie/Documents/GitHub/parseritch/build-dev/_deps/googletest-src/googletest/src/gtest_main.cc
Note: Google Test filter = OrderMap.CapacityHonoursSevenEighthsLoad
[==========] Running 1 test from 1 test suite.
[----------] Global test environment set-up.
[----------] 1 test from OrderMap
[ RUN      ] OrderMap.CapacityHonoursSevenEighthsLoad
[       OK ] OrderMap.CapacityHonoursSevenEighthsLoad (12 ms)
[----------] 1 test from OrderMap (12 ms total)

[----------] Global test environment tear-down
[==========] 1 test from 1 test suite ran. (12 ms total)
[  PASSED  ] 1 test.
<end of output>
Test time =   0.05 sec
----------------------------------------------------------
Test Passed.
"x86-64-v2.OrderMap.CapacityHonoursSevenEighthsLoad" end time: Sep 25 18:30 +08
"x86-64-v2.OrderMap.CapacityHonoursSevenEighthsLoad" time elapsed: 00:00:00
----------------------------------------------------------

19/189 Testing: x86-64-v2.LevelSide.RandomAddReduceMatchesMap
19/189 Test: x86-64-v2.LevelSide.RandomAddReduceMatchesMap
Command: "/Users/zefiepie/Documents/GitHub/parseritch/build-dev/itch_tests" "--gtest_filter=LevelSide.RandomAddReduceMatchesMap" "--gtest_also_run_disabled_tests"
Directory: /Users/zefiepie/Documents/GitHub/parseritch/build-dev
"x86-64-v2.LevelSide.RandomAddReduceMatchesMap" start time: Sep 25 18:30 +08
Output:
----------------------------------------------------------
Running main() from /Users/zefiepie/Documents/GitHub/parseritch/build-dev/_deps/googletest-src/googletest/src/gtest_main.cc
Note: Google Test filter = LevelSide.RandomAddReduceMatchesMap
[==========] Running 1 test from 1 test suite.
[----------] Global test environment set-up.
[----------] 1 test from LevelSide
[ RUN      ] LevelSide.RandomAddReduceMatchesMap
[       OK ] LevelSide.RandomAddReduceMatchesMap (28 ms)
[----------] 1 test from LevelSide (28 ms total)

[----------] Global test environment tear-down
[==========] 1 test from 1 test suite ran. (28 ms total)
[  PASSED  ] 1 test.
<end of output>
Test time =   0.06 sec
----------------------------------------------------------
Test Passed.
"x86-64-v2.LevelSide.RandomAddReduceMatchesMap" end time: Sep 25 18:30 +08
"x86-64-v2.LevelSide.RandomAddReduceMatchesMap" time elapsed: 00:00:00
----------------------------------------------------------

20/189 Testing: x86-64-v2.LevelSide.ReduceOnEmptyOrMissingLevelIsReported
20/189 Test: x86-64-v2.LevelSide.ReduceOnEmptyOrMissingLevelIsReported
Command: "/Users/zefiepie/Documents/GitHub/parseritch/build-dev/itch_tests" "--gtest_filter=LevelSide.ReduceOnEmptyOrMissingLevelIsReported" "--gtest_also_run_disabled_tests"
Directory: /Users/zefiepie/Documents/GitHub/parseritch/build-dev
"x86-64-v2.LevelSide.ReduceOnEmptyOrMissingLevelIsReported" start time: Sep 25 18:30 +08
Output:
----------------------------------------------------------
Running main() from /Users/zefiepie/Documents/GitHub/parseritch/build-dev/_deps/googletest-src/googletest/src/gtest_main.cc
Note: Google Test filter = LevelSide.ReduceOnEmptyOrMissingLevelIsReported
[==========] Running 1 test from 1 test suite.
[----------] Global test environment set-up.
[----------] 1 test from LevelSide
[ RUN      ] LevelSide.ReduceOnEmptyOrMissingLevelIsReported
[       OK ] LevelSide.ReduceOnEmptyOrMissingLevelIsReported (0 ms)
[----------] 1 test from LevelSide (0 ms total)

[----------] Global test environment tear-down
[==========] 1 test from 1 test suite ran. (0 ms total)
[  PASSED  ] 1 test.
<end of output>
Test time =   0.03 sec
----------------------------------------------------------
Test Passed.
"x86-64-v2.LevelSide.ReduceOnEmptyOrMissingLevelIsReported" end time: Sep 25 18:30 +08
"x86-64-v2.LevelSide.ReduceOnEmptyOrMissingLevelIsReported" time elapsed: 00:00:00
----------------------------------------------------------

21/189 Testing: x86-64-v2.BookEngine.BidAskOrderingAndTopOfBook
21/189 Test: x86-64-v2.BookEngine.BidAskOrderingAndTopOfBook
Command: "/Users/zefiepie/Documents/GitHub/parseritch/build-dev/itch_tests" "--gtest_filter=BookEngine.BidAskOrderingAndTopOfBook" "--gtest_also_run_disabled_tests"
Directory: /Users/zefiepie/Documents/GitHub/parseritch/build-dev
"x86-64-v2.BookEngine.BidAskOrderingAndTopOfBook" start time: Sep 25 18:30 +08
Output:
----------------------------------------------------------
Running main() from /Users/zefiepie/Documents/GitHub/parseritch/build-dev/_deps/googletest-src/googletest/src/gtest_main.cc
Note: Google Test filter = BookEngine.BidAskOrderingAndTopOfBook
[==========] Running 1 test from 1 test suite.
[----------] Global test environment set-up.
[----------] 1 test from BookEngine
[ RUN      ] BookEngine.BidAskOrderingAndTopOfBook
[       OK ] BookEngine.BidAskOrderingAndTopOfBook (1 ms)
[----------] 1 test from BookEngine (1 ms total)

[----------] Global test environment tear-down
[==========] 1 test from 1 test suite ran. (1 ms total)
[  PASSED  ] 1 test.
<end of output>
Test time =   0.03 sec
----------------------------------------------------------
Test Passed.
"x86-64-v2.BookEngine.BidAskOrderingAndTopOfBook" end time: Sep 25 18:30 +08
"x86-64-v2.BookEngine.BidAskOrderingAndTopOfBook" time elapsed: 00:00:00
----------------------------------------------------------

22/189 Testing: x86-64-v2.BookEngine.ReplaceKeepsSideAndLocate
22/189 Test: x86-64-v2.BookEngine.ReplaceKeepsSideAndLocate
Command: "/Users/zefiepie/Documents/GitHub/parseritch/build-dev/itch_tests" "--gtest_filter=BookEngine.ReplaceKeepsSideAndLocate" "--gtest_also_run_disabled_tests"
Directory: /Users/zefiepie/Documents/GitHub/parseritch/build-dev
"x86-64-v2.BookEngine.ReplaceKeepsSideAndLocate" start time: Sep 25 18:30 +08
Output:
----------------------------------------------------------
Running main() from /Users/zefiepie/Documents/GitHub/parseritch/build-dev/_deps/googletest-src/googletest/src/gtest_main.cc
Note: Google Test filter = BookEngine.ReplaceKeepsSideAndLocate
[==========] Running 1 test from 1 test suite.
[----------] Global test environment set-up.
[----------] 1 test from BookEngine
[ RUN      ] BookEngine.ReplaceKeepsSideAndLocate
[       OK ] BookEngine.ReplaceKeepsSideAndLocate (1 ms)
[----------] 1 test from BookEngine (1 ms total)

[----------] Global test environment tear-down
[==========] 1 test from 1 test suite ran. (1 ms total)
[  PASSED  ] 1 test.
<end of output>
Test time =   0.03 sec
----------------------------------------------------------
Test Passed.
"x86-64-v2.BookEngine.ReplaceKeepsSideAndLocate" end time: Sep 25 18:30 +08
"x86-64-v2.BookEngine.ReplaceKeepsSideAndLocate" time elapsed: 00:00:00
----------------------------------------------------------

23/189 Testing: x86-64-v2.BookEngine.PartialThenFullExecution
23/189 Test: x86-64-v2.BookEngine.PartialThenFullExecution
Command: "/Users/zefiepie/Documents/GitHub/parseritch/build-dev/itch_tests" "--gtest_filter=BookEngine.PartialThenFullExecution" "--gtest_also_run_disabled_tests"
Directory: /Users/zefiepie/Documents/GitHub/parseritch/build-dev
"x86-64-v2.BookEngine.PartialThenFullExecution" start time: Sep 25 18:30 +08
Output:
----------------------------------------------------------
Running main() from /Users/zefiepie/Documents/GitHub/parseritch/build-dev/_deps/googletest-src/googletest/src/gtest_main.cc
Note: Google Test filter = BookEngine.PartialThenFullExecution
[==========] Running 1 test from 1 test suite.
[----------] Global test environment set-up.
[----------] 1 test from BookEngine
[ RUN      ] BookEngine.PartialThenFullExecution
[       OK ] BookEngine.PartialThenFullExecution (1 ms)
[----------] 1 test from BookEngine (1 ms total)

[----------] Global test environment tear-down
[==========] 1 test from 1 test suite ran. (1 ms total)
[  PASSED  ] 1 test.
<end of output>
Test time =   0.03 sec
----------------------------------------------------------
Test Passed.
"x86-64-v2.BookEngine.PartialThenFullExecution" end time: Sep 25 18:30 +08
"x86-64-v2.BookEngine.PartialThenFullExecution" time elapsed: 00:00:00
----------------------------------------------------------

24/189 Testing: x86-64-v2.BookEngine.ZeroShareReduceIsANoOp
24/189 Test: x86-64-v2.BookEngine.ZeroShareReduceIsANoOp
Command: "/Users/zefiepie/Documents/GitHub/parseritch/build-dev/itch_tests" "--gtest_filter=BookEngine.ZeroShareReduceIsANoOp" "--gtest_also_run_disabled_tests"
Directory: /Users/zefiepie/Documents/GitHub/parseritch/build-dev
"x86-64-v2.BookEngine.ZeroShareReduceIsANoOp" start time: Sep 25 18:30 +08
Output:
----------------------------------------------------------
Running main() from /Users/zefiepie/Documents/GitHub/parseritch/build-dev/_deps/googletest-src/googletest/src/gtest_main.cc
Note: Google Test filter = BookEngine.ZeroShareReduceIsANoOp
[==========] Running 1 test from 1 test suite.
[----------] Global test environment set-up.
[----------] 1 test from BookEngine
[ RUN      ] BookEngine.ZeroShareReduceIsANoOp
[       OK ] BookEngine.ZeroShareReduceIsANoOp (1 ms)
[----------] 1 test from BookEngine (1 ms total)

[----------] Global test environment tear-down
[==========] 1 test from 1 test suite ran. (1 ms total)
[  PASSED  ] 1 test.
<end of output>
Test time =   0.03 sec
----------------------------------------------------------
Test Passed.
"x86-64-v2.BookEngine.ZeroShareReduceIsANoOp" end time: Sep 25 18:30 +08
"x86-64-v2.BookEngine.ZeroShareReduceIsANoOp" time elapsed: 00:00:00
----------------------------------------------------------

25/189 Testing: x86-64-v2.BookEngine.AnomaliesAreCountedNotFatal
25/189 Test: x86-64-v2.BookEngine.AnomaliesAreCountedNotFatal
Command: "/Users/zefiepie/Documents/GitHub/parseritch/build-dev/itch_tests" "--gtest_filter=BookEngine.AnomaliesAreCountedNotFatal" "--gtest_also_run_disabled_tests"
Directory: /Users/zefiepie/Documents/GitHub/parseritch/build-dev
"x86-64-v2.BookEngine.AnomaliesAreCountedNotFatal" start time: Sep 25 18:30 +08
Output:
----------------------------------------------------------
Running main() from /Users/zefiepie/Documents/GitHub/parseritch/build-dev/_deps/googletest-src/googletest/src/gtest_main.cc
Note: Google Test filter = BookEngine.AnomaliesAreCountedNotFatal
[==========] Running 1 test from 1 test suite.
[----------] Global test environment set-up.
[----------] 1 test from BookEngine
[ RUN      ] BookEngine.AnomaliesAreCountedNotFatal
[       OK ] BookEngine.AnomaliesAreCountedNotFatal (0 ms)
[----------] 1 test from BookEngine (0 ms total)

[----------] Global test environment tear-down
[==========] 1 test from 1 test suite ran. (1 ms total)
[  PASSED  ] 1 test.
<end of output>
Test time =   0.03 sec
----------------------------------------------------------
Test Passed.
"x86-64-v2.BookEngine.AnomaliesAreCountedNotFatal" end time: Sep 25 18:30 +08
"x86-64-v2.BookEngine.AnomaliesAreCountedNotFatal" time elapsed: 00:00:00
----------------------------------------------------------

26/189 Testing: x86-64-v2.BookPipeline.SyntheticSessionMatchesReferenceEngine
26/189 Test: x86-64-v2.BookPipeline.SyntheticSessionMatchesReferenceEngine
Command: "/Users/zefiepie/Documents/GitHub/parseritch/build-dev/itch_tests" "--gtest_filter=BookPipeline.SyntheticSessionMatchesReferenceEngine" "--gtest_also_run_disabled_tests"
Directory: /Users/zefiepie/Documents/GitHub/parseritch/build-dev
"x86-64-v2.BookPipeline.SyntheticSessionMatchesReferenceEngine" start time: Sep 25 18:30 +08
Output:
----------------------------------------------------------
Running main() from /Users/zefiepie/Documents/GitHub/parseritch/build-dev/_deps/googletest-src/googletest/src/gtest_main.cc
Note: Google Test filter = BookPipeline.SyntheticSessionMatchesReferenceEngine
[==========] Running 1 test from 1 test suite.
[----------] Global test environment set-up.
[----------] 1 test from BookPipeline
[ RUN      ] BookPipeline.SyntheticSessionMatchesReferenceEngine
[       OK ] BookPipeline.SyntheticSessionMatchesReferenceEngine (67 ms)
[----------] 1 test from BookPipeline (67 ms total)

[----------] Global test environment tear-down
[==========] 1 test from 1 test suite ran. (67 ms total)
[  PASSED  ] 1 test.
<end of output>
Test time =   0.09 sec
----------------------------------------------------------
Test Passed.
"x86-64-v2.BookPipeline.SyntheticSessionMatchesReferenceEngine" end time: Sep 25 18:30 +08
"x86-64-v2.BookPipeline.SyntheticSessionMatchesReferenceEngine" time elapsed: 00:00:00
----------------------------------------------------------

27/189 Testing: x86-64-v2.Messages.LengthTableMatchesSpec
27/189 Test: x86-64-v2.Messages.LengthTableMatchesSpec
Command: "/Users/zefiepie/Documents/GitHub/parseritch/build-dev/itch_tests" "--gtest_filter=Messages.LengthTableMatchesSpec" "--gtest_also_run_disabled_tests"
Directory: /Users/zefiepie/Documents/GitHub/parseritch/build-dev
"x86-64-v2.Messages.LengthTableMatchesSpec" start time: Sep 25 18:30 +08
Output:
----------------------------------------------------------
Running main() from /Users/zefiepie/Documents/GitHub/parseritch/build-dev/_deps/googletest-src/googletest/src/gtest_main.cc
Note: Google Test filter = Messages.LengthTableMatchesSpec
[==========] Running 1 test from 1 test suite.
[----------] Global test environment set-up.
[----------] 1 test from Messages
[ RUN      ] Messages.LengthTableMatchesSpec
[       OK ] Messages.LengthTableMatchesSpec (0 ms)
[----------] 1 test from Messages (0 ms total)

[----------] Global test environment tear-down
[==========] 1 test from 1 test suite ran. (0 ms total)
[  PASSED  ] 1 test.
<end of output>
Test time =   0.03 sec
----------------------------------------------------------
Test Passed.
"x86-64-v2.Messages.LengthTableMatchesSpec" end time: Sep 25 18:30 +08
"x86-64-v2.Messages.LengthTableMatchesSpec" time elapsed: 00:00:00
----------------------------------------------------------

28/189 Testing: x86-64-v2.Messages.DecodeAddOrderFromRawBytes
28/189 Test: x86-64-v2.Messages.DecodeAddOrderFromRawBytes
Command: "/Users/zefiepie/Documents/GitHub/parseritch/build-dev/itch_tests" "--gtest_filter=Messages.DecodeAddOrderFromRawBytes" "--gtest_also_run_disabled_tests"
Directory: /Users/zefiepie/Documents/GitHub/parseritch/build-dev
"x86-64-v2.Messages.DecodeAddOrderFromRawBytes" start time: Sep 25 18:30 +08
Output:
----------------------------------------------------------
Running main() from /Users/zefiepie/Documents/GitHub/parseritch/build-dev/_deps/googletest-src/googletest/src/gtest_main.cc
Note: Google Test filter = Messages.DecodeAddOrderFromRawBytes
[==========] Running 1 test from 1 test suite.
[----------] Global test environment set-up.
[----------] 1 test from Messages
[ RUN      ] Messages.DecodeAddOrderFromRawBytes
[       OK ] Messages.DecodeAddOrderFromRawBytes (0 ms)
[----------] 1 test from Messages (0 ms total)

[----------] Global test environment tear-down
[==========] 1 test from 1 test suite ran. (0 ms total)
[  PASSED  ] 1 test.
<end of output>
Test time =   0.03 sec
----------------------------------------------------------
Test Passed.
"x86-64-v2.Messages.DecodeAddOrderFromRawBytes" end time: Sep 25 18:30 +08
"x86-64-v2.Messages.DecodeAddOrderFromRawBytes" time elapsed: 00:00:00
----------------------------------------------------------

29/189 Testing: x86-64-v2.Messages.DecodeReplaceFromRawBytes
29/189 Test: x86-64-v2.Messages.DecodeReplaceFromRawBytes
Command: "/Users/zefiepie/Documents/GitHub/parseritch/build-dev/itch_tests" "--gtest_filter=Messages.DecodeReplaceFromRawBytes" "--gtest_also_run_disabled_tests"
Directory: /Users/zefiepie/Documents/GitHub/parseritch/build-dev
"x86-64-v2.Messages.DecodeReplaceFromRawBytes" start time: Sep 25 18:30 +08
Output:
----------------------------------------------------------
Running main() from /Users/zefiepie/Documents/GitHub/parseritch/build-dev/_deps/googletest-src/googletest/src/gtest_main.cc
Note: Google Test filter = Messages.DecodeReplaceFromRawBytes
[==========] Running 1 test from 1 test suite.
[----------] Global test environment set-up.
[----------] 1 test from Messages
[ RUN      ] Messages.DecodeReplaceFromRawBytes
[       OK ] Messages.DecodeReplaceFromRawBytes (0 ms)
[----------] 1 test from Messages (0 ms total)

[----------] Global test environment tear-down
[==========] 1 test from 1 test suite ran. (0 ms total)
[  PASSED  ] 1 test.
<end of output>
Test time =   0.02 sec
----------------------------------------------------------
Test Passed.
"x86-64-v2.Messages.DecodeReplaceFromRawBytes" end time: Sep 25 18:30 +08
"x86-64-v2.Messages.DecodeReplaceFromRawBytes" time elapsed: 00:00:00
----------------------------------------------------------

30/189 Testing: x86-64-v2.Messages.Load48OverreadMatchesPlainLoad
30/189 Test: x86-64-v2.Messages.Load48OverreadMatchesPlainLoad
Command: "/Users/zefiepie/Documents/GitHub/parseritch/build-dev/itch_tests" "--gtest_filter=Messages.Load48OverreadMatchesPlainLoad" "--gtest_also_run_disabled_tests"
Directory: /Users/zefiepie/Documents/GitHub/parseritch/build-dev
"x86-64-v2.Messages.Load48OverreadMatchesPlainLoad" start time: Sep 25 18:30 +08
Output:
----------------------------------------------------------
Running main() from /Users/zefiepie/Documents/GitHub/parseritch/build-dev/_deps/googletest-src/googletest/src/gtest_main.cc
Note: Google Test filter = Messages.Load48OverreadMatchesPlainLoad
[==========] Running 1 test from 1 test suite.
[----------] Global test environment set-up.
[----------] 1 test from Messages
[ RUN      ] Messages.Load48OverreadMatchesPlainLoad
[       OK ] Messages.Load48OverreadMatchesPlainLoad (0 ms)
[----------] 1 test from Messages (0 ms total)

[----------] Global test environment tear-down
[==========] 1 test from 1 test suite ran. (0 ms total)
[  PASSED  ] 1 test.
<end of output>
Test time =   0.02 sec
----------------------------------------------------------
Test Passed.
"x86-64-v2.Messages.Load48OverreadMatchesPlainLoad" end time: Sep 25 18:30 +08
"x86-64-v2.Messages.Load48OverreadMatchesPlainLoad" time elapsed: 00:00:00
----------------------------------------------------------

31/189 Testing: x86-64-v2.MessageRoundTrip.EncodeDecodeIsIdentity<itch::MsgSystemEvent>
31/189 Test: x86-64-v2.MessageRoundTrip.EncodeDecodeIsIdentity<itch::MsgSystemEvent>
Command: "/Users/zefiepie/Documents/GitHub/parseritch/build-dev/itch_tests" "--gtest_filter=MessageRoundTrip/0.EncodeDecodeIsIdentity" "--gtest_also_run_disabled_tests"
Directory: /Users/zefiepie/Documents/GitHub/parseritch/build-dev
"x86-64-v2.MessageRoundTrip.EncodeDecodeIsIdentity<itch::MsgSystemEvent>" start time: Sep 25 18:30 +08
Output:
----------------------------------------------------------
Running main() from /Users/zefiepie/Documents/GitHub/parseritch/build-dev/_deps/googletest-src/googletest/src/gtest_main.cc
Note: Google Test filter = MessageRoundTrip/0.EncodeDecodeIsIdentity
[==========] Running 1 test from 1 test suite.
[----------] Global test environment set-up.
[----------] 1 test from MessageRoundTrip/0, where TypeParam = itch::MsgSystemEvent
[ RUN      ] MessageRoundTrip/0.EncodeDecodeIsIdentity
[       OK ] MessageRoundTrip/0.EncodeDecodeIsIdentity (0 ms)
[----------] 1 test from MessageRoundTrip/0 (0 ms total)

[----------] Global test environment tear-down
[==========] 1 test from 1 test suite ran. (0 ms total)
[  PASSED  ] 1 test.
<end of output>
Test time =   0.02 sec
----------------------------------------------------------
Test Passed.
"x86-64-v2.MessageRoundTrip.EncodeDecodeIsIdentity<itch::MsgSystemEvent>" end time: Sep 25 18:30 +08
"x86-64-v2.MessageRoundTrip.EncodeDecodeIsIdentity<itch::MsgSystemEvent>" time elapsed: 00:00:00
----------------------------------------------------------

32/189 Testing: x86-64-v2.MessageRoundTrip.EncodeDecodeIsIdentity<itch::MsgStockDirectory>
32/189 Test: x86-64-v2.MessageRoundTrip.EncodeDecodeIsIdentity<itch::MsgStockDirectory>
Command: "/Users/zefiepie/Documents/GitHub/parseritch/build-dev/itch_tests" "--gtest_filter=MessageRoundTrip/1.EncodeDecodeIsIdentity" "--gtest_also_run_disabled_tests"
Directory: /Users/zefiepie/Documents/GitHub/parseritch/build-dev
"x86-64-v2.MessageRoundTrip.EncodeDecodeIsIdentity<itch::MsgStockDirectory>" start time: Sep 25 18:30 +08
Output:
----------------------------------------------------------
Running main() from /Users/zefiepie/Documents/GitHub/parseritch/build-dev/_deps/googletest-src/googletest/src/gtest_main.cc
Note: Google Test filter = MessageRoundTrip/1.EncodeDecodeIsIdentity
[==========] Running 1 test from 1 test suite.
[----------] Global test environment set-up.
[----------] 1 test from MessageRoundTrip/1, where TypeParam = itch::MsgStockDirectory
[ RUN      ] MessageRoundTrip/1.EncodeDecodeIsIdentity
[       OK ] MessageRoundTrip/1.EncodeDecodeIsIdentity (0 ms)
[----------] 1 test from MessageRoundTrip/1 (0 ms total)

[----------] Global test environment tear-down
[==========] 1 test from 1 test suite ran. (0 ms total)
[  PASSED  ] 1 test.
<end of output>
Test time =   0.02 sec
----------------------------------------------------------
Test Passed.
"x86-64-v2.MessageRoundTrip.EncodeDecodeIsIdentity<itch::MsgStockDirectory>" end time: Sep 25 18:30 +08
"x86-64-v2.MessageRoundTrip.EncodeDecodeIsIdentity<itch::MsgStockDirectory>" time elapsed: 00:00:00
----------------------------------------------------------

33/189 Testing: x86-64-v2.MessageRoundTrip.EncodeDecodeIsIdentity<itch::MsgStockTradingAction>
33/189 Test: x86-64-v2.MessageRoundTrip.EncodeDecodeIsIdentity<itch::MsgStockTradingAction>
Command: "/Users/zefiepie/Documents/GitHub/parseritch/build-dev/itch_tests" "--gtest_filter=MessageRoundTrip/2.EncodeDecodeIsIdentity" "--gtest_also_run_disabled_tests"
Directory: /Users/zefiepie/Documents/GitHub/parseritch/build-dev
"x86-64-v2.MessageRoundTrip.EncodeDecodeIsIdentity<itch::MsgStockTradingAction>" start time: Sep 25 18:30 +08
Output:
----------------------------------------------------------
Running main() from /Users/zefiepie/Documents/GitHub/parseritch/build-dev/_deps/googletest-src/googletest/src/gtest_main.cc
Note: Google Test filter = MessageRoundTrip/2.EncodeDecodeIsIdentity
[==========] Running 1 test from 1 test suite.
[----------] Global test environment set-up.
[----------] 1 test from MessageRoundTrip/2, where TypeParam = itch::MsgStockTradingAction
[ RUN      ] MessageRoundTrip/2.EncodeDecodeIsIdentity
[       OK ] MessageRoundTrip/2.EncodeDecodeIsIdentity (0 ms)
[----------] 1 test from MessageRoundTrip/2 (0 ms total)

[----------] Global test environment tear-down
[==========] 1 test from 1 test suite ran. (0 ms total)
[  PASSED  ] 1 test.
<end of output>
Test time =   0.02 sec
----------------------------------------------------------
Test Passed.
"x86-64-v2.MessageRoundTrip.EncodeDecodeIsIdentity<itch::MsgStockTradingAction>" end time: Sep 25 18:30 +08
"x86-64-v2.MessageRoundTrip.EncodeDecodeIsIdentity<itch::MsgStockTradingAction>" time elapsed: 00:00:00
----------------------------------------------------------

34/189 Testing: x86-64-v2.MessageRoundTrip.EncodeDecodeIsIdentity<itch::MsgRegShoRestriction>
34/189 Test: x86-64-v2.MessageRoundTrip.EncodeDecodeIsIdentity<itch::MsgRegShoRestriction>
Command: "/Users/zefiepie/Documents/GitHub/parseritch/build-dev/itch_tests" "--gtest_filter=MessageRoundTrip/3.EncodeDecodeIsIdentity" "--gtest_also_run_disabled_tests"
Directory: /Users/zefiepie/Documents/GitHub/parseritch/build-dev
"x86-64-v2.MessageRoundTrip.EncodeDecodeIsIdentity<itch::MsgRegShoRestriction>" start time: Sep 25 18:30 +08
Output:
----------------------------------------------------------
Running main() from /Users/zefiepie/Documents/GitHub/parseritch/build-dev/_deps/googletest-src/googletest/src/gtest_main.cc
Note: Google Test filter = MessageRoundTrip/3.EncodeDecodeIsIdentity
[==========] Running 1 test from 1 test suite.
[----------] Global test environment set-up.
[----------] 1 test from MessageRoundTrip/3, where TypeParam = itch::MsgRegShoRestriction
[ RUN      ] MessageRoundTrip/3.EncodeDecodeIsIdentity
[       OK ] MessageRoundTrip/3.EncodeDecodeIsIdentity (0 ms)
[----------] 1 test from MessageRoundTrip/3 (0 ms total)

[----------] Global test environment tear-down
[==========] 1 test from 1 test suite ran. (0 ms total)
[  PASSED  ] 1 test.
<end of output>
Test time =   0.03 sec
----------------------------------------------------------
Test Passed.
"x86-64-v2.MessageRoundTrip.EncodeDecodeIsIdentity<itch::MsgRegShoRestriction>" end time: Sep 25 18:30 +08
"x86-64-v2.MessageRoundTrip.EncodeDecodeIsIdentity<itch::MsgRegShoRestriction>" time elapsed: 00:00:00
----------------------------------------------------------

35/189 Testing: x86-64-v2.MessageRoundTrip.EncodeDecodeIsIdentity<itch::MsgMarketParticipantPosition>
35/189 Test: x86-64-v2.MessageRoundTrip.EncodeDecodeIsIdentity<itch::MsgMarketParticipantPosition>
Command: "/Users/zefiepie/Documents/GitHub/parseritch/build-dev/itch_tests" "--gtest_filter=MessageRoundTrip/4.EncodeDecodeIsIdentity" "--gtest_also_run_disabled_tests"
Directory: /Users/zefiepie/Documents/GitHub/parseritch/build-dev
"x86-64-v2.MessageRoundTrip.EncodeDecodeIsIdentity<itch::MsgMarketParticipantPosition>" start time: Sep 25 18:30 +08
Output:
----------------------------------------------------------
Running main() from /Users/zefiepie/Documents/GitHub/parseritch/build-dev/_deps/googletest-src/googletest/src/gtest_main.cc
Note: Google Test filter = MessageRoundTrip/4.EncodeDecodeIsIdentity
[==========] Running 1 test from 1 test suite.
[----------] Global test environment set-up.
[----------] 1 test from MessageRoundTrip/4, where TypeParam = itch::MsgMarketParticipantPosition
[ RUN      ] MessageRoundTrip/4.EncodeDecodeIsIdentity
[       OK ] MessageRoundTrip/4.EncodeDecodeIsIdentity (0 ms)
[----------] 1 test from MessageRoundTrip/4 (0 ms total)

[----------] Global test environment tear-down
[==========] 1 test from 1 test suite ran. (0 ms total)
[  PASSED  ] 1 test.
<end of output>
Test time =   0.03 sec
----------------------------------------------------------
Test Passed.
"x86-64-v2.MessageRoundTrip.EncodeDecodeIsIdentity<itch::MsgMarketParticipantPosition>" end time: Sep 25 18:30 +08
"x86-64-v2.MessageRoundTrip.EncodeDecodeIsIdentity<itch::MsgMarketParticipantPosition>" time elapsed: 00:00:00
----------------------------------------------------------

36/189 Testing: x86-64-v2.MessageRoundTrip.EncodeDecodeIsIdentity<itch::MsgMwcbDeclineLevel>
36/189 Test: x86-64-v2.MessageRoundTrip.EncodeDecodeIsIdentity<itch::MsgMwcbDeclineLevel>
Command: "/Users/zefiepie/Documents/GitHub/parseritch/build-dev/itch_tests" "--gtest_filter=MessageRoundTrip/5.EncodeDecodeIsIdentity" "--gtest_also_run_disabled_tests"
Directory: /Users/zefiepie/Documents/GitHub/parseritch/build-dev
"x86-64-v2.MessageRoundTrip.EncodeDecodeIsIdentity<itch::MsgMwcbDeclineLevel>" start time: Sep 25 18:30 +08
Output:
----------------------------------------------------------
Running main() from /Users/zefiepie/Documents/GitHub/parseritch/build-dev/_deps/googletest-src/googletest/src/gtest_main.cc
Note: Google Test filter = MessageRoundTrip/5.EncodeDecodeIsIdentity
[==========] Running 1 test from 1 test suite.
[----------] Global test environment set-up.
[----------] 1 test from MessageRoundTrip/5, where TypeParam = itch::MsgMwcbDeclineLevel
[ RUN      ] MessageRoundTrip/5.EncodeDecodeIsIdentity
[       OK ] MessageRoundTrip/5.EncodeDecodeIsIdentity (0 ms)
[----------] 1 test from MessageRoundTrip/5 (0 ms total)

[----------] Global test environment tear-down
[==========] 1 test from 1 test suite ran. (0 ms total)
[  PASSED  ] 1 test.
<end of output>
Test time =   0.02 sec
----------------------------------------------------------
Test Passed.
"x86-64-v2.MessageRoundTrip.EncodeDecodeIsIdentity<itch::MsgMwcbDeclineLevel>" end time: Sep 25 18:30 +08
"x86-64-v2.MessageRoundTrip.EncodeDecodeIsIdentity<itch::MsgMwcbDeclineLevel>" time elapsed: 00:00:00
----------------------------------------------------------

37/189 Testing: x86-64-v2.MessageRoundTrip.EncodeDecodeIsIdentity<itch::MsgMwcbStatus>
37/189 Test: x86-64-v2.MessageRoundTrip.EncodeDecodeIsIdentity<itch::MsgMwcbStatus>
Command: "/Users/zefiepie/Documents/GitHub/parseritch/build-dev/itch_tests" "--gtest_filter=MessageRoundTrip/6.EncodeDecodeIsIdentity" "--gtest_also_run_disabled_tests"
Directory: /Users/zefiepie/Documents/GitHub/parseritch/build-dev
"x86-64-v2.MessageRoundTrip.EncodeDecodeIsIdentity<itch::MsgMwcbStatus>" start time: Sep 25 18:30 +08
Output:
----------------------------------------------------------
Running main() from /Users/zefiepie/Documents/GitHub/parseritch/build-dev/_deps/googletest-src/googletest/src/gtest_main.cc
Note: Google Test filter = MessageRoundTrip/6.EncodeDecodeIsIdentity
[==========] Running 1 test from 1 test suite.
[----------] Global test environment set-up.
[----------] 1 test from MessageRoundTrip/6, where TypeParam = itch::MsgMwcbStatus
[ RUN      ] MessageRoundTrip/6.EncodeDecodeIsIdentity
[       OK ] MessageRoundTrip/6.EncodeDecodeIsIdentity (0 ms)
[----------] 1 test from MessageRoundTrip/6 (0 ms total)

[----------] Global test environment tear-down
[==========] 1 test from 1 test suite ran. (0 ms total)
[  PASSED  ] 1 test.
<end of output>
Test time =   0.02 sec
----------------------------------------------------------
Test Passed.
"x86-64-v2.MessageRoundTrip.EncodeDecodeIsIdentity<itch::MsgMwcbStatus>" end time: Sep 25 18:30 +08
"x86-64-v2.MessageRoundTrip.EncodeDecodeIsIdentity<itch::MsgMwcbStatus>" time elapsed: 00:00:00
----------------------------------------------------------

38/189 Testing: x86-64-v2.MessageRoundTrip.EncodeDecodeIsIdentity<itch::MsgIpoQuotingPeriodUpdate>
38/189 Test: x86-64-v2.MessageRoundTrip.EncodeDecodeIsIdentity<itch::MsgIpoQuotingPeriodUpdate>
Command: "/Users/zefiepie/Documents/GitHub/parseritch/build-dev/itch_tests" "--gtest_filter=MessageRoundTrip/7.EncodeDecodeIsIdentity" "--gtest_also_run_disabled_tests"
Directory: /Users/zefiepie/Documents/GitHub/parseritch/build-dev
"x86-64-v2.MessageRoundTrip.EncodeDecodeIsIdentity<itch::MsgIpoQuotingPeriodUpdate>" start time: Sep 25 18:30 +08
Output:
----------------------------------------------------------
Running main() from /Users/zefiepie/Documents/GitHub/parseritch/build-dev/_deps/googletest-src/googletest/src/gtest_main.cc
Note: Google Test filter = MessageRoundTrip/7.EncodeDecodeIsIdentity
[==========] Running 1 test from 1 test suite.
[----------] Global test environment set-up.
[----------] 1 test from MessageRoundTrip/7, where TypeParam = itch::MsgIpoQuotingPeriodUpdate
[ RUN      ] MessageRoundTrip/7.EncodeDecodeIsIdentity
[       OK ] MessageRoundTrip/7.EncodeDecodeIsIdentity (0 ms)
[----------] 1 test from MessageRoundTrip/7 (0 ms total)

[----------] Global test environment tear-down
[==========] 1 test from 1 test suite ran. (0 ms total)
[  PASSED  ] 1 test.
<end of output>
Test time =   0.02 sec
----------------------------------------------------------
Test Passed.
"x86-64-v2.MessageRoundTrip.EncodeDecodeIsIdentity<itch::MsgIpoQuotingPeriodUpdate>" end time: Sep 25 18:30 +08
"x86-64-v2.MessageRoundTrip.EncodeDecodeIsIdentity<itch::MsgIpoQuotingPeriodUpdate>" time elapsed: 00:00:00
----------------------------------------------------------

39/189 Testing: x86-64-v2.MessageRoundTrip.EncodeDecodeIsIdentity<itch::MsgLuldAuctionCollar>
39/189 Test: x86-64-v2.MessageRoundTrip.EncodeDecodeIsIdentity<itch::MsgLuldAuctionCollar>
Command: "/Users/zefiepie/Documents/GitHub/parseritch/build-dev/itch_tests" "--gtest_filter=MessageRoundTrip/8.EncodeDecodeIsIdentity" "--gtest_also_run_disabled_tests"
Directory: /Users/zefiepie/Documents/GitHub/parseritch/build-dev
"x86-64-v2.MessageRoundTrip.EncodeDecodeIsIdentity<itch::MsgLuldAuctionCollar>" start time: Sep 25 18:30 +08
Output:
----------------------------------------------------------
Running main() from /Users/zefiepie/Documents/GitHub/parseritch/build-dev/_deps/googletest-src/googletest/src/gtest_main.cc
Note: Google Test filter = MessageRoundTrip/8.EncodeDecodeIsIdentity
[==========] Running 1 test from 1 test suite.
[----------] Global test environment set-up.
[----------] 1 test from MessageRoundTrip/8, where TypeParam = itch::MsgLuldAuctionCollar
[ RUN      ] MessageRoundTrip/8.EncodeDecodeIsIdentity
[       OK ] MessageRoundTrip/8.EncodeDecodeIsIdentity (0 ms)
[----------] 1 test from MessageRoundTrip/8 (0 ms total)

[----------] Global test environment tear-down
[==========] 1 test from 1 test suite ran. (0 ms total)
[  PASSED  ] 1 test.
<end of output>
Test time =   0.03 sec
----------------------------------------------------------
Test Passed.
"x86-64-v2.MessageRoundTrip.EncodeDecodeIsIdentity<itch::MsgLuldAuctionCollar>" end time: Sep 25 18:30 +08
"x86-64-v2.MessageRoundTrip.EncodeDecodeIsIdentity<itch::MsgLuldAuctionCollar>" time elapsed: 00:00:00
----------------------------------------------------------

40/189 Testing: x86-64-v2.MessageRoundTrip.EncodeDecodeIsIdentity<itch::MsgOperationalHalt>
40/189 Test: x86-64-v2.MessageRoundTrip.EncodeDecodeIsIdentity<itch::MsgOperationalHalt>
Command: "/Users/zefiepie/Documents/GitHub/parseritch/build-dev/itch_tests" "--gtest_filter=MessageRoundTrip/9.EncodeDecodeIsIdentity" "--gtest_also_run_disabled_tests"
Directory: /Users/zefiepie/Documents/GitHub/parseritch/build-dev
"x86-64-v2.MessageRoundTrip.EncodeDecodeIsIdentity<itch::MsgOperationalHalt>" start time: Sep 25 18:30 +08
Output:
----------------------------------------------------------
Running main() from /Users/zefiepie/Documents/GitHub/parseritch/build-dev/_deps/googletest-src/googletest/src/gtest_main.cc
Note: Google Test filter = MessageRoundTrip/9.EncodeDecodeIsIdentity
[==========] Running 1 test from 1 test suite.
[----------] Global test environment set-up.
[----------] 1 test from MessageRoundTrip/9, where TypeParam = itch::MsgOperationalHalt
[ RUN      ] MessageRoundTrip/9.EncodeDecodeIsIdentity
[       OK ] MessageRoundTrip/9.EncodeDecodeIsIdentity (0 ms)
[----------] 1 test from MessageRoundTrip/9 (0 ms total)

[----------] Global test environment tear-down
[==========] 1 test from 1 test suite ran. (0 ms total)
[  PASSED  ] 1 test.
<end of output>
Test time =   0.03 sec
----------------------------------------------------------
Test Passed.
"x86-64-v2.MessageRoundTrip.EncodeDecodeIsIdentity<itch::MsgOperationalHalt>" end time: Sep 25 18:30 +08
"x86-64-v2.MessageRoundTrip.EncodeDecodeIsIdentity<itch::MsgOperationalHalt>" time elapsed: 00:00:00
----------------------------------------------------------

41/189 Testing: x86-64-v2.MessageRoundTrip.EncodeDecodeIsIdentity<itch::MsgAddOrder>
41/189 Test: x86-64-v2.MessageRoundTrip.EncodeDecodeIsIdentity<itch::MsgAddOrder>
Command: "/Users/zefiepie/Documents/GitHub/parseritch/build-dev/itch_tests" "--gtest_filter=MessageRoundTrip/10.EncodeDecodeIsIdentity" "--gtest_also_run_disabled_tests"
Directory: /Users/zefiepie/Documents/GitHub/parseritch/build-dev
"x86-64-v2.MessageRoundTrip.EncodeDecodeIsIdentity<itch::MsgAddOrder>" start time: Sep 25 18:30 +08
Output:
----------------------------------------------------------
Running main() from /Users/zefiepie/Documents/GitHub/parseritch/build-dev/_deps/googletest-src/googletest/src/gtest_main.cc
Note: Google Test filter = MessageRoundTrip/10.EncodeDecodeIsIdentity
[==========] Running 1 test from 1 test suite.
[----------] Global test environment set-up.
[----------] 1 test from MessageRoundTrip/10, where TypeParam = itch::MsgAddOrder
[ RUN      ] MessageRoundTrip/10.EncodeDecodeIsIdentity
[       OK ] MessageRoundTrip/10.EncodeDecodeIsIdentity (0 ms)
[----------] 1 test from MessageRoundTrip/10 (0 ms total)

[----------] Global test environment tear-down
[==========] 1 test from 1 test suite ran. (0 ms total)
[  PASSED  ] 1 test.
<end of output>
Test time =   0.03 sec
----------------------------------------------------------
Test Passed.
"x86-64-v2.MessageRoundTrip.EncodeDecodeIsIdentity<itch::MsgAddOrder>" end time: Sep 25 18:30 +08
"x86-64-v2.MessageRoundTrip.EncodeDecodeIsIdentity<itch::MsgAddOrder>" time elapsed: 00:00:00
----------------------------------------------------------

42/189 Testing: x86-64-v2.MessageRoundTrip.EncodeDecodeIsIdentity<itch::MsgAddOrderMpid>
42/189 Test: x86-64-v2.MessageRoundTrip.EncodeDecodeIsIdentity<itch::MsgAddOrderMpid>
Command: "/Users/zefiepie/Documents/GitHub/parseritch/build-dev/itch_tests" "--gtest_filter=MessageRoundTrip/11.EncodeDecodeIsIdentity" "--gtest_also_run_disabled_tests"
Directory: /Users/zefiepie/Documents/GitHub/parseritch/build-dev
"x86-64-v2.MessageRoundTrip.EncodeDecodeIsIdentity<itch::MsgAddOrderMpid>" start time: Sep 25 18:30 +08
Output:
----------------------------------------------------------
Running main() from /Users/zefiepie/Documents/GitHub/parseritch/build-dev/_deps/googletest-src/googletest/src/gtest_main.cc
Note: Google Test filter = MessageRoundTrip/11.EncodeDecodeIsIdentity
[==========] Running 1 test from 1 test suite.
[----------] Global test environment set-up.
[----------] 1 test from MessageRoundTrip/11, where TypeParam = itch::MsgAddOrderMpid
[ RUN      ] MessageRoundTrip/11.EncodeDecodeIsIdentity
[       OK ] MessageRoundTrip/11.EncodeDecodeIsIdentity (0 ms)
[----------] 1 test from MessageRoundTrip/11 (0 ms total)

[----------] Global test environment tear-down
[==========] 1 test from 1 test suite ran. (0 ms total)
[  PASSED  ] 1 test.
<end of output>
Test time =   0.02 sec
----------------------------------------------------------
Test Passed.
"x86-64-v2.MessageRoundTrip.EncodeDecodeIsIdentity<itch::MsgAddOrderMpid>" end time: Sep 25 18:30 +08
"x86-64-v2.MessageRoundTrip.EncodeDecodeIsIdentity<itch::MsgAddOrderMpid>" time elapsed: 00:00:00
----------------------------------------------------------

43/189 Testing: x86-64-v2.MessageRoundTrip.EncodeDecodeIsIdentity<itch::MsgOrderExecuted>
43/189 Test: x86-64-v2.MessageRoundTrip.EncodeDecodeIsIdentity<itch::MsgOrderExecuted>
Command: "/Users/zefiepie/Documents/GitHub/parseritch/build-dev/itch_tests" "--gtest_filter=MessageRoundTrip/12.EncodeDecodeIsIdentity" "--gtest_also_run_disabled_tests"
Directory: /Users/zefiepie/Documents/GitHub/parseritch/build-dev
"x86-64-v2.MessageRoundTrip.EncodeDecodeIsIdentity<itch::MsgOrderExecuted>" start time: Sep 25 18:30 +08
Output:
----------------------------------------------------------
Running main() from /Users/zefiepie/Documents/GitHub/parseritch/build-dev/_deps/googletest-src/googletest/src/gtest_main.cc
Note: Google Test filter = MessageRoundTrip/12.EncodeDecodeIsIdentity
[==========] Running 1 test from 1 test suite.
[----------] Global test environment set-up.
[----------] 1 test from MessageRoundTrip/12, where TypeParam = itch::MsgOrderExecuted
[ RUN      ] MessageRoundTrip/12.EncodeDecodeIsIdentity
[       OK ] MessageRoundTrip/12.EncodeDecodeIsIdentity (0 ms)
[----------] 1 test from MessageRoundTrip/12 (0 ms total)

[----------] Global test environment tear-down
[==========] 1 test from 1 test suite ran. (0 ms total)
[  PASSED  ] 1 test.
<end of output>
Test time =   0.03 sec
----------------------------------------------------------
Test Passed.
"x86-64-v2.MessageRoundTrip.EncodeDecodeIsIdentity<itch::MsgOrderExecuted>" end time: Sep 25 18:30 +08
"x86-64-v2.MessageRoundTrip.EncodeDecodeIsIdentity<itch::MsgOrderExecuted>" time elapsed: 00:00:00
----------------------------------------------------------

44/189 Testing: x86-64-v2.MessageRoundTrip.EncodeDecodeIsIdentity<itch::MsgOrderExecutedWithPrice>
44/189 Test: x86-64-v2.MessageRoundTrip.EncodeDecodeIsIdentity<itch::MsgOrderExecutedWithPrice>
Command: "/Users/zefiepie/Documents/GitHub/parseritch/build-dev/itch_tests" "--gtest_filter=MessageRoundTrip/13.EncodeDecodeIsIdentity" "--gtest_also_run_disabled_tests"
Directory: /Users/zefiepie/Documents/GitHub/parseritch/build-dev
"x86-64-v2.MessageRoundTrip.EncodeDecodeIsIdentity<itch::MsgOrderExecutedWithPrice>" start time: Sep 25 18:30 +08
Output:
----------------------------------------------------------
Running main() from /Users/zefiepie/Documents/GitHub/parseritch/build-dev/_deps/googletest-src/googletest/src/gtest_main.cc
Note: Google Test filter = MessageRoundTrip/13.EncodeDecodeIsIdentity
[==========] Running 1 test from 1 test suite.
[----------] Global test environment set-up.
[----------] 1 test from MessageRoundTrip/13, where TypeParam = itch::MsgOrderExecutedWithPrice
[ RUN      ] MessageRoundTrip/13.EncodeDecodeIsIdentity
[       OK ] MessageRoundTrip/13.EncodeDecodeIsIdentity (0 ms)
[----------] 1 test from MessageRoundTrip/13 (0 ms total)

[----------] Global test environment tear-down
[==========] 1 test from 1 test suite ran. (0 ms total)
[  PASSED  ] 1 test.
<end of output>
Test time =   0.03 sec
----------------------------------------------------------
Test Passed.
"x86-64-v2.MessageRoundTrip.EncodeDecodeIsIdentity<itch::MsgOrderExecutedWithPrice>" end time: Sep 25 18:30 +08
"x86-64-v2.MessageRoundTrip.EncodeDecodeIsIdentity<itch::MsgOrderExecutedWithPrice>" time elapsed: 00:00:00
----------------------------------------------------------

45/189 Testing: x86-64-v2.MessageRoundTrip.EncodeDecodeIsIdentity<itch::MsgOrderCancel>
45/189 Test: x86-64-v2.MessageRoundTrip.EncodeDecodeIsIdentity<itch::MsgOrderCancel>
Command: "/Users/zefiepie/Documents/GitHub/parseritch/build-dev/itch_tests" "--gtest_filter=MessageRoundTrip/14.EncodeDecodeIsIdentity" "--gtest_also_run_disabled_tests"
Directory: /Users/zefiepie/Documents/GitHub/parseritch/build-dev
"x86-64-v2.MessageRoundTrip.EncodeDecodeIsIdentity<itch::MsgOrderCancel>" start time: Sep 25 18:30 +08
Output:
----------------------------------------------------------
Running main() from /Users/zefiepie/Documents/GitHub/parseritch/build-dev/_deps/googletest-src/googletest/src/gtest_main.cc
Note: Google Test filter = MessageRoundTrip/14.EncodeDecodeIsIdentity
[==========] Running 1 test from 1 test suite.
[----------] Global test environment set-up.
[----------] 1 test from MessageRoundTrip/14, where TypeParam = itch::MsgOrderCancel
[ RUN      ] MessageRoundTrip/14.EncodeDecodeIsIdentity
[       OK ] MessageRoundTrip/14.EncodeDecodeIsIdentity (0 ms)
[----------] 1 test from MessageRoundTrip/14 (0 ms total)

[----------] Global test environment tear-down
[==========] 1 test from 1 test suite ran. (0 ms total)
[  PASSED  ] 1 test.
<end of output>
Test time =   0.02 sec
----------------------------------------------------------
Test Passed.
"x86-64-v2.MessageRoundTrip.EncodeDecodeIsIdentity<itch::MsgOrderCancel>" end time: Sep 25 18:30 +08
"x86-64-v2.MessageRoundTrip.EncodeDecodeIsIdentity<itch::MsgOrderCancel>" time elapsed: 00:00:00
----------------------------------------------------------

46/189 Testing: x86-64-v2.MessageRoundTrip.EncodeDecodeIsIdentity<itch::MsgOrderDelete>
46/189 Test: x86-64-v2.MessageRoundTrip.EncodeDecodeIsIdentity<itch::MsgOrderDelete>
Command: "/Users/zefiepie/Documents/GitHub/parseritch/build-dev/itch_tests" "--gtest_filter=MessageRoundTrip/15.EncodeDecodeIsIdentity" "--gtest_also_run_disabled_tests"
Directory: /Users/zefiepie/Documents/GitHub/parseritch/build-dev
"x86-64-v2.MessageRoundTrip.EncodeDecodeIsIdentity<itch::MsgOrderDelete>" start time: Sep 25 18:30 +08
Output:
----------------------------------------------------------
Running main() from /Users/zefiepie/Documents/GitHub/parseritch/build-dev/_deps/googletest-src/googletest/src/gtest_main.cc
Note: Google Test filter = MessageRoundTrip/15.EncodeDecodeIsIdentity
[==========] Running 1 test from 1 test suite.
[----------] Global test environment set-up.
[----------] 1 test from MessageRoundTrip/15, where TypeParam = itch::MsgOrderDelete
[ RUN      ] MessageRoundTrip/15.EncodeDecodeIsIdentity
[       OK ] MessageRoundTrip/15.EncodeDecodeIsIdentity (0 ms)
[----------] 1 test from MessageRoundTrip/15 (0 ms total)

[----------] Global test environment tear-down
[==========] 1 test from 1 test suite ran. (0 ms total)
[  PASSED  ] 1 test.
<end of output>
Test time =   0.02 sec
----------------------------------------------------------
Test Passed.
"x86-64-v2.MessageRoundTrip.EncodeDecodeIsIdentity<itch::MsgOrderDelete>" end time: Sep 25 18:30 +08
"x86-64-v2.MessageRoundTrip.EncodeDecodeIsIdentity<itch::MsgOrderDelete>" time elapsed: 00:00:00
----------------------------------------------------------

47/189 Testing: x86-64-v2.MessageRoundTrip.EncodeDecodeIsIdentity<itch::MsgOrderReplace>
47/189 Test: x86-64-v2.MessageRoundTrip.EncodeDecodeIsIdentity<itch::MsgOrderReplace>
Command: "/Users/zefiepie/Documents/GitHub/parseritch/build-dev/itch_tests" "--gtest_filter=MessageRoundTrip/16.EncodeDecodeIsIdentity" "--gtest_also_run_disabled_tests"
Directory: /Users/zefiepie/Documents/GitHub/parseritch/build-dev
"x86-64-v2.MessageRoundTrip.EncodeDecodeIsIdentity<itch::MsgOrderReplace>" start time: Sep 25 18:30 +08
Output:
----------------------------------------------------------
Running main() from /Users/zefiepie/Documents/GitHub/parseritch/build-dev/_deps/googletest-src/googletest/src/gtest_main.cc
Note: Google Test filter = MessageRoundTrip/16.EncodeDecodeIsIdentity
[==========] Running 1 test from 1 test suite.
[----------] Global test environment set-up.
[----------] 1 test from MessageRoundTrip/16, where TypeParam = itch::MsgOrderReplace
[ RUN      ] MessageRoundTrip/16.EncodeDecodeIsIdentity
[       OK ] MessageRoundTrip/16.EncodeDecodeIsIdentity (0 ms)
[----------] 1 test from MessageRoundTrip/16 (0 ms total)

[----------] Global test environment tear-down
[==========] 1 test from 1 test suite ran. (0 ms total)
[  PASSED  ] 1 test.
<end of output>
Test time =   0.02 sec
----------------------------------------------------------
Test Passed.
"x86-64-v2.MessageRoundTrip.EncodeDecodeIsIdentity<itch::MsgOrderReplace>" end time: Sep 25 18:30 +08
"x86-64-v2.MessageRoundTrip.EncodeDecodeIsIdentity<itch::MsgOrderReplace>" time elapsed: 00:00:00
----------------------------------------------------------

48/189 Testing: x86-64-v2.MessageRoundTrip.EncodeDecodeIsIdentity<itch::MsgTrade>
48/189 Test: x86-64-v2.MessageRoundTrip.EncodeDecodeIsIdentity<itch::MsgTrade>
Command: "/Users/zefiepie/Documents/GitHub/parseritch/build-dev/itch_tests" "--gtest_filter=MessageRoundTrip/17.EncodeDecodeIsIdentity" "--gtest_also_run_disabled_tests"
Directory: /Users/zefiepie/Documents/GitHub/parseritch/build-dev
"x86-64-v2.MessageRoundTrip.EncodeDecodeIsIdentity<itch::MsgTrade>" start time: Sep 25 18:30 +08
Output:
----------------------------------------------------------
Running main() from /Users/zefiepie/Documents/GitHub/parseritch/build-dev/_deps/googletest-src/googletest/src/gtest_main.cc
Note: Google Test filter = MessageRoundTrip/17.EncodeDecodeIsIdentity
[==========] Running 1 test from 1 test suite.
[----------] Global test environment set-up.
[----------] 1 test from MessageRoundTrip/17, where TypeParam = itch::MsgTrade
[ RUN      ] MessageRoundTrip/17.EncodeDecodeIsIdentity
[       OK ] MessageRoundTrip/17.EncodeDecodeIsIdentity (0 ms)
[----------] 1 test from MessageRoundTrip/17 (0 ms total)

[----------] Global test environment tear-down
[==========] 1 test from 1 test suite ran. (0 ms total)
[  PASSED  ] 1 test.
<end of output>
Test time =   0.02 sec
----------------------------------------------------------
Test Passed.
"x86-64-v2.MessageRoundTrip.EncodeDecodeIsIdentity<itch::MsgTrade>" end time: Sep 25 18:30 +08
"x86-64-v2.MessageRoundTrip.EncodeDecodeIsIdentity<itch::MsgTrade>" time elapsed: 00:00:00
----------------------------------------------------------

49/189 Testing: x86-64-v2.MessageRoundTrip.EncodeDecodeIsIdentity<itch::MsgCrossTrade>
49/189 Test: x86-64-v2.MessageRoundTrip.EncodeDecodeIsIdentity<itch::MsgCrossTrade>
Command: "/Users/zefiepie/Documents/GitHub/parseritch/build-dev/itch_tests" "--gtest_filter=MessageRoundTrip/18.EncodeDecodeIsIdentity" "--gtest_also_run_disabled_tests"
Directory: /Users/zefiepie/Documents/GitHub/parseritch/build-dev
"x86-64-v2.MessageRoundTrip.EncodeDecodeIsIdentity<itch::MsgCrossTrade>" start time: Sep 25 18:30 +08
Output:
----------------------------------------------------------
Running main() from /Users/zefiepie/Documents/GitHub/parseritch/build-dev/_deps/googletest-src/googletest/src/gtest_main.cc
Note: Google Test filter = MessageRoundTrip/18.EncodeDecodeIsIdentity
[==========] Running 1 test from 1 test suite.
[----------] Global test environment set-up.
[----------] 1 test from MessageRoundTrip/18, where TypeParam = itch::MsgCrossTrade
[ RUN      ] MessageRoundTrip/18.EncodeDecodeIsIdentity
[       OK ] MessageRoundTrip/18.EncodeDecodeIsIdentity (0 ms)
[----------] 1 test from MessageRoundTrip/18 (0 ms total)

[----------] Global test environment tear-down
[==========] 1 test from 1 test suite ran. (0 ms total)
[  PASSED  ] 1 test.
<end of output>
Test time =   0.03 sec
----------------------------------------------------------
Test Passed.
"x86-64-v2.MessageRoundTrip.EncodeDecodeIsIdentity<itch::MsgCrossTrade>" end time: Sep 25 18:30 +08
"x86-64-v2.MessageRoundTrip.EncodeDecodeIsIdentity<itch::MsgCrossTrade>" time elapsed: 00:00:00
----------------------------------------------------------

50/189 Testing: x86-64-v2.MessageRoundTrip.EncodeDecodeIsIdentity<itch::MsgBrokenTrade>
50/189 Test: x86-64-v2.MessageRoundTrip.EncodeDecodeIsIdentity<itch::MsgBrokenTrade>
Command: "/Users/zefiepie/Documents/GitHub/parseritch/build-dev/itch_tests" "--gtest_filter=MessageRoundTrip/19.EncodeDecodeIsIdentity" "--gtest_also_run_disabled_tests"
Directory: /Users/zefiepie/Documents/GitHub/parseritch/build-dev
"x86-64-v2.MessageRoundTrip.EncodeDecodeIsIdentity<itch::MsgBrokenTrade>" start time: Sep 25 18:30 +08
Output:
----------------------------------------------------------
Running main() from /Users/zefiepie/Documents/GitHub/parseritch/build-dev/_deps/googletest-src/googletest/src/gtest_main.cc
Note: Google Test filter = MessageRoundTrip/19.EncodeDecodeIsIdentity
[==========] Running 1 test from 1 test suite.
[----------] Global test environment set-up.
[----------] 1 test from MessageRoundTrip/19, where TypeParam = itch::MsgBrokenTrade
[ RUN      ] MessageRoundTrip/19.EncodeDecodeIsIdentity
[       OK ] MessageRoundTrip/19.EncodeDecodeIsIdentity (0 ms)
[----------] 1 test from MessageRoundTrip/19 (0 ms total)

[----------] Global test environment tear-down
[==========] 1 test from 1 test suite ran. (0 ms total)
[  PASSED  ] 1 test.
<end of output>
Test time =   0.03 sec
----------------------------------------------------------
Test Passed.
"x86-64-v2.MessageRoundTrip.EncodeDecodeIsIdentity<itch::MsgBrokenTrade>" end time: Sep 25 18:30 +08
"x86-64-v2.MessageRoundTrip.EncodeDecodeIsIdentity<itch::MsgBrokenTrade>" time elapsed: 00:00:00
----------------------------------------------------------

51/189 Testing: x86-64-v2.MessageRoundTrip.EncodeDecodeIsIdentity<itch::MsgNoii>
51/189 Test: x86-64-v2.MessageRoundTrip.EncodeDecodeIsIdentity<itch::MsgNoii>
Command: "/Users/zefiepie/Documents/GitHub/parseritch/build-dev/itch_tests" "--gtest_filter=MessageRoundTrip/20.EncodeDecodeIsIdentity" "--gtest_also_run_disabled_tests"
Directory: /Users/zefiepie/Documents/GitHub/parseritch/build-dev
"x86-64-v2.MessageRoundTrip.EncodeDecodeIsIdentity<itch::MsgNoii>" start time: Sep 25 18:30 +08
Output:
----------------------------------------------------------
Running main() from /Users/zefiepie/Documents/GitHub/parseritch/build-dev/_deps/googletest-src/googletest/src/gtest_main.cc
Note: Google Test filter = MessageRoundTrip/20.EncodeDecodeIsIdentity
[==========] Running 1 test from 1 test suite.
[----------] Global test environment set-up.
[----------] 1 test from MessageRoundTrip/20, where TypeParam = itch::MsgNoii
[ RUN      ] MessageRoundTrip/20.EncodeDecodeIsIdentity
[       OK ] MessageRoundTrip/20.EncodeDecodeIsIdentity (0 ms)
[----------] 1 test from MessageRoundTrip/20 (0 ms total)

[----------] Global test environment tear-down
[==========] 1 test from 1 test suite ran. (0 ms total)
[  PASSED  ] 1 test.
<end of output>
Test time =   0.03 sec
----------------------------------------------------------
Test Passed.
"x86-64-v2.MessageRoundTrip.EncodeDecodeIsIdentity<itch::MsgNoii>" end time: Sep 25 18:30 +08
"x86-64-v2.MessageRoundTrip.EncodeDecodeIsIdentity<itch::MsgNoii>" time elapsed: 00:00:00
----------------------------------------------------------

52/189 Testing: x86-64-v2.MessageRoundTrip.EncodeDecodeIsIdentity<itch::MsgRetailInterest>
52/189 Test: x86-64-v2.MessageRoundTrip.EncodeDecodeIsIdentity<itch::MsgRetailInterest>
Command: "/Users/zefiepie/Documents/GitHub/parseritch/build-dev/itch_tests" "--gtest_filter=MessageRoundTrip/21.EncodeDecodeIsIdentity" "--gtest_also_run_disabled_tests"
Directory: /Users/zefiepie/Documents/GitHub/parseritch/build-dev
"x86-64-v2.MessageRoundTrip.EncodeDecodeIsIdentity<itch::MsgRetailInterest>" start time: Sep 25 18:30 +08
Output:
----------------------------------------------------------
[...]
176/189 Test: x86-64-v3.MoldUdp64.PartialOverlapDeliversOnlyNewMessages
Command: "/Users/zefiepie/Documents/GitHub/parseritch/build-dev/itch_tests_avx2" "--gtest_filter=MoldUdp64.PartialOverlapDeliversOnlyNewMessages" "--gtest_also_run_disabled_tests"
Directory: /Users/zefiepie/Documents/GitHub/parseritch/build-dev
"x86-64-v3.MoldUdp64.PartialOverlapDeliversOnlyNewMessages" start time: Sep 25 18:30 +08
Output:
----------------------------------------------------------
Running main() from /Users/zefiepie/Documents/GitHub/parseritch/build-dev/_deps/googletest-src/googletest/src/gtest_main.cc
Note: Google Test filter = MoldUdp64.PartialOverlapDeliversOnlyNewMessages
[==========] Running 1 test from 1 test suite.
[----------] Global test environment set-up.
[----------] 1 test from MoldUdp64
[ RUN      ] MoldUdp64.PartialOverlapDeliversOnlyNewMessages
[       OK ] MoldUdp64.PartialOverlapDeliversOnlyNewMessages (0 ms)
[----------] 1 test from MoldUdp64 (0 ms total)

[----------] Global test environment tear-down
[==========] 1 test from 1 test suite ran. (0 ms total)
[  PASSED  ] 1 test.
<end of output>
Test time =   0.03 sec
----------------------------------------------------------
Test Passed.
"x86-64-v3.MoldUdp64.PartialOverlapDeliversOnlyNewMessages" end time: Sep 25 18:30 +08
"x86-64-v3.MoldUdp64.PartialOverlapDeliversOnlyNewMessages" time elapsed: 00:00:00
----------------------------------------------------------

177/189 Testing: x86-64-v3.MoldUdp64.GapIsReported
177/189 Test: x86-64-v3.MoldUdp64.GapIsReported
Command: "/Users/zefiepie/Documents/GitHub/parseritch/build-dev/itch_tests_avx2" "--gtest_filter=MoldUdp64.GapIsReported" "--gtest_also_run_disabled_tests"
Directory: /Users/zefiepie/Documents/GitHub/parseritch/build-dev
"x86-64-v3.MoldUdp64.GapIsReported" start time: Sep 25 18:30 +08
Output:
----------------------------------------------------------
Running main() from /Users/zefiepie/Documents/GitHub/parseritch/build-dev/_deps/googletest-src/googletest/src/gtest_main.cc
Note: Google Test filter = MoldUdp64.GapIsReported
[==========] Running 1 test from 1 test suite.
[----------] Global test environment set-up.
[----------] 1 test from MoldUdp64
[ RUN      ] MoldUdp64.GapIsReported
[       OK ] MoldUdp64.GapIsReported (0 ms)
[----------] 1 test from MoldUdp64 (0 ms total)

[----------] Global test environment tear-down
[==========] 1 test from 1 test suite ran. (0 ms total)
[  PASSED  ] 1 test.
<end of output>
Test time =   0.03 sec
----------------------------------------------------------
Test Passed.
"x86-64-v3.MoldUdp64.GapIsReported" end time: Sep 25 18:30 +08
"x86-64-v3.MoldUdp64.GapIsReported" time elapsed: 00:00:00
----------------------------------------------------------

178/189 Testing: x86-64-v3.MoldUdp64.HeartbeatAdvancesExpectationAndRevealsGaps
178/189 Test: x86-64-v3.MoldUdp64.HeartbeatAdvancesExpectationAndRevealsGaps
Command: "/Users/zefiepie/Documents/GitHub/parseritch/build-dev/itch_tests_avx2" "--gtest_filter=MoldUdp64.HeartbeatAdvancesExpectationAndRevealsGaps" "--gtest_also_run_disabled_tests"
Directory: /Users/zefiepie/Documents/GitHub/parseritch/build-dev
"x86-64-v3.MoldUdp64.HeartbeatAdvancesExpectationAndRevealsGaps" start time: Sep 25 18:30 +08
Output:
----------------------------------------------------------
Running main() from /Users/zefiepie/Documents/GitHub/parseritch/build-dev/_deps/googletest-src/googletest/src/gtest_main.cc
Note: Google Test filter = MoldUdp64.HeartbeatAdvancesExpectationAndRevealsGaps
[==========] Running 1 test from 1 test suite.
[----------] Global test environment set-up.
[----------] 1 test from MoldUdp64
[ RUN      ] MoldUdp64.HeartbeatAdvancesExpectationAndRevealsGaps
[       OK ] MoldUdp64.HeartbeatAdvancesExpectationAndRevealsGaps (0 ms)
[----------] 1 test from MoldUdp64 (0 ms total)

[----------] Global test environment tear-down
[==========] 1 test from 1 test suite ran. (0 ms total)
[  PASSED  ] 1 test.
<end of output>
Test time =   0.03 sec
----------------------------------------------------------
Test Passed.
"x86-64-v3.MoldUdp64.HeartbeatAdvancesExpectationAndRevealsGaps" end time: Sep 25 18:30 +08
"x86-64-v3.MoldUdp64.HeartbeatAdvancesExpectationAndRevealsGaps" time elapsed: 00:00:00
----------------------------------------------------------

179/189 Testing: x86-64-v3.MoldUdp64.NewSessionRebaselinesSequence
179/189 Test: x86-64-v3.MoldUdp64.NewSessionRebaselinesSequence
Command: "/Users/zefiepie/Documents/GitHub/parseritch/build-dev/itch_tests_avx2" "--gtest_filter=MoldUdp64.NewSessionRebaselinesSequence" "--gtest_also_run_disabled_tests"
Directory: /Users/zefiepie/Documents/GitHub/parseritch/build-dev
"x86-64-v3.MoldUdp64.NewSessionRebaselinesSequence" start time: Sep 25 18:30 +08
Output:
----------------------------------------------------------
Running main() from /Users/zefiepie/Documents/GitHub/parseritch/build-dev/_deps/googletest-src/googletest/src/gtest_main.cc
Note: Google Test filter = MoldUdp64.NewSessionRebaselinesSequence
[==========] Running 1 test from 1 test suite.
[----------] Global test environment set-up.
[----------] 1 test from MoldUdp64
[ RUN      ] MoldUdp64.NewSessionRebaselinesSequence
[       OK ] MoldUdp64.NewSessionRebaselinesSequence (0 ms)
[----------] 1 test from MoldUdp64 (0 ms total)

[----------] Global test environment tear-down
[==========] 1 test from 1 test suite ran. (0 ms total)
[  PASSED  ] 1 test.
<end of output>
Test time =   0.03 sec
----------------------------------------------------------
Test Passed.
"x86-64-v3.MoldUdp64.NewSessionRebaselinesSequence" end time: Sep 25 18:30 +08
"x86-64-v3.MoldUdp64.NewSessionRebaselinesSequence" time elapsed: 00:00:00
----------------------------------------------------------

180/189 Testing: x86-64-v3.MoldUdp64.EndOfSessionAndMalformed
180/189 Test: x86-64-v3.MoldUdp64.EndOfSessionAndMalformed
Command: "/Users/zefiepie/Documents/GitHub/parseritch/build-dev/itch_tests_avx2" "--gtest_filter=MoldUdp64.EndOfSessionAndMalformed" "--gtest_also_run_disabled_tests"
Directory: /Users/zefiepie/Documents/GitHub/parseritch/build-dev
"x86-64-v3.MoldUdp64.EndOfSessionAndMalformed" start time: Sep 25 18:30 +08
Output:
----------------------------------------------------------
Running main() from /Users/zefiepie/Documents/GitHub/parseritch/build-dev/_deps/googletest-src/googletest/src/gtest_main.cc
Note: Google Test filter = MoldUdp64.EndOfSessionAndMalformed
[==========] Running 1 test from 1 test suite.
[----------] Global test environment set-up.
[----------] 1 test from MoldUdp64
[ RUN      ] MoldUdp64.EndOfSessionAndMalformed
[       OK ] MoldUdp64.EndOfSessionAndMalformed (0 ms)
[----------] 1 test from MoldUdp64 (0 ms total)

[----------] Global test environment tear-down
[==========] 1 test from 1 test suite ran. (0 ms total)
[  PASSED  ] 1 test.
<end of output>
Test time =   0.03 sec
----------------------------------------------------------
Test Passed.
"x86-64-v3.MoldUdp64.EndOfSessionAndMalformed" end time: Sep 25 18:30 +08
"x86-64-v3.MoldUdp64.EndOfSessionAndMalformed" time elapsed: 00:00:00
----------------------------------------------------------

181/189 Testing: x86-64-v3.UdpReceiver.ReceivesUnicastDatagramsOnLoopback
181/189 Test: x86-64-v3.UdpReceiver.ReceivesUnicastDatagramsOnLoopback
Command: "/Users/zefiepie/Documents/GitHub/parseritch/build-dev/itch_tests_avx2" "--gtest_filter=UdpReceiver.ReceivesUnicastDatagramsOnLoopback" "--gtest_also_run_disabled_tests"
Directory: /Users/zefiepie/Documents/GitHub/parseritch/build-dev
"x86-64-v3.UdpReceiver.ReceivesUnicastDatagramsOnLoopback" start time: Sep 25 18:30 +08
Output:
----------------------------------------------------------
Running main() from /Users/zefiepie/Documents/GitHub/parseritch/build-dev/_deps/googletest-src/googletest/src/gtest_main.cc
Note: Google Test filter = UdpReceiver.ReceivesUnicastDatagramsOnLoopback
[==========] Running 1 test from 1 test suite.
[----------] Global test environment set-up.
[----------] 1 test from UdpReceiver
[ RUN      ] UdpReceiver.ReceivesUnicastDatagramsOnLoopback
[       OK ] UdpReceiver.ReceivesUnicastDatagramsOnLoopback (0 ms)
[----------] 1 test from UdpReceiver (0 ms total)

[----------] Global test environment tear-down
[==========] 1 test from 1 test suite ran. (0 ms total)
[  PASSED  ] 1 test.
<end of output>
Test time =   0.03 sec
----------------------------------------------------------
Test Passed.
"x86-64-v3.UdpReceiver.ReceivesUnicastDatagramsOnLoopback" end time: Sep 25 18:30 +08
"x86-64-v3.UdpReceiver.ReceivesUnicastDatagramsOnLoopback" time elapsed: 00:00:00
----------------------------------------------------------

182/189 Testing: x86-64-v3.UdpReceiver.RejectsInvalidGroup
182/189 Test: x86-64-v3.UdpReceiver.RejectsInvalidGroup
Command: "/Users/zefiepie/Documents/GitHub/parseritch/build-dev/itch_tests_avx2" "--gtest_filter=UdpReceiver.RejectsInvalidGroup" "--gtest_also_run_disabled_tests"
Directory: /Users/zefiepie/Documents/GitHub/parseritch/build-dev
"x86-64-v3.UdpReceiver.RejectsInvalidGroup" start time: Sep 25 18:30 +08
Output:
----------------------------------------------------------
Running main() from /Users/zefiepie/Documents/GitHub/parseritch/build-dev/_deps/googletest-src/googletest/src/gtest_main.cc
Note: Google Test filter = UdpReceiver.RejectsInvalidGroup
[==========] Running 1 test from 1 test suite.
[----------] Global test environment set-up.
[----------] 1 test from UdpReceiver
[ RUN      ] UdpReceiver.RejectsInvalidGroup
[       OK ] UdpReceiver.RejectsInvalidGroup (0 ms)
[----------] 1 test from UdpReceiver (0 ms total)

[----------] Global test environment tear-down
[==========] 1 test from 1 test suite ran. (0 ms total)
[  PASSED  ] 1 test.
<end of output>
Test time =   0.03 sec
----------------------------------------------------------
Test Passed.
"x86-64-v3.UdpReceiver.RejectsInvalidGroup" end time: Sep 25 18:30 +08
"x86-64-v3.UdpReceiver.RejectsInvalidGroup" time elapsed: 00:00:00
----------------------------------------------------------

183/189 Testing: x86-64-v3.Packet.PlainVlanOptionsAndPadding
183/189 Test: x86-64-v3.Packet.PlainVlanOptionsAndPadding
Command: "/Users/zefiepie/Documents/GitHub/parseritch/build-dev/itch_tests_avx2" "--gtest_filter=Packet.PlainVlanOptionsAndPadding" "--gtest_also_run_disabled_tests"
Directory: /Users/zefiepie/Documents/GitHub/parseritch/build-dev
"x86-64-v3.Packet.PlainVlanOptionsAndPadding" start time: Sep 25 18:30 +08
Output:
----------------------------------------------------------
Running main() from /Users/zefiepie/Documents/GitHub/parseritch/build-dev/_deps/googletest-src/googletest/src/gtest_main.cc
Note: Google Test filter = Packet.PlainVlanOptionsAndPadding
[==========] Running 1 test from 1 test suite.
[----------] Global test environment set-up.
[----------] 1 test from Packet
[ RUN      ] Packet.PlainVlanOptionsAndPadding
[       OK ] Packet.PlainVlanOptionsAndPadding (0 ms)
[----------] 1 test from Packet (0 ms total)

[----------] Global test environment tear-down
[==========] 1 test from 1 test suite ran. (0 ms total)
[  PASSED  ] 1 test.
<end of output>
Test time =   0.03 sec
----------------------------------------------------------
Test Passed.
"x86-64-v3.Packet.PlainVlanOptionsAndPadding" end time: Sep 25 18:30 +08
"x86-64-v3.Packet.PlainVlanOptionsAndPadding" time elapsed: 00:00:00
----------------------------------------------------------

184/189 Testing: x86-64-v3.Packet.RejectsEveryMalformation
184/189 Test: x86-64-v3.Packet.RejectsEveryMalformation
Command: "/Users/zefiepie/Documents/GitHub/parseritch/build-dev/itch_tests_avx2" "--gtest_filter=Packet.RejectsEveryMalformation" "--gtest_also_run_disabled_tests"
Directory: /Users/zefiepie/Documents/GitHub/parseritch/build-dev
"x86-64-v3.Packet.RejectsEveryMalformation" start time: Sep 25 18:30 +08
Output:
----------------------------------------------------------
Running main() from /Users/zefiepie/Documents/GitHub/parseritch/build-dev/_deps/googletest-src/googletest/src/gtest_main.cc
Note: Google Test filter = Packet.RejectsEveryMalformation
[==========] Running 1 test from 1 test suite.
[----------] Global test environment set-up.
[----------] 1 test from Packet
[ RUN      ] Packet.RejectsEveryMalformation
[       OK ] Packet.RejectsEveryMalformation (0 ms)
[----------] 1 test from Packet (0 ms total)

[----------] Global test environment tear-down
[==========] 1 test from 1 test suite ran. (0 ms total)
[  PASSED  ] 1 test.
<end of output>
Test time =   0.03 sec
----------------------------------------------------------
Test Passed.
"x86-64-v3.Packet.RejectsEveryMalformation" end time: Sep 25 18:30 +08
"x86-64-v3.Packet.RejectsEveryMalformation" time elapsed: 00:00:00
----------------------------------------------------------

185/189 Testing: x86-64-v3.Histogram.BucketBoundsContainValueWithinRelativeError
185/189 Test: x86-64-v3.Histogram.BucketBoundsContainValueWithinRelativeError
Command: "/Users/zefiepie/Documents/GitHub/parseritch/build-dev/itch_tests_avx2" "--gtest_filter=Histogram.BucketBoundsContainValueWithinRelativeError" "--gtest_also_run_disabled_tests"
Directory: /Users/zefiepie/Documents/GitHub/parseritch/build-dev
"x86-64-v3.Histogram.BucketBoundsContainValueWithinRelativeError" start time: Sep 25 18:30 +08
Output:
----------------------------------------------------------
Running main() from /Users/zefiepie/Documents/GitHub/parseritch/build-dev/_deps/googletest-src/googletest/src/gtest_main.cc
Note: Google Test filter = Histogram.BucketBoundsContainValueWithinRelativeError
[==========] Running 1 test from 1 test suite.
[----------] Global test environment set-up.
[----------] 1 test from Histogram
[ RUN      ] Histogram.BucketBoundsContainValueWithinRelativeError
[       OK ] Histogram.BucketBoundsContainValueWithinRelativeError (3 ms)
[----------] 1 test from Histogram (3 ms total)

[----------] Global test environment tear-down
[==========] 1 test from 1 test suite ran. (3 ms total)
[  PASSED  ] 1 test.
<end of output>
Test time =   0.03 sec
----------------------------------------------------------
Test Passed.
"x86-64-v3.Histogram.BucketBoundsContainValueWithinRelativeError" end time: Sep 25 18:30 +08
"x86-64-v3.Histogram.BucketBoundsContainValueWithinRelativeError" time elapsed: 00:00:00
----------------------------------------------------------

186/189 Testing: x86-64-v3.Histogram.IndexIsMonotonic
186/189 Test: x86-64-v3.Histogram.IndexIsMonotonic
Command: "/Users/zefiepie/Documents/GitHub/parseritch/build-dev/itch_tests_avx2" "--gtest_filter=Histogram.IndexIsMonotonic" "--gtest_also_run_disabled_tests"
Directory: /Users/zefiepie/Documents/GitHub/parseritch/build-dev
"x86-64-v3.Histogram.IndexIsMonotonic" start time: Sep 25 18:30 +08
Output:
----------------------------------------------------------
Running main() from /Users/zefiepie/Documents/GitHub/parseritch/build-dev/_deps/googletest-src/googletest/src/gtest_main.cc
Note: Google Test filter = Histogram.IndexIsMonotonic
[==========] Running 1 test from 1 test suite.
[----------] Global test environment set-up.
[----------] 1 test from Histogram
[ RUN      ] Histogram.IndexIsMonotonic
[       OK ] Histogram.IndexIsMonotonic (1 ms)
[----------] 1 test from Histogram (1 ms total)

[----------] Global test environment tear-down
[==========] 1 test from 1 test suite ran. (1 ms total)
[  PASSED  ] 1 test.
<end of output>
Test time =   0.03 sec
----------------------------------------------------------
Test Passed.
"x86-64-v3.Histogram.IndexIsMonotonic" end time: Sep 25 18:30 +08
"x86-64-v3.Histogram.IndexIsMonotonic" time elapsed: 00:00:00
----------------------------------------------------------

187/189 Testing: x86-64-v3.Histogram.PercentilesOfUniformDistribution
187/189 Test: x86-64-v3.Histogram.PercentilesOfUniformDistribution
Command: "/Users/zefiepie/Documents/GitHub/parseritch/build-dev/itch_tests_avx2" "--gtest_filter=Histogram.PercentilesOfUniformDistribution" "--gtest_also_run_disabled_tests"
Directory: /Users/zefiepie/Documents/GitHub/parseritch/build-dev
"x86-64-v3.Histogram.PercentilesOfUniformDistribution" start time: Sep 25 18:30 +08
Output:
----------------------------------------------------------
Running main() from /Users/zefiepie/Documents/GitHub/parseritch/build-dev/_deps/googletest-src/googletest/src/gtest_main.cc
Note: Google Test filter = Histogram.PercentilesOfUniformDistribution
[==========] Running 1 test from 1 test suite.
[----------] Global test environment set-up.
[----------] 1 test from Histogram
[ RUN      ] Histogram.PercentilesOfUniformDistribution
[       OK ] Histogram.PercentilesOfUniformDistribution (0 ms)
[----------] 1 test from Histogram (0 ms total)

[----------] Global test environment tear-down
[==========] 1 test from 1 test suite ran. (0 ms total)
[  PASSED  ] 1 test.
<end of output>
Test time =   0.03 sec
----------------------------------------------------------
Test Passed.
"x86-64-v3.Histogram.PercentilesOfUniformDistribution" end time: Sep 25 18:30 +08
"x86-64-v3.Histogram.PercentilesOfUniformDistribution" time elapsed: 00:00:00
----------------------------------------------------------

188/189 Testing: x86-64-v3.Histogram.OutOfRangePercentilesAreClamped
188/189 Test: x86-64-v3.Histogram.OutOfRangePercentilesAreClamped
Command: "/Users/zefiepie/Documents/GitHub/parseritch/build-dev/itch_tests_avx2" "--gtest_filter=Histogram.OutOfRangePercentilesAreClamped" "--gtest_also_run_disabled_tests"
Directory: /Users/zefiepie/Documents/GitHub/parseritch/build-dev
"x86-64-v3.Histogram.OutOfRangePercentilesAreClamped" start time: Sep 25 18:30 +08
Output:
----------------------------------------------------------
Running main() from /Users/zefiepie/Documents/GitHub/parseritch/build-dev/_deps/googletest-src/googletest/src/gtest_main.cc
Note: Google Test filter = Histogram.OutOfRangePercentilesAreClamped
[==========] Running 1 test from 1 test suite.
[----------] Global test environment set-up.
[----------] 1 test from Histogram
[ RUN      ] Histogram.OutOfRangePercentilesAreClamped
[       OK ] Histogram.OutOfRangePercentilesAreClamped (0 ms)
[----------] 1 test from Histogram (0 ms total)

[----------] Global test environment tear-down
[==========] 1 test from 1 test suite ran. (0 ms total)
[  PASSED  ] 1 test.
<end of output>
Test time =   0.03 sec
----------------------------------------------------------
Test Passed.
"x86-64-v3.Histogram.OutOfRangePercentilesAreClamped" end time: Sep 25 18:30 +08
"x86-64-v3.Histogram.OutOfRangePercentilesAreClamped" time elapsed: 00:00:00
----------------------------------------------------------

189/189 Testing: x86-64-v3.Histogram.TailIsNotLost
189/189 Test: x86-64-v3.Histogram.TailIsNotLost
Command: "/Users/zefiepie/Documents/GitHub/parseritch/build-dev/itch_tests_avx2" "--gtest_filter=Histogram.TailIsNotLost" "--gtest_also_run_disabled_tests"
Directory: /Users/zefiepie/Documents/GitHub/parseritch/build-dev
"x86-64-v3.Histogram.TailIsNotLost" start time: Sep 25 18:30 +08
Output:
----------------------------------------------------------
Running main() from /Users/zefiepie/Documents/GitHub/parseritch/build-dev/_deps/googletest-src/googletest/src/gtest_main.cc
Note: Google Test filter = Histogram.TailIsNotLost
[==========] Running 1 test from 1 test suite.
[----------] Global test environment set-up.
[----------] 1 test from Histogram
[ RUN      ] Histogram.TailIsNotLost
[       OK ] Histogram.TailIsNotLost (0 ms)
[----------] 1 test from Histogram (0 ms total)

[----------] Global test environment tear-down
[==========] 1 test from 1 test suite ran. (0 ms total)
[  PASSED  ] 1 test.
<end of output>
Test time =   0.03 sec
----------------------------------------------------------
Test Passed.
"x86-64-v3.Histogram.TailIsNotLost" end time: Sep 25 18:30 +08
"x86-64-v3.Histogram.TailIsNotLost" time elapsed: 00:00:00
----------------------------------------------------------

End testing: Sep 25 18:30 +08
